[2026-02-19 18:32:28] [INFO] [fetch.all] ============================================================
[2026-02-19 18:32:28] [INFO] [fetch.all] FETCH ALL DATA SOURCES
[2026-02-19 18:32:28] [INFO] [fetch.all] ============================================================
[2026-02-19 18:32:28] [INFO] [fetch.all] Running fetch_zillow_zhvi_metro.py ...
[2026-02-19 18:32:28] [ERROR] [fetch.all]   FAILED: fetch_zillow_zhvi_metro.py
Traceback (most recent call last):
  File "D:\Users\Logan\Documents\GitHub\qm2023-capstone-1st-row-team\code\fetch\fetch_zillow_zhvi_metro.py", line 10, in <module>
    from fetch._fetch_utils import fetch_by_tag, logger
  File "D:\Users\Logan\Documents\GitHub\qm2023-capstone-1st-row-team\code\fetch\_fetch_utils.py", line 20, in <module>
    from config_paths import RAW_DATA_DIR, CONFIG_DIR
  File "D:\Users\Logan\Documents\GitHub\qm2023-capstone-1st-row-team\code\config_paths.py", line 104, in <module>
    ensure_directories()
    ~~~~~~~~~~~~~~~~~~^^
  File "D:\Users\Logan\Documents\GitHub\qm2023-capstone-1st-row-team\code\config_paths.py", line 101, in ensure_directories
    print(f"\u2713 Project structure verified at: {PROJECT_ROOT}")
    ~~~~~^^^^^^^^^^^^^^^^^^^^^^^^^^^^^^^^^^^^^^^^^^^^^^^^^^^^^^^^^
  File "C:\Program Files\WindowsApps\PythonSoftwareFoundation.Python.3.13_3.13.3312.0_x64__qbz5n2kfra8p0\Lib\encodings\cp1252.py", line 19, in encode
    return codecs.charmap_encode(input,self.errors,encoding_table)[0]
           ~~~~~~~~~~~~~~~~~~~~~^^^^^^^^^^^^^^^^^^^^^^^^^^^^^^^^^^
UnicodeEncodeError: 'charmap' codec can't encode character '\u2713' in position 0: character maps to <undefined>

[2026-02-19 18:32:28] [INFO] [fetch.all] Running fetch_zillow_zhvi_state.py ...
[2026-02-19 18:32:28] [ERROR] [fetch.all]   FAILED: fetch_zillow_zhvi_state.py
Traceback (most recent call last):
  File "D:\Users\Logan\Documents\GitHub\qm2023-capstone-1st-row-team\code\fetch\fetch_zillow_zhvi_state.py", line 10, in <module>
    from fetch._fetch_utils import fetch_by_tag, logger
  File "D:\Users\Logan\Documents\GitHub\qm2023-capstone-1st-row-team\code\fetch\_fetch_utils.py", line 20, in <module>
    from config_paths import RAW_DATA_DIR, CONFIG_DIR
  File "D:\Users\Logan\Documents\GitHub\qm2023-capstone-1st-row-team\code\config_paths.py", line 104, in <module>
    ensure_directories()
    ~~~~~~~~~~~~~~~~~~^^
  File "D:\Users\Logan\Documents\GitHub\qm2023-capstone-1st-row-team\code\config_paths.py", line 101, in ensure_directories
    print(f"\u2713 Project structure verified at: {PROJECT_ROOT}")
    ~~~~~^^^^^^^^^^^^^^^^^^^^^^^^^^^^^^^^^^^^^^^^^^^^^^^^^^^^^^^^^
  File "C:\Program Files\WindowsApps\PythonSoftwareFoundation.Python.3.13_3.13.3312.0_x64__qbz5n2kfra8p0\Lib\encodings\cp1252.py", line 19, in encode
    return codecs.charmap_encode(input,self.errors,encoding_table)[0]
           ~~~~~~~~~~~~~~~~~~~~~^^^^^^^^^^^^^^^^^^^^^^^^^^^^^^^^^^
UnicodeEncodeError: 'charmap' codec can't encode character '\u2713' in position 0: character maps to <undefined>

[2026-02-19 18:32:28] [INFO] [fetch.all] Running fetch_zillow_zhvf_growth.py ...
[2026-02-19 18:32:28] [ERROR] [fetch.all]   FAILED: fetch_zillow_zhvf_growth.py
Traceback (most recent call last):
  File "D:\Users\Logan\Documents\GitHub\qm2023-capstone-1st-row-team\code\fetch\fetch_zillow_zhvf_growth.py", line 10, in <module>
    from fetch._fetch_utils import fetch_by_tag, logger
  File "D:\Users\Logan\Documents\GitHub\qm2023-capstone-1st-row-team\code\fetch\_fetch_utils.py", line 20, in <module>
    from config_paths import RAW_DATA_DIR, CONFIG_DIR
  File "D:\Users\Logan\Documents\GitHub\qm2023-capstone-1st-row-team\code\config_paths.py", line 104, in <module>
    ensure_directories()
    ~~~~~~~~~~~~~~~~~~^^
  File "D:\Users\Logan\Documents\GitHub\qm2023-capstone-1st-row-team\code\config_paths.py", line 101, in ensure_directories
    print(f"\u2713 Project structure verified at: {PROJECT_ROOT}")
    ~~~~~^^^^^^^^^^^^^^^^^^^^^^^^^^^^^^^^^^^^^^^^^^^^^^^^^^^^^^^^^
  File "C:\Program Files\WindowsApps\PythonSoftwareFoundation.Python.3.13_3.13.3312.0_x64__qbz5n2kfra8p0\Lib\encodings\cp1252.py", line 19, in encode
    return codecs.charmap_encode(input,self.errors,encoding_table)[0]
           ~~~~~~~~~~~~~~~~~~~~~^^^^^^^^^^^^^^^^^^^^^^^^^^^^^^^^^^
UnicodeEncodeError: 'charmap' codec can't encode character '\u2713' in position 0: character maps to <undefined>

[2026-02-19 18:32:28] [INFO] [fetch.all] Running fetch_zillow_zori.py ...
[2026-02-19 18:32:28] [ERROR] [fetch.all]   FAILED: fetch_zillow_zori.py
Traceback (most recent call last):
  File "D:\Users\Logan\Documents\GitHub\qm2023-capstone-1st-row-team\code\fetch\fetch_zillow_zori.py", line 10, in <module>
    from fetch._fetch_utils import fetch_by_tag, logger
  File "D:\Users\Logan\Documents\GitHub\qm2023-capstone-1st-row-team\code\fetch\_fetch_utils.py", line 20, in <module>
    from config_paths import RAW_DATA_DIR, CONFIG_DIR
  File "D:\Users\Logan\Documents\GitHub\qm2023-capstone-1st-row-team\code\config_paths.py", line 104, in <module>
    ensure_directories()
    ~~~~~~~~~~~~~~~~~~^^
  File "D:\Users\Logan\Documents\GitHub\qm2023-capstone-1st-row-team\code\config_paths.py", line 101, in ensure_directories
    print(f"\u2713 Project structure verified at: {PROJECT_ROOT}")
    ~~~~~^^^^^^^^^^^^^^^^^^^^^^^^^^^^^^^^^^^^^^^^^^^^^^^^^^^^^^^^^
  File "C:\Program Files\WindowsApps\PythonSoftwareFoundation.Python.3.13_3.13.3312.0_x64__qbz5n2kfra8p0\Lib\encodings\cp1252.py", line 19, in encode
    return codecs.charmap_encode(input,self.errors,encoding_table)[0]
           ~~~~~~~~~~~~~~~~~~~~~^^^^^^^^^^^^^^^^^^^^^^^^^^^^^^^^^^
UnicodeEncodeError: 'charmap' codec can't encode character '\u2713' in position 0: character maps to <undefined>

[2026-02-19 18:32:28] [INFO] [fetch.all] Running fetch_zillow_zorf_growth.py ...
[2026-02-19 18:32:28] [ERROR] [fetch.all]   FAILED: fetch_zillow_zorf_growth.py
Traceback (most recent call last):
  File "D:\Users\Logan\Documents\GitHub\qm2023-capstone-1st-row-team\code\fetch\fetch_zillow_zorf_growth.py", line 10, in <module>
    from fetch._fetch_utils import fetch_by_tag, logger
  File "D:\Users\Logan\Documents\GitHub\qm2023-capstone-1st-row-team\code\fetch\_fetch_utils.py", line 20, in <module>
    from config_paths import RAW_DATA_DIR, CONFIG_DIR
  File "D:\Users\Logan\Documents\GitHub\qm2023-capstone-1st-row-team\code\config_paths.py", line 104, in <module>
    ensure_directories()
    ~~~~~~~~~~~~~~~~~~^^
  File "D:\Users\Logan\Documents\GitHub\qm2023-capstone-1st-row-team\code\config_paths.py", line 101, in ensure_directories
    print(f"\u2713 Project structure verified at: {PROJECT_ROOT}")
    ~~~~~^^^^^^^^^^^^^^^^^^^^^^^^^^^^^^^^^^^^^^^^^^^^^^^^^^^^^^^^^
  File "C:\Program Files\WindowsApps\PythonSoftwareFoundation.Python.3.13_3.13.3312.0_x64__qbz5n2kfra8p0\Lib\encodings\cp1252.py", line 19, in encode
    return codecs.charmap_encode(input,self.errors,encoding_table)[0]
           ~~~~~~~~~~~~~~~~~~~~~^^^^^^^^^^^^^^^^^^^^^^^^^^^^^^^^^^
UnicodeEncodeError: 'charmap' codec can't encode character '\u2713' in position 0: character maps to <undefined>

[2026-02-19 18:32:28] [INFO] [fetch.all] Running fetch_zillow_inventory.py ...
[2026-02-19 18:32:29] [ERROR] [fetch.all]   FAILED: fetch_zillow_inventory.py
Traceback (most recent call last):
  File "D:\Users\Logan\Documents\GitHub\qm2023-capstone-1st-row-team\code\fetch\fetch_zillow_inventory.py", line 10, in <module>
    from fetch._fetch_utils import fetch_by_tag, logger
  File "D:\Users\Logan\Documents\GitHub\qm2023-capstone-1st-row-team\code\fetch\_fetch_utils.py", line 20, in <module>
    from config_paths import RAW_DATA_DIR, CONFIG_DIR
  File "D:\Users\Logan\Documents\GitHub\qm2023-capstone-1st-row-team\code\config_paths.py", line 104, in <module>
    ensure_directories()
    ~~~~~~~~~~~~~~~~~~^^
  File "D:\Users\Logan\Documents\GitHub\qm2023-capstone-1st-row-team\code\config_paths.py", line 101, in ensure_directories
    print(f"\u2713 Project structure verified at: {PROJECT_ROOT}")
    ~~~~~^^^^^^^^^^^^^^^^^^^^^^^^^^^^^^^^^^^^^^^^^^^^^^^^^^^^^^^^^
  File "C:\Program Files\WindowsApps\PythonSoftwareFoundation.Python.3.13_3.13.3312.0_x64__qbz5n2kfra8p0\Lib\encodings\cp1252.py", line 19, in encode
    return codecs.charmap_encode(input,self.errors,encoding_table)[0]
           ~~~~~~~~~~~~~~~~~~~~~^^^^^^^^^^^^^^^^^^^^^^^^^^^^^^^^^^
UnicodeEncodeError: 'charmap' codec can't encode character '\u2713' in position 0: character maps to <undefined>

[2026-02-19 18:32:29] [INFO] [fetch.all] Running fetch_zillow_sales_count.py ...
[2026-02-19 18:32:29] [ERROR] [fetch.all]   FAILED: fetch_zillow_sales_count.py
Traceback (most recent call last):
  File "D:\Users\Logan\Documents\GitHub\qm2023-capstone-1st-row-team\code\fetch\fetch_zillow_sales_count.py", line 10, in <module>
    from fetch._fetch_utils import fetch_by_tag, logger
  File "D:\Users\Logan\Documents\GitHub\qm2023-capstone-1st-row-team\code\fetch\_fetch_utils.py", line 20, in <module>
    from config_paths import RAW_DATA_DIR, CONFIG_DIR
  File "D:\Users\Logan\Documents\GitHub\qm2023-capstone-1st-row-team\code\config_paths.py", line 104, in <module>
    ensure_directories()
    ~~~~~~~~~~~~~~~~~~^^
  File "D:\Users\Logan\Documents\GitHub\qm2023-capstone-1st-row-team\code\config_paths.py", line 101, in ensure_directories
    print(f"\u2713 Project structure verified at: {PROJECT_ROOT}")
    ~~~~~^^^^^^^^^^^^^^^^^^^^^^^^^^^^^^^^^^^^^^^^^^^^^^^^^^^^^^^^^
  File "C:\Program Files\WindowsApps\PythonSoftwareFoundation.Python.3.13_3.13.3312.0_x64__qbz5n2kfra8p0\Lib\encodings\cp1252.py", line 19, in encode
    return codecs.charmap_encode(input,self.errors,encoding_table)[0]
           ~~~~~~~~~~~~~~~~~~~~~^^^^^^^^^^^^^^^^^^^^^^^^^^^^^^^^^^
UnicodeEncodeError: 'charmap' codec can't encode character '\u2713' in position 0: character maps to <undefined>

[2026-02-19 18:32:29] [INFO] [fetch.all] Running fetch_zillow_days_on_market.py ...
[2026-02-19 18:32:29] [ERROR] [fetch.all]   FAILED: fetch_zillow_days_on_market.py
Traceback (most recent call last):
  File "D:\Users\Logan\Documents\GitHub\qm2023-capstone-1st-row-team\code\fetch\fetch_zillow_days_on_market.py", line 10, in <module>
    from fetch._fetch_utils import fetch_by_tag, logger
  File "D:\Users\Logan\Documents\GitHub\qm2023-capstone-1st-row-team\code\fetch\_fetch_utils.py", line 20, in <module>
    from config_paths import RAW_DATA_DIR, CONFIG_DIR
  File "D:\Users\Logan\Documents\GitHub\qm2023-capstone-1st-row-team\code\config_paths.py", line 104, in <module>
    ensure_directories()
    ~~~~~~~~~~~~~~~~~~^^
  File "D:\Users\Logan\Documents\GitHub\qm2023-capstone-1st-row-team\code\config_paths.py", line 101, in ensure_directories
    print(f"\u2713 Project structure verified at: {PROJECT_ROOT}")
    ~~~~~^^^^^^^^^^^^^^^^^^^^^^^^^^^^^^^^^^^^^^^^^^^^^^^^^^^^^^^^^
  File "C:\Program Files\WindowsApps\PythonSoftwareFoundation.Python.3.13_3.13.3312.0_x64__qbz5n2kfra8p0\Lib\encodings\cp1252.py", line 19, in encode
    return codecs.charmap_encode(input,self.errors,encoding_table)[0]
           ~~~~~~~~~~~~~~~~~~~~~^^^^^^^^^^^^^^^^^^^^^^^^^^^^^^^^^^
UnicodeEncodeError: 'charmap' codec can't encode character '\u2713' in position 0: character maps to <undefined>

[2026-02-19 18:32:29] [INFO] [fetch.all] Running fetch_zillow_market_temp.py ...
[2026-02-19 18:32:29] [ERROR] [fetch.all]   FAILED: fetch_zillow_market_temp.py
Traceback (most recent call last):
  File "D:\Users\Logan\Documents\GitHub\qm2023-capstone-1st-row-team\code\fetch\fetch_zillow_market_temp.py", line 10, in <module>
    from fetch._fetch_utils import fetch_by_tag, logger
  File "D:\Users\Logan\Documents\GitHub\qm2023-capstone-1st-row-team\code\fetch\_fetch_utils.py", line 20, in <module>
    from config_paths import RAW_DATA_DIR, CONFIG_DIR
  File "D:\Users\Logan\Documents\GitHub\qm2023-capstone-1st-row-team\code\config_paths.py", line 104, in <module>
    ensure_directories()
    ~~~~~~~~~~~~~~~~~~^^
  File "D:\Users\Logan\Documents\GitHub\qm2023-capstone-1st-row-team\code\config_paths.py", line 101, in ensure_directories
    print(f"\u2713 Project structure verified at: {PROJECT_ROOT}")
    ~~~~~^^^^^^^^^^^^^^^^^^^^^^^^^^^^^^^^^^^^^^^^^^^^^^^^^^^^^^^^^
  File "C:\Program Files\WindowsApps\PythonSoftwareFoundation.Python.3.13_3.13.3312.0_x64__qbz5n2kfra8p0\Lib\encodings\cp1252.py", line 19, in encode
    return codecs.charmap_encode(input,self.errors,encoding_table)[0]
           ~~~~~~~~~~~~~~~~~~~~~^^^^^^^^^^^^^^^^^^^^^^^^^^^^^^^^^^
UnicodeEncodeError: 'charmap' codec can't encode character '\u2713' in position 0: character maps to <undefined>

[2026-02-19 18:32:29] [INFO] [fetch.all] Running fetch_zillow_new_construction.py ...
[2026-02-19 18:32:29] [ERROR] [fetch.all]   FAILED: fetch_zillow_new_construction.py
Traceback (most recent call last):
  File "D:\Users\Logan\Documents\GitHub\qm2023-capstone-1st-row-team\code\fetch\fetch_zillow_new_construction.py", line 10, in <module>
    from fetch._fetch_utils import fetch_by_tag, logger
  File "D:\Users\Logan\Documents\GitHub\qm2023-capstone-1st-row-team\code\fetch\_fetch_utils.py", line 20, in <module>
    from config_paths import RAW_DATA_DIR, CONFIG_DIR
  File "D:\Users\Logan\Documents\GitHub\qm2023-capstone-1st-row-team\code\config_paths.py", line 104, in <module>
    ensure_directories()
    ~~~~~~~~~~~~~~~~~~^^
  File "D:\Users\Logan\Documents\GitHub\qm2023-capstone-1st-row-team\code\config_paths.py", line 101, in ensure_directories
    print(f"\u2713 Project structure verified at: {PROJECT_ROOT}")
    ~~~~~^^^^^^^^^^^^^^^^^^^^^^^^^^^^^^^^^^^^^^^^^^^^^^^^^^^^^^^^^
  File "C:\Program Files\WindowsApps\PythonSoftwareFoundation.Python.3.13_3.13.3312.0_x64__qbz5n2kfra8p0\Lib\encodings\cp1252.py", line 19, in encode
    return codecs.charmap_encode(input,self.errors,encoding_table)[0]
           ~~~~~~~~~~~~~~~~~~~~~^^^^^^^^^^^^^^^^^^^^^^^^^^^^^^^^^^
UnicodeEncodeError: 'charmap' codec can't encode character '\u2713' in position 0: character maps to <undefined>

[2026-02-19 18:32:29] [INFO] [fetch.all] Running fetch_zillow_income_needed.py ...
[2026-02-19 18:32:29] [ERROR] [fetch.all]   FAILED: fetch_zillow_income_needed.py
Traceback (most recent call last):
  File "D:\Users\Logan\Documents\GitHub\qm2023-capstone-1st-row-team\code\fetch\fetch_zillow_income_needed.py", line 10, in <module>
    from fetch._fetch_utils import fetch_by_tag, logger
  File "D:\Users\Logan\Documents\GitHub\qm2023-capstone-1st-row-team\code\fetch\_fetch_utils.py", line 20, in <module>
    from config_paths import RAW_DATA_DIR, CONFIG_DIR
  File "D:\Users\Logan\Documents\GitHub\qm2023-capstone-1st-row-team\code\config_paths.py", line 104, in <module>
    ensure_directories()
    ~~~~~~~~~~~~~~~~~~^^
  File "D:\Users\Logan\Documents\GitHub\qm2023-capstone-1st-row-team\code\config_paths.py", line 101, in ensure_directories
    print(f"\u2713 Project structure verified at: {PROJECT_ROOT}")
    ~~~~~^^^^^^^^^^^^^^^^^^^^^^^^^^^^^^^^^^^^^^^^^^^^^^^^^^^^^^^^^
  File "C:\Program Files\WindowsApps\PythonSoftwareFoundation.Python.3.13_3.13.3312.0_x64__qbz5n2kfra8p0\Lib\encodings\cp1252.py", line 19, in encode
    return codecs.charmap_encode(input,self.errors,encoding_table)[0]
           ~~~~~~~~~~~~~~~~~~~~~^^^^^^^^^^^^^^^^^^^^^^^^^^^^^^^^^^
UnicodeEncodeError: 'charmap' codec can't encode character '\u2713' in position 0: character maps to <undefined>

[2026-02-19 18:32:29] [INFO] [fetch.all] Running fetch_noaa_hurdat2.py ...
[2026-02-19 18:32:30] [ERROR] [fetch.all]   FAILED: fetch_noaa_hurdat2.py
Traceback (most recent call last):
  File "D:\Users\Logan\Documents\GitHub\qm2023-capstone-1st-row-team\code\fetch\fetch_noaa_hurdat2.py", line 11, in <module>
    from config_paths import RAW_DATA_DIR
  File "D:\Users\Logan\Documents\GitHub\qm2023-capstone-1st-row-team\code\config_paths.py", line 104, in <module>
    ensure_directories()
    ~~~~~~~~~~~~~~~~~~^^
  File "D:\Users\Logan\Documents\GitHub\qm2023-capstone-1st-row-team\code\config_paths.py", line 101, in ensure_directories
    print(f"\u2713 Project structure verified at: {PROJECT_ROOT}")
    ~~~~~^^^^^^^^^^^^^^^^^^^^^^^^^^^^^^^^^^^^^^^^^^^^^^^^^^^^^^^^^
  File "C:\Program Files\WindowsApps\PythonSoftwareFoundation.Python.3.13_3.13.3312.0_x64__qbz5n2kfra8p0\Lib\encodings\cp1252.py", line 19, in encode
    return codecs.charmap_encode(input,self.errors,encoding_table)[0]
           ~~~~~~~~~~~~~~~~~~~~~^^^^^^^^^^^^^^^^^^^^^^^^^^^^^^^^^^
UnicodeEncodeError: 'charmap' codec can't encode character '\u2713' in position 0: character maps to <undefined>

[2026-02-19 18:32:30] [INFO] [fetch.all] Running fetch_noaa_economic_impacts.py ...
[2026-02-19 18:32:30] [ERROR] [fetch.all]   FAILED: fetch_noaa_economic_impacts.py
Traceback (most recent call last):
  File "D:\Users\Logan\Documents\GitHub\qm2023-capstone-1st-row-team\code\fetch\fetch_noaa_economic_impacts.py", line 10, in <module>
    from fetch._fetch_utils import fetch_by_tag, logger
  File "D:\Users\Logan\Documents\GitHub\qm2023-capstone-1st-row-team\code\fetch\_fetch_utils.py", line 20, in <module>
    from config_paths import RAW_DATA_DIR, CONFIG_DIR
  File "D:\Users\Logan\Documents\GitHub\qm2023-capstone-1st-row-team\code\config_paths.py", line 104, in <module>
    ensure_directories()
    ~~~~~~~~~~~~~~~~~~^^
  File "D:\Users\Logan\Documents\GitHub\qm2023-capstone-1st-row-team\code\config_paths.py", line 101, in ensure_directories
    print(f"\u2713 Project structure verified at: {PROJECT_ROOT}")
    ~~~~~^^^^^^^^^^^^^^^^^^^^^^^^^^^^^^^^^^^^^^^^^^^^^^^^^^^^^^^^^
  File "C:\Program Files\WindowsApps\PythonSoftwareFoundation.Python.3.13_3.13.3312.0_x64__qbz5n2kfra8p0\Lib\encodings\cp1252.py", line 19, in encode
    return codecs.charmap_encode(input,self.errors,encoding_table)[0]
           ~~~~~~~~~~~~~~~~~~~~~^^^^^^^^^^^^^^^^^^^^^^^^^^^^^^^^^^
UnicodeEncodeError: 'charmap' codec can't encode character '\u2713' in position 0: character maps to <undefined>

[2026-02-19 18:32:30] [INFO] [fetch.all] ============================================================
[2026-02-19 18:32:30] [INFO] [fetch.all] Fetch complete: 0 succeeded, 13 failed
[2026-02-19 18:32:30] [WARNING] [fetch.all] Failed scripts: fetch_zillow_zhvi_metro.py, fetch_zillow_zhvi_state.py, fetch_zillow_zhvf_growth.py, fetch_zillow_zori.py, fetch_zillow_zorf_growth.py, fetch_zillow_inventory.py, fetch_zillow_sales_count.py, fetch_zillow_days_on_market.py, fetch_zillow_market_temp.py, fetch_zillow_new_construction.py, fetch_zillow_income_needed.py, fetch_noaa_hurdat2.py, fetch_noaa_economic_impacts.py
[2026-02-19 18:32:30] [INFO] [fetch.all] ============================================================
[2026-02-19 23:10:36] [INFO] [fetch.all] ============================================================
[2026-02-19 23:10:36] [INFO] [fetch.all] FETCH ALL DATA SOURCES
[2026-02-19 23:10:36] [INFO] [fetch.all] ============================================================
[2026-02-19 23:10:36] [INFO] [fetch.all] Running fetch_zillow_zhvi_metro.py ...
[2026-02-19 23:10:37] [ERROR] [fetch.all]   FAILED: fetch_zillow_zhvi_metro.py
Traceback (most recent call last):
  File "D:\Users\Logan\Documents\GitHub\qm2023-capstone-1st-row-team\code\fetch\fetch_zillow_zhvi_metro.py", line 10, in <module>
    from fetch._fetch_utils import fetch_by_tag, logger
  File "D:\Users\Logan\Documents\GitHub\qm2023-capstone-1st-row-team\code\fetch\_fetch_utils.py", line 20, in <module>
    from config_paths import RAW_DATA_DIR, CONFIG_DIR
  File "D:\Users\Logan\Documents\GitHub\qm2023-capstone-1st-row-team\code\config_paths.py", line 106, in <module>
    ensure_directories()
    ~~~~~~~~~~~~~~~~~~^^
  File "D:\Users\Logan\Documents\GitHub\qm2023-capstone-1st-row-team\code\config_paths.py", line 103, in ensure_directories
    print(f"\u2713 Project structure verified at: {PROJECT_ROOT}")
    ~~~~~^^^^^^^^^^^^^^^^^^^^^^^^^^^^^^^^^^^^^^^^^^^^^^^^^^^^^^^^^
  File "C:\Program Files\WindowsApps\PythonSoftwareFoundation.Python.3.13_3.13.3312.0_x64__qbz5n2kfra8p0\Lib\encodings\cp1252.py", line 19, in encode
    return codecs.charmap_encode(input,self.errors,encoding_table)[0]
           ~~~~~~~~~~~~~~~~~~~~~^^^^^^^^^^^^^^^^^^^^^^^^^^^^^^^^^^
UnicodeEncodeError: 'charmap' codec can't encode character '\u2713' in position 0: character maps to <undefined>

[2026-02-19 23:10:37] [INFO] [fetch.all] Running fetch_zillow_zhvi_state.py ...
[2026-02-19 23:10:37] [ERROR] [fetch.all]   FAILED: fetch_zillow_zhvi_state.py
Traceback (most recent call last):
  File "D:\Users\Logan\Documents\GitHub\qm2023-capstone-1st-row-team\code\fetch\fetch_zillow_zhvi_state.py", line 10, in <module>
    from fetch._fetch_utils import fetch_by_tag, logger
  File "D:\Users\Logan\Documents\GitHub\qm2023-capstone-1st-row-team\code\fetch\_fetch_utils.py", line 20, in <module>
    from config_paths import RAW_DATA_DIR, CONFIG_DIR
  File "D:\Users\Logan\Documents\GitHub\qm2023-capstone-1st-row-team\code\config_paths.py", line 106, in <module>
    ensure_directories()
    ~~~~~~~~~~~~~~~~~~^^
  File "D:\Users\Logan\Documents\GitHub\qm2023-capstone-1st-row-team\code\config_paths.py", line 103, in ensure_directories
    print(f"\u2713 Project structure verified at: {PROJECT_ROOT}")
    ~~~~~^^^^^^^^^^^^^^^^^^^^^^^^^^^^^^^^^^^^^^^^^^^^^^^^^^^^^^^^^
  File "C:\Program Files\WindowsApps\PythonSoftwareFoundation.Python.3.13_3.13.3312.0_x64__qbz5n2kfra8p0\Lib\encodings\cp1252.py", line 19, in encode
    return codecs.charmap_encode(input,self.errors,encoding_table)[0]
           ~~~~~~~~~~~~~~~~~~~~~^^^^^^^^^^^^^^^^^^^^^^^^^^^^^^^^^^
UnicodeEncodeError: 'charmap' codec can't encode character '\u2713' in position 0: character maps to <undefined>

[2026-02-19 23:10:37] [INFO] [fetch.all] Running fetch_zillow_zhvf_growth.py ...
[2026-02-19 23:10:37] [ERROR] [fetch.all]   FAILED: fetch_zillow_zhvf_growth.py
Traceback (most recent call last):
  File "D:\Users\Logan\Documents\GitHub\qm2023-capstone-1st-row-team\code\fetch\fetch_zillow_zhvf_growth.py", line 10, in <module>
    from fetch._fetch_utils import fetch_by_tag, logger
  File "D:\Users\Logan\Documents\GitHub\qm2023-capstone-1st-row-team\code\fetch\_fetch_utils.py", line 20, in <module>
    from config_paths import RAW_DATA_DIR, CONFIG_DIR
  File "D:\Users\Logan\Documents\GitHub\qm2023-capstone-1st-row-team\code\config_paths.py", line 106, in <module>
    ensure_directories()
    ~~~~~~~~~~~~~~~~~~^^
  File "D:\Users\Logan\Documents\GitHub\qm2023-capstone-1st-row-team\code\config_paths.py", line 103, in ensure_directories
    print(f"\u2713 Project structure verified at: {PROJECT_ROOT}")
    ~~~~~^^^^^^^^^^^^^^^^^^^^^^^^^^^^^^^^^^^^^^^^^^^^^^^^^^^^^^^^^
  File "C:\Program Files\WindowsApps\PythonSoftwareFoundation.Python.3.13_3.13.3312.0_x64__qbz5n2kfra8p0\Lib\encodings\cp1252.py", line 19, in encode
    return codecs.charmap_encode(input,self.errors,encoding_table)[0]
           ~~~~~~~~~~~~~~~~~~~~~^^^^^^^^^^^^^^^^^^^^^^^^^^^^^^^^^^
UnicodeEncodeError: 'charmap' codec can't encode character '\u2713' in position 0: character maps to <undefined>

[2026-02-19 23:10:37] [INFO] [fetch.all] Running fetch_zillow_zori.py ...
[2026-02-19 23:10:37] [ERROR] [fetch.all]   FAILED: fetch_zillow_zori.py
Traceback (most recent call last):
  File "D:\Users\Logan\Documents\GitHub\qm2023-capstone-1st-row-team\code\fetch\fetch_zillow_zori.py", line 10, in <module>
    from fetch._fetch_utils import fetch_by_tag, logger
  File "D:\Users\Logan\Documents\GitHub\qm2023-capstone-1st-row-team\code\fetch\_fetch_utils.py", line 20, in <module>
    from config_paths import RAW_DATA_DIR, CONFIG_DIR
  File "D:\Users\Logan\Documents\GitHub\qm2023-capstone-1st-row-team\code\config_paths.py", line 106, in <module>
    ensure_directories()
    ~~~~~~~~~~~~~~~~~~^^
  File "D:\Users\Logan\Documents\GitHub\qm2023-capstone-1st-row-team\code\config_paths.py", line 103, in ensure_directories
    print(f"\u2713 Project structure verified at: {PROJECT_ROOT}")
    ~~~~~^^^^^^^^^^^^^^^^^^^^^^^^^^^^^^^^^^^^^^^^^^^^^^^^^^^^^^^^^
  File "C:\Program Files\WindowsApps\PythonSoftwareFoundation.Python.3.13_3.13.3312.0_x64__qbz5n2kfra8p0\Lib\encodings\cp1252.py", line 19, in encode
    return codecs.charmap_encode(input,self.errors,encoding_table)[0]
           ~~~~~~~~~~~~~~~~~~~~~^^^^^^^^^^^^^^^^^^^^^^^^^^^^^^^^^^
UnicodeEncodeError: 'charmap' codec can't encode character '\u2713' in position 0: character maps to <undefined>

[2026-02-19 23:10:37] [INFO] [fetch.all] Running fetch_zillow_zorf_growth.py ...
[2026-02-19 23:10:37] [ERROR] [fetch.all]   FAILED: fetch_zillow_zorf_growth.py
Traceback (most recent call last):
  File "D:\Users\Logan\Documents\GitHub\qm2023-capstone-1st-row-team\code\fetch\fetch_zillow_zorf_growth.py", line 10, in <module>
    from fetch._fetch_utils import fetch_by_tag, logger
  File "D:\Users\Logan\Documents\GitHub\qm2023-capstone-1st-row-team\code\fetch\_fetch_utils.py", line 20, in <module>
    from config_paths import RAW_DATA_DIR, CONFIG_DIR
  File "D:\Users\Logan\Documents\GitHub\qm2023-capstone-1st-row-team\code\config_paths.py", line 106, in <module>
    ensure_directories()
    ~~~~~~~~~~~~~~~~~~^^
  File "D:\Users\Logan\Documents\GitHub\qm2023-capstone-1st-row-team\code\config_paths.py", line 103, in ensure_directories
    print(f"\u2713 Project structure verified at: {PROJECT_ROOT}")
    ~~~~~^^^^^^^^^^^^^^^^^^^^^^^^^^^^^^^^^^^^^^^^^^^^^^^^^^^^^^^^^
  File "C:\Program Files\WindowsApps\PythonSoftwareFoundation.Python.3.13_3.13.3312.0_x64__qbz5n2kfra8p0\Lib\encodings\cp1252.py", line 19, in encode
    return codecs.charmap_encode(input,self.errors,encoding_table)[0]
           ~~~~~~~~~~~~~~~~~~~~~^^^^^^^^^^^^^^^^^^^^^^^^^^^^^^^^^^
UnicodeEncodeError: 'charmap' codec can't encode character '\u2713' in position 0: character maps to <undefined>

[2026-02-19 23:10:37] [INFO] [fetch.all] Running fetch_zillow_inventory.py ...
[2026-02-19 23:10:37] [ERROR] [fetch.all]   FAILED: fetch_zillow_inventory.py
Traceback (most recent call last):
  File "D:\Users\Logan\Documents\GitHub\qm2023-capstone-1st-row-team\code\fetch\fetch_zillow_inventory.py", line 10, in <module>
    from fetch._fetch_utils import fetch_by_tag, logger
  File "D:\Users\Logan\Documents\GitHub\qm2023-capstone-1st-row-team\code\fetch\_fetch_utils.py", line 20, in <module>
    from config_paths import RAW_DATA_DIR, CONFIG_DIR
  File "D:\Users\Logan\Documents\GitHub\qm2023-capstone-1st-row-team\code\config_paths.py", line 106, in <module>
    ensure_directories()
    ~~~~~~~~~~~~~~~~~~^^
  File "D:\Users\Logan\Documents\GitHub\qm2023-capstone-1st-row-team\code\config_paths.py", line 103, in ensure_directories
    print(f"\u2713 Project structure verified at: {PROJECT_ROOT}")
    ~~~~~^^^^^^^^^^^^^^^^^^^^^^^^^^^^^^^^^^^^^^^^^^^^^^^^^^^^^^^^^
  File "C:\Program Files\WindowsApps\PythonSoftwareFoundation.Python.3.13_3.13.3312.0_x64__qbz5n2kfra8p0\Lib\encodings\cp1252.py", line 19, in encode
    return codecs.charmap_encode(input,self.errors,encoding_table)[0]
           ~~~~~~~~~~~~~~~~~~~~~^^^^^^^^^^^^^^^^^^^^^^^^^^^^^^^^^^
UnicodeEncodeError: 'charmap' codec can't encode character '\u2713' in position 0: character maps to <undefined>

[2026-02-19 23:10:37] [INFO] [fetch.all] Running fetch_zillow_sales_count.py ...
[2026-02-19 23:10:38] [ERROR] [fetch.all]   FAILED: fetch_zillow_sales_count.py
Traceback (most recent call last):
  File "D:\Users\Logan\Documents\GitHub\qm2023-capstone-1st-row-team\code\fetch\fetch_zillow_sales_count.py", line 10, in <module>
    from fetch._fetch_utils import fetch_by_tag, logger
  File "D:\Users\Logan\Documents\GitHub\qm2023-capstone-1st-row-team\code\fetch\_fetch_utils.py", line 20, in <module>
    from config_paths import RAW_DATA_DIR, CONFIG_DIR
  File "D:\Users\Logan\Documents\GitHub\qm2023-capstone-1st-row-team\code\config_paths.py", line 106, in <module>
    ensure_directories()
    ~~~~~~~~~~~~~~~~~~^^
  File "D:\Users\Logan\Documents\GitHub\qm2023-capstone-1st-row-team\code\config_paths.py", line 103, in ensure_directories
    print(f"\u2713 Project structure verified at: {PROJECT_ROOT}")
    ~~~~~^^^^^^^^^^^^^^^^^^^^^^^^^^^^^^^^^^^^^^^^^^^^^^^^^^^^^^^^^
  File "C:\Program Files\WindowsApps\PythonSoftwareFoundation.Python.3.13_3.13.3312.0_x64__qbz5n2kfra8p0\Lib\encodings\cp1252.py", line 19, in encode
    return codecs.charmap_encode(input,self.errors,encoding_table)[0]
           ~~~~~~~~~~~~~~~~~~~~~^^^^^^^^^^^^^^^^^^^^^^^^^^^^^^^^^^
UnicodeEncodeError: 'charmap' codec can't encode character '\u2713' in position 0: character maps to <undefined>

[2026-02-19 23:10:38] [INFO] [fetch.all] Running fetch_zillow_days_on_market.py ...
[2026-02-19 23:10:38] [ERROR] [fetch.all]   FAILED: fetch_zillow_days_on_market.py
Traceback (most recent call last):
  File "D:\Users\Logan\Documents\GitHub\qm2023-capstone-1st-row-team\code\fetch\fetch_zillow_days_on_market.py", line 10, in <module>
    from fetch._fetch_utils import fetch_by_tag, logger
  File "D:\Users\Logan\Documents\GitHub\qm2023-capstone-1st-row-team\code\fetch\_fetch_utils.py", line 20, in <module>
    from config_paths import RAW_DATA_DIR, CONFIG_DIR
  File "D:\Users\Logan\Documents\GitHub\qm2023-capstone-1st-row-team\code\config_paths.py", line 106, in <module>
    ensure_directories()
    ~~~~~~~~~~~~~~~~~~^^
  File "D:\Users\Logan\Documents\GitHub\qm2023-capstone-1st-row-team\code\config_paths.py", line 103, in ensure_directories
    print(f"\u2713 Project structure verified at: {PROJECT_ROOT}")
    ~~~~~^^^^^^^^^^^^^^^^^^^^^^^^^^^^^^^^^^^^^^^^^^^^^^^^^^^^^^^^^
  File "C:\Program Files\WindowsApps\PythonSoftwareFoundation.Python.3.13_3.13.3312.0_x64__qbz5n2kfra8p0\Lib\encodings\cp1252.py", line 19, in encode
    return codecs.charmap_encode(input,self.errors,encoding_table)[0]
           ~~~~~~~~~~~~~~~~~~~~~^^^^^^^^^^^^^^^^^^^^^^^^^^^^^^^^^^
UnicodeEncodeError: 'charmap' codec can't encode character '\u2713' in position 0: character maps to <undefined>

[2026-02-19 23:10:38] [INFO] [fetch.all] Running fetch_zillow_market_temp.py ...
[2026-02-19 23:10:38] [ERROR] [fetch.all]   FAILED: fetch_zillow_market_temp.py
Traceback (most recent call last):
  File "D:\Users\Logan\Documents\GitHub\qm2023-capstone-1st-row-team\code\fetch\fetch_zillow_market_temp.py", line 10, in <module>
    from fetch._fetch_utils import fetch_by_tag, logger
  File "D:\Users\Logan\Documents\GitHub\qm2023-capstone-1st-row-team\code\fetch\_fetch_utils.py", line 20, in <module>
    from config_paths import RAW_DATA_DIR, CONFIG_DIR
  File "D:\Users\Logan\Documents\GitHub\qm2023-capstone-1st-row-team\code\config_paths.py", line 106, in <module>
    ensure_directories()
    ~~~~~~~~~~~~~~~~~~^^
  File "D:\Users\Logan\Documents\GitHub\qm2023-capstone-1st-row-team\code\config_paths.py", line 103, in ensure_directories
    print(f"\u2713 Project structure verified at: {PROJECT_ROOT}")
    ~~~~~^^^^^^^^^^^^^^^^^^^^^^^^^^^^^^^^^^^^^^^^^^^^^^^^^^^^^^^^^
  File "C:\Program Files\WindowsApps\PythonSoftwareFoundation.Python.3.13_3.13.3312.0_x64__qbz5n2kfra8p0\Lib\encodings\cp1252.py", line 19, in encode
    return codecs.charmap_encode(input,self.errors,encoding_table)[0]
           ~~~~~~~~~~~~~~~~~~~~~^^^^^^^^^^^^^^^^^^^^^^^^^^^^^^^^^^
UnicodeEncodeError: 'charmap' codec can't encode character '\u2713' in position 0: character maps to <undefined>

[2026-02-19 23:10:38] [INFO] [fetch.all] Running fetch_zillow_new_construction.py ...
[2026-02-19 23:10:38] [ERROR] [fetch.all]   FAILED: fetch_zillow_new_construction.py
Traceback (most recent call last):
  File "D:\Users\Logan\Documents\GitHub\qm2023-capstone-1st-row-team\code\fetch\fetch_zillow_new_construction.py", line 10, in <module>
    from fetch._fetch_utils import fetch_by_tag, logger
  File "D:\Users\Logan\Documents\GitHub\qm2023-capstone-1st-row-team\code\fetch\_fetch_utils.py", line 20, in <module>
    from config_paths import RAW_DATA_DIR, CONFIG_DIR
  File "D:\Users\Logan\Documents\GitHub\qm2023-capstone-1st-row-team\code\config_paths.py", line 106, in <module>
    ensure_directories()
    ~~~~~~~~~~~~~~~~~~^^
  File "D:\Users\Logan\Documents\GitHub\qm2023-capstone-1st-row-team\code\config_paths.py", line 103, in ensure_directories
    print(f"\u2713 Project structure verified at: {PROJECT_ROOT}")
    ~~~~~^^^^^^^^^^^^^^^^^^^^^^^^^^^^^^^^^^^^^^^^^^^^^^^^^^^^^^^^^
  File "C:\Program Files\WindowsApps\PythonSoftwareFoundation.Python.3.13_3.13.3312.0_x64__qbz5n2kfra8p0\Lib\encodings\cp1252.py", line 19, in encode
    return codecs.charmap_encode(input,self.errors,encoding_table)[0]
           ~~~~~~~~~~~~~~~~~~~~~^^^^^^^^^^^^^^^^^^^^^^^^^^^^^^^^^^
UnicodeEncodeError: 'charmap' codec can't encode character '\u2713' in position 0: character maps to <undefined>

[2026-02-19 23:10:38] [INFO] [fetch.all] Running fetch_zillow_income_needed.py ...
[2026-02-19 23:10:38] [ERROR] [fetch.all]   FAILED: fetch_zillow_income_needed.py
Traceback (most recent call last):
  File "D:\Users\Logan\Documents\GitHub\qm2023-capstone-1st-row-team\code\fetch\fetch_zillow_income_needed.py", line 10, in <module>
    from fetch._fetch_utils import fetch_by_tag, logger
  File "D:\Users\Logan\Documents\GitHub\qm2023-capstone-1st-row-team\code\fetch\_fetch_utils.py", line 20, in <module>
    from config_paths import RAW_DATA_DIR, CONFIG_DIR
  File "D:\Users\Logan\Documents\GitHub\qm2023-capstone-1st-row-team\code\config_paths.py", line 106, in <module>
    ensure_directories()
    ~~~~~~~~~~~~~~~~~~^^
  File "D:\Users\Logan\Documents\GitHub\qm2023-capstone-1st-row-team\code\config_paths.py", line 103, in ensure_directories
    print(f"\u2713 Project structure verified at: {PROJECT_ROOT}")
    ~~~~~^^^^^^^^^^^^^^^^^^^^^^^^^^^^^^^^^^^^^^^^^^^^^^^^^^^^^^^^^
  File "C:\Program Files\WindowsApps\PythonSoftwareFoundation.Python.3.13_3.13.3312.0_x64__qbz5n2kfra8p0\Lib\encodings\cp1252.py", line 19, in encode
    return codecs.charmap_encode(input,self.errors,encoding_table)[0]
           ~~~~~~~~~~~~~~~~~~~~~^^^^^^^^^^^^^^^^^^^^^^^^^^^^^^^^^^
UnicodeEncodeError: 'charmap' codec can't encode character '\u2713' in position 0: character maps to <undefined>

[2026-02-19 23:10:38] [INFO] [fetch.all] Running fetch_noaa_hurdat2.py ...
[2026-02-19 23:10:38] [ERROR] [fetch.all]   FAILED: fetch_noaa_hurdat2.py
Traceback (most recent call last):
  File "D:\Users\Logan\Documents\GitHub\qm2023-capstone-1st-row-team\code\fetch\fetch_noaa_hurdat2.py", line 11, in <module>
    from config_paths import RAW_DATA_DIR
  File "D:\Users\Logan\Documents\GitHub\qm2023-capstone-1st-row-team\code\config_paths.py", line 106, in <module>
    ensure_directories()
    ~~~~~~~~~~~~~~~~~~^^
  File "D:\Users\Logan\Documents\GitHub\qm2023-capstone-1st-row-team\code\config_paths.py", line 103, in ensure_directories
    print(f"\u2713 Project structure verified at: {PROJECT_ROOT}")
    ~~~~~^^^^^^^^^^^^^^^^^^^^^^^^^^^^^^^^^^^^^^^^^^^^^^^^^^^^^^^^^
  File "C:\Program Files\WindowsApps\PythonSoftwareFoundation.Python.3.13_3.13.3312.0_x64__qbz5n2kfra8p0\Lib\encodings\cp1252.py", line 19, in encode
    return codecs.charmap_encode(input,self.errors,encoding_table)[0]
           ~~~~~~~~~~~~~~~~~~~~~^^^^^^^^^^^^^^^^^^^^^^^^^^^^^^^^^^
UnicodeEncodeError: 'charmap' codec can't encode character '\u2713' in position 0: character maps to <undefined>

[2026-02-19 23:10:38] [INFO] [fetch.all] Running fetch_noaa_economic_impacts.py ...
[2026-02-19 23:10:38] [ERROR] [fetch.all]   FAILED: fetch_noaa_economic_impacts.py
Traceback (most recent call last):
  File "D:\Users\Logan\Documents\GitHub\qm2023-capstone-1st-row-team\code\fetch\fetch_noaa_economic_impacts.py", line 10, in <module>
    from fetch._fetch_utils import fetch_by_tag, logger
  File "D:\Users\Logan\Documents\GitHub\qm2023-capstone-1st-row-team\code\fetch\_fetch_utils.py", line 20, in <module>
    from config_paths import RAW_DATA_DIR, CONFIG_DIR
  File "D:\Users\Logan\Documents\GitHub\qm2023-capstone-1st-row-team\code\config_paths.py", line 106, in <module>
    ensure_directories()
    ~~~~~~~~~~~~~~~~~~^^
  File "D:\Users\Logan\Documents\GitHub\qm2023-capstone-1st-row-team\code\config_paths.py", line 103, in ensure_directories
    print(f"\u2713 Project structure verified at: {PROJECT_ROOT}")
    ~~~~~^^^^^^^^^^^^^^^^^^^^^^^^^^^^^^^^^^^^^^^^^^^^^^^^^^^^^^^^^
  File "C:\Program Files\WindowsApps\PythonSoftwareFoundation.Python.3.13_3.13.3312.0_x64__qbz5n2kfra8p0\Lib\encodings\cp1252.py", line 19, in encode
    return codecs.charmap_encode(input,self.errors,encoding_table)[0]
           ~~~~~~~~~~~~~~~~~~~~~^^^^^^^^^^^^^^^^^^^^^^^^^^^^^^^^^^
UnicodeEncodeError: 'charmap' codec can't encode character '\u2713' in position 0: character maps to <undefined>

[2026-02-19 23:10:38] [INFO] [fetch.all] ============================================================
[2026-02-19 23:10:38] [INFO] [fetch.all] Fetch complete: 0 succeeded, 13 failed
[2026-02-19 23:10:38] [WARNING] [fetch.all] Failed scripts: fetch_zillow_zhvi_metro.py, fetch_zillow_zhvi_state.py, fetch_zillow_zhvf_growth.py, fetch_zillow_zori.py, fetch_zillow_zorf_growth.py, fetch_zillow_inventory.py, fetch_zillow_sales_count.py, fetch_zillow_days_on_market.py, fetch_zillow_market_temp.py, fetch_zillow_new_construction.py, fetch_zillow_income_needed.py, fetch_noaa_hurdat2.py, fetch_noaa_economic_impacts.py
[2026-02-19 23:10:38] [INFO] [fetch.all] ============================================================
[2026-02-19 23:11:24] [INFO] [fetch.all] ============================================================
[2026-02-19 23:11:24] [INFO] [fetch.all] FETCH ALL DATA SOURCES
[2026-02-19 23:11:24] [INFO] [fetch.all] ============================================================
[2026-02-19 23:11:24] [INFO] [fetch.all] Running fetch_zillow_zhvi_metro.py ...
[2026-02-19 23:11:24] [ERROR] [fetch.all]   FAILED: fetch_zillow_zhvi_metro.py
Traceback (most recent call last):
  File "D:\Users\Logan\Documents\GitHub\qm2023-capstone-1st-row-team\code\fetch\fetch_zillow_zhvi_metro.py", line 10, in <module>
    from fetch._fetch_utils import fetch_by_tag, logger
  File "D:\Users\Logan\Documents\GitHub\qm2023-capstone-1st-row-team\code\fetch\_fetch_utils.py", line 20, in <module>
    from config_paths import RAW_DATA_DIR, CONFIG_DIR
  File "D:\Users\Logan\Documents\GitHub\qm2023-capstone-1st-row-team\code\config_paths.py", line 106, in <module>
    ensure_directories()
    ~~~~~~~~~~~~~~~~~~^^
  File "D:\Users\Logan\Documents\GitHub\qm2023-capstone-1st-row-team\code\config_paths.py", line 103, in ensure_directories
    print(f"\u2713 Project structure verified at: {PROJECT_ROOT}")
    ~~~~~^^^^^^^^^^^^^^^^^^^^^^^^^^^^^^^^^^^^^^^^^^^^^^^^^^^^^^^^^
  File "C:\Program Files\WindowsApps\PythonSoftwareFoundation.Python.3.13_3.13.3312.0_x64__qbz5n2kfra8p0\Lib\encodings\cp1252.py", line 19, in encode
    return codecs.charmap_encode(input,self.errors,encoding_table)[0]
           ~~~~~~~~~~~~~~~~~~~~~^^^^^^^^^^^^^^^^^^^^^^^^^^^^^^^^^^
UnicodeEncodeError: 'charmap' codec can't encode character '\u2713' in position 0: character maps to <undefined>

[2026-02-19 23:11:24] [INFO] [fetch.all] Running fetch_zillow_zhvi_state.py ...
[2026-02-19 23:11:24] [ERROR] [fetch.all]   FAILED: fetch_zillow_zhvi_state.py
Traceback (most recent call last):
  File "D:\Users\Logan\Documents\GitHub\qm2023-capstone-1st-row-team\code\fetch\fetch_zillow_zhvi_state.py", line 10, in <module>
    from fetch._fetch_utils import fetch_by_tag, logger
  File "D:\Users\Logan\Documents\GitHub\qm2023-capstone-1st-row-team\code\fetch\_fetch_utils.py", line 20, in <module>
    from config_paths import RAW_DATA_DIR, CONFIG_DIR
  File "D:\Users\Logan\Documents\GitHub\qm2023-capstone-1st-row-team\code\config_paths.py", line 106, in <module>
    ensure_directories()
    ~~~~~~~~~~~~~~~~~~^^
  File "D:\Users\Logan\Documents\GitHub\qm2023-capstone-1st-row-team\code\config_paths.py", line 103, in ensure_directories
    print(f"\u2713 Project structure verified at: {PROJECT_ROOT}")
    ~~~~~^^^^^^^^^^^^^^^^^^^^^^^^^^^^^^^^^^^^^^^^^^^^^^^^^^^^^^^^^
  File "C:\Program Files\WindowsApps\PythonSoftwareFoundation.Python.3.13_3.13.3312.0_x64__qbz5n2kfra8p0\Lib\encodings\cp1252.py", line 19, in encode
    return codecs.charmap_encode(input,self.errors,encoding_table)[0]
           ~~~~~~~~~~~~~~~~~~~~~^^^^^^^^^^^^^^^^^^^^^^^^^^^^^^^^^^
UnicodeEncodeError: 'charmap' codec can't encode character '\u2713' in position 0: character maps to <undefined>

[2026-02-19 23:11:24] [INFO] [fetch.all] Running fetch_zillow_zhvf_growth.py ...
[2026-02-19 23:11:24] [ERROR] [fetch.all]   FAILED: fetch_zillow_zhvf_growth.py
Traceback (most recent call last):
  File "D:\Users\Logan\Documents\GitHub\qm2023-capstone-1st-row-team\code\fetch\fetch_zillow_zhvf_growth.py", line 10, in <module>
    from fetch._fetch_utils import fetch_by_tag, logger
  File "D:\Users\Logan\Documents\GitHub\qm2023-capstone-1st-row-team\code\fetch\_fetch_utils.py", line 20, in <module>
    from config_paths import RAW_DATA_DIR, CONFIG_DIR
  File "D:\Users\Logan\Documents\GitHub\qm2023-capstone-1st-row-team\code\config_paths.py", line 106, in <module>
    ensure_directories()
    ~~~~~~~~~~~~~~~~~~^^
  File "D:\Users\Logan\Documents\GitHub\qm2023-capstone-1st-row-team\code\config_paths.py", line 103, in ensure_directories
    print(f"\u2713 Project structure verified at: {PROJECT_ROOT}")
    ~~~~~^^^^^^^^^^^^^^^^^^^^^^^^^^^^^^^^^^^^^^^^^^^^^^^^^^^^^^^^^
  File "C:\Program Files\WindowsApps\PythonSoftwareFoundation.Python.3.13_3.13.3312.0_x64__qbz5n2kfra8p0\Lib\encodings\cp1252.py", line 19, in encode
    return codecs.charmap_encode(input,self.errors,encoding_table)[0]
           ~~~~~~~~~~~~~~~~~~~~~^^^^^^^^^^^^^^^^^^^^^^^^^^^^^^^^^^
UnicodeEncodeError: 'charmap' codec can't encode character '\u2713' in position 0: character maps to <undefined>

[2026-02-19 23:11:24] [INFO] [fetch.all] Running fetch_zillow_zori.py ...
[2026-02-19 23:11:25] [ERROR] [fetch.all]   FAILED: fetch_zillow_zori.py
Traceback (most recent call last):
  File "D:\Users\Logan\Documents\GitHub\qm2023-capstone-1st-row-team\code\fetch\fetch_zillow_zori.py", line 10, in <module>
    from fetch._fetch_utils import fetch_by_tag, logger
  File "D:\Users\Logan\Documents\GitHub\qm2023-capstone-1st-row-team\code\fetch\_fetch_utils.py", line 20, in <module>
    from config_paths import RAW_DATA_DIR, CONFIG_DIR
  File "D:\Users\Logan\Documents\GitHub\qm2023-capstone-1st-row-team\code\config_paths.py", line 106, in <module>
    ensure_directories()
    ~~~~~~~~~~~~~~~~~~^^
  File "D:\Users\Logan\Documents\GitHub\qm2023-capstone-1st-row-team\code\config_paths.py", line 103, in ensure_directories
    print(f"\u2713 Project structure verified at: {PROJECT_ROOT}")
    ~~~~~^^^^^^^^^^^^^^^^^^^^^^^^^^^^^^^^^^^^^^^^^^^^^^^^^^^^^^^^^
  File "C:\Program Files\WindowsApps\PythonSoftwareFoundation.Python.3.13_3.13.3312.0_x64__qbz5n2kfra8p0\Lib\encodings\cp1252.py", line 19, in encode
    return codecs.charmap_encode(input,self.errors,encoding_table)[0]
           ~~~~~~~~~~~~~~~~~~~~~^^^^^^^^^^^^^^^^^^^^^^^^^^^^^^^^^^
UnicodeEncodeError: 'charmap' codec can't encode character '\u2713' in position 0: character maps to <undefined>

[2026-02-19 23:11:25] [INFO] [fetch.all] Running fetch_zillow_zorf_growth.py ...
[2026-02-19 23:11:25] [ERROR] [fetch.all]   FAILED: fetch_zillow_zorf_growth.py
Traceback (most recent call last):
  File "D:\Users\Logan\Documents\GitHub\qm2023-capstone-1st-row-team\code\fetch\fetch_zillow_zorf_growth.py", line 10, in <module>
    from fetch._fetch_utils import fetch_by_tag, logger
  File "D:\Users\Logan\Documents\GitHub\qm2023-capstone-1st-row-team\code\fetch\_fetch_utils.py", line 20, in <module>
    from config_paths import RAW_DATA_DIR, CONFIG_DIR
  File "D:\Users\Logan\Documents\GitHub\qm2023-capstone-1st-row-team\code\config_paths.py", line 106, in <module>
    ensure_directories()
    ~~~~~~~~~~~~~~~~~~^^
  File "D:\Users\Logan\Documents\GitHub\qm2023-capstone-1st-row-team\code\config_paths.py", line 103, in ensure_directories
    print(f"\u2713 Project structure verified at: {PROJECT_ROOT}")
    ~~~~~^^^^^^^^^^^^^^^^^^^^^^^^^^^^^^^^^^^^^^^^^^^^^^^^^^^^^^^^^
  File "C:\Program Files\WindowsApps\PythonSoftwareFoundation.Python.3.13_3.13.3312.0_x64__qbz5n2kfra8p0\Lib\encodings\cp1252.py", line 19, in encode
    return codecs.charmap_encode(input,self.errors,encoding_table)[0]
           ~~~~~~~~~~~~~~~~~~~~~^^^^^^^^^^^^^^^^^^^^^^^^^^^^^^^^^^
UnicodeEncodeError: 'charmap' codec can't encode character '\u2713' in position 0: character maps to <undefined>

[2026-02-19 23:11:25] [INFO] [fetch.all] Running fetch_zillow_inventory.py ...
[2026-02-19 23:11:25] [ERROR] [fetch.all]   FAILED: fetch_zillow_inventory.py
Traceback (most recent call last):
  File "D:\Users\Logan\Documents\GitHub\qm2023-capstone-1st-row-team\code\fetch\fetch_zillow_inventory.py", line 10, in <module>
    from fetch._fetch_utils import fetch_by_tag, logger
  File "D:\Users\Logan\Documents\GitHub\qm2023-capstone-1st-row-team\code\fetch\_fetch_utils.py", line 20, in <module>
    from config_paths import RAW_DATA_DIR, CONFIG_DIR
  File "D:\Users\Logan\Documents\GitHub\qm2023-capstone-1st-row-team\code\config_paths.py", line 106, in <module>
    ensure_directories()
    ~~~~~~~~~~~~~~~~~~^^
  File "D:\Users\Logan\Documents\GitHub\qm2023-capstone-1st-row-team\code\config_paths.py", line 103, in ensure_directories
    print(f"\u2713 Project structure verified at: {PROJECT_ROOT}")
    ~~~~~^^^^^^^^^^^^^^^^^^^^^^^^^^^^^^^^^^^^^^^^^^^^^^^^^^^^^^^^^
  File "C:\Program Files\WindowsApps\PythonSoftwareFoundation.Python.3.13_3.13.3312.0_x64__qbz5n2kfra8p0\Lib\encodings\cp1252.py", line 19, in encode
    return codecs.charmap_encode(input,self.errors,encoding_table)[0]
           ~~~~~~~~~~~~~~~~~~~~~^^^^^^^^^^^^^^^^^^^^^^^^^^^^^^^^^^
UnicodeEncodeError: 'charmap' codec can't encode character '\u2713' in position 0: character maps to <undefined>

[2026-02-19 23:11:25] [INFO] [fetch.all] Running fetch_zillow_sales_count.py ...
[2026-02-19 23:11:25] [ERROR] [fetch.all]   FAILED: fetch_zillow_sales_count.py
Traceback (most recent call last):
  File "D:\Users\Logan\Documents\GitHub\qm2023-capstone-1st-row-team\code\fetch\fetch_zillow_sales_count.py", line 10, in <module>
    from fetch._fetch_utils import fetch_by_tag, logger
  File "D:\Users\Logan\Documents\GitHub\qm2023-capstone-1st-row-team\code\fetch\_fetch_utils.py", line 20, in <module>
    from config_paths import RAW_DATA_DIR, CONFIG_DIR
  File "D:\Users\Logan\Documents\GitHub\qm2023-capstone-1st-row-team\code\config_paths.py", line 106, in <module>
    ensure_directories()
    ~~~~~~~~~~~~~~~~~~^^
  File "D:\Users\Logan\Documents\GitHub\qm2023-capstone-1st-row-team\code\config_paths.py", line 103, in ensure_directories
    print(f"\u2713 Project structure verified at: {PROJECT_ROOT}")
    ~~~~~^^^^^^^^^^^^^^^^^^^^^^^^^^^^^^^^^^^^^^^^^^^^^^^^^^^^^^^^^
  File "C:\Program Files\WindowsApps\PythonSoftwareFoundation.Python.3.13_3.13.3312.0_x64__qbz5n2kfra8p0\Lib\encodings\cp1252.py", line 19, in encode
    return codecs.charmap_encode(input,self.errors,encoding_table)[0]
           ~~~~~~~~~~~~~~~~~~~~~^^^^^^^^^^^^^^^^^^^^^^^^^^^^^^^^^^
UnicodeEncodeError: 'charmap' codec can't encode character '\u2713' in position 0: character maps to <undefined>

[2026-02-19 23:11:25] [INFO] [fetch.all] Running fetch_zillow_days_on_market.py ...
[2026-02-19 23:11:25] [ERROR] [fetch.all]   FAILED: fetch_zillow_days_on_market.py
Traceback (most recent call last):
  File "D:\Users\Logan\Documents\GitHub\qm2023-capstone-1st-row-team\code\fetch\fetch_zillow_days_on_market.py", line 10, in <module>
    from fetch._fetch_utils import fetch_by_tag, logger
  File "D:\Users\Logan\Documents\GitHub\qm2023-capstone-1st-row-team\code\fetch\_fetch_utils.py", line 20, in <module>
    from config_paths import RAW_DATA_DIR, CONFIG_DIR
  File "D:\Users\Logan\Documents\GitHub\qm2023-capstone-1st-row-team\code\config_paths.py", line 106, in <module>
    ensure_directories()
    ~~~~~~~~~~~~~~~~~~^^
  File "D:\Users\Logan\Documents\GitHub\qm2023-capstone-1st-row-team\code\config_paths.py", line 103, in ensure_directories
    print(f"\u2713 Project structure verified at: {PROJECT_ROOT}")
    ~~~~~^^^^^^^^^^^^^^^^^^^^^^^^^^^^^^^^^^^^^^^^^^^^^^^^^^^^^^^^^
  File "C:\Program Files\WindowsApps\PythonSoftwareFoundation.Python.3.13_3.13.3312.0_x64__qbz5n2kfra8p0\Lib\encodings\cp1252.py", line 19, in encode
    return codecs.charmap_encode(input,self.errors,encoding_table)[0]
           ~~~~~~~~~~~~~~~~~~~~~^^^^^^^^^^^^^^^^^^^^^^^^^^^^^^^^^^
UnicodeEncodeError: 'charmap' codec can't encode character '\u2713' in position 0: character maps to <undefined>

[2026-02-19 23:11:25] [INFO] [fetch.all] Running fetch_zillow_market_temp.py ...
[2026-02-19 23:11:25] [ERROR] [fetch.all]   FAILED: fetch_zillow_market_temp.py
Traceback (most recent call last):
  File "D:\Users\Logan\Documents\GitHub\qm2023-capstone-1st-row-team\code\fetch\fetch_zillow_market_temp.py", line 10, in <module>
    from fetch._fetch_utils import fetch_by_tag, logger
  File "D:\Users\Logan\Documents\GitHub\qm2023-capstone-1st-row-team\code\fetch\_fetch_utils.py", line 20, in <module>
    from config_paths import RAW_DATA_DIR, CONFIG_DIR
  File "D:\Users\Logan\Documents\GitHub\qm2023-capstone-1st-row-team\code\config_paths.py", line 106, in <module>
    ensure_directories()
    ~~~~~~~~~~~~~~~~~~^^
  File "D:\Users\Logan\Documents\GitHub\qm2023-capstone-1st-row-team\code\config_paths.py", line 103, in ensure_directories
    print(f"\u2713 Project structure verified at: {PROJECT_ROOT}")
    ~~~~~^^^^^^^^^^^^^^^^^^^^^^^^^^^^^^^^^^^^^^^^^^^^^^^^^^^^^^^^^
  File "C:\Program Files\WindowsApps\PythonSoftwareFoundation.Python.3.13_3.13.3312.0_x64__qbz5n2kfra8p0\Lib\encodings\cp1252.py", line 19, in encode
    return codecs.charmap_encode(input,self.errors,encoding_table)[0]
           ~~~~~~~~~~~~~~~~~~~~~^^^^^^^^^^^^^^^^^^^^^^^^^^^^^^^^^^
UnicodeEncodeError: 'charmap' codec can't encode character '\u2713' in position 0: character maps to <undefined>

[2026-02-19 23:11:25] [INFO] [fetch.all] Running fetch_zillow_new_construction.py ...
[2026-02-19 23:11:25] [ERROR] [fetch.all]   FAILED: fetch_zillow_new_construction.py
Traceback (most recent call last):
  File "D:\Users\Logan\Documents\GitHub\qm2023-capstone-1st-row-team\code\fetch\fetch_zillow_new_construction.py", line 10, in <module>
    from fetch._fetch_utils import fetch_by_tag, logger
  File "D:\Users\Logan\Documents\GitHub\qm2023-capstone-1st-row-team\code\fetch\_fetch_utils.py", line 20, in <module>
    from config_paths import RAW_DATA_DIR, CONFIG_DIR
  File "D:\Users\Logan\Documents\GitHub\qm2023-capstone-1st-row-team\code\config_paths.py", line 106, in <module>
    ensure_directories()
    ~~~~~~~~~~~~~~~~~~^^
  File "D:\Users\Logan\Documents\GitHub\qm2023-capstone-1st-row-team\code\config_paths.py", line 103, in ensure_directories
    print(f"\u2713 Project structure verified at: {PROJECT_ROOT}")
    ~~~~~^^^^^^^^^^^^^^^^^^^^^^^^^^^^^^^^^^^^^^^^^^^^^^^^^^^^^^^^^
  File "C:\Program Files\WindowsApps\PythonSoftwareFoundation.Python.3.13_3.13.3312.0_x64__qbz5n2kfra8p0\Lib\encodings\cp1252.py", line 19, in encode
    return codecs.charmap_encode(input,self.errors,encoding_table)[0]
           ~~~~~~~~~~~~~~~~~~~~~^^^^^^^^^^^^^^^^^^^^^^^^^^^^^^^^^^
UnicodeEncodeError: 'charmap' codec can't encode character '\u2713' in position 0: character maps to <undefined>

[2026-02-19 23:11:25] [INFO] [fetch.all] Running fetch_zillow_income_needed.py ...
[2026-02-19 23:11:26] [ERROR] [fetch.all]   FAILED: fetch_zillow_income_needed.py
Traceback (most recent call last):
  File "D:\Users\Logan\Documents\GitHub\qm2023-capstone-1st-row-team\code\fetch\fetch_zillow_income_needed.py", line 10, in <module>
    from fetch._fetch_utils import fetch_by_tag, logger
  File "D:\Users\Logan\Documents\GitHub\qm2023-capstone-1st-row-team\code\fetch\_fetch_utils.py", line 20, in <module>
    from config_paths import RAW_DATA_DIR, CONFIG_DIR
  File "D:\Users\Logan\Documents\GitHub\qm2023-capstone-1st-row-team\code\config_paths.py", line 106, in <module>
    ensure_directories()
    ~~~~~~~~~~~~~~~~~~^^
  File "D:\Users\Logan\Documents\GitHub\qm2023-capstone-1st-row-team\code\config_paths.py", line 103, in ensure_directories
    print(f"\u2713 Project structure verified at: {PROJECT_ROOT}")
    ~~~~~^^^^^^^^^^^^^^^^^^^^^^^^^^^^^^^^^^^^^^^^^^^^^^^^^^^^^^^^^
  File "C:\Program Files\WindowsApps\PythonSoftwareFoundation.Python.3.13_3.13.3312.0_x64__qbz5n2kfra8p0\Lib\encodings\cp1252.py", line 19, in encode
    return codecs.charmap_encode(input,self.errors,encoding_table)[0]
           ~~~~~~~~~~~~~~~~~~~~~^^^^^^^^^^^^^^^^^^^^^^^^^^^^^^^^^^
UnicodeEncodeError: 'charmap' codec can't encode character '\u2713' in position 0: character maps to <undefined>

[2026-02-19 23:11:26] [INFO] [fetch.all] Running fetch_noaa_hurdat2.py ...
[2026-02-19 23:11:26] [ERROR] [fetch.all]   FAILED: fetch_noaa_hurdat2.py
Traceback (most recent call last):
  File "D:\Users\Logan\Documents\GitHub\qm2023-capstone-1st-row-team\code\fetch\fetch_noaa_hurdat2.py", line 11, in <module>
    from config_paths import RAW_DATA_DIR
  File "D:\Users\Logan\Documents\GitHub\qm2023-capstone-1st-row-team\code\config_paths.py", line 106, in <module>
    ensure_directories()
    ~~~~~~~~~~~~~~~~~~^^
  File "D:\Users\Logan\Documents\GitHub\qm2023-capstone-1st-row-team\code\config_paths.py", line 103, in ensure_directories
    print(f"\u2713 Project structure verified at: {PROJECT_ROOT}")
    ~~~~~^^^^^^^^^^^^^^^^^^^^^^^^^^^^^^^^^^^^^^^^^^^^^^^^^^^^^^^^^
  File "C:\Program Files\WindowsApps\PythonSoftwareFoundation.Python.3.13_3.13.3312.0_x64__qbz5n2kfra8p0\Lib\encodings\cp1252.py", line 19, in encode
    return codecs.charmap_encode(input,self.errors,encoding_table)[0]
           ~~~~~~~~~~~~~~~~~~~~~^^^^^^^^^^^^^^^^^^^^^^^^^^^^^^^^^^
UnicodeEncodeError: 'charmap' codec can't encode character '\u2713' in position 0: character maps to <undefined>

[2026-02-19 23:11:26] [INFO] [fetch.all] Running fetch_noaa_economic_impacts.py ...
[2026-02-19 23:11:26] [ERROR] [fetch.all]   FAILED: fetch_noaa_economic_impacts.py
Traceback (most recent call last):
  File "D:\Users\Logan\Documents\GitHub\qm2023-capstone-1st-row-team\code\fetch\fetch_noaa_economic_impacts.py", line 10, in <module>
    from fetch._fetch_utils import fetch_by_tag, logger
  File "D:\Users\Logan\Documents\GitHub\qm2023-capstone-1st-row-team\code\fetch\_fetch_utils.py", line 20, in <module>
    from config_paths import RAW_DATA_DIR, CONFIG_DIR
  File "D:\Users\Logan\Documents\GitHub\qm2023-capstone-1st-row-team\code\config_paths.py", line 106, in <module>
    ensure_directories()
    ~~~~~~~~~~~~~~~~~~^^
  File "D:\Users\Logan\Documents\GitHub\qm2023-capstone-1st-row-team\code\config_paths.py", line 103, in ensure_directories
    print(f"\u2713 Project structure verified at: {PROJECT_ROOT}")
    ~~~~~^^^^^^^^^^^^^^^^^^^^^^^^^^^^^^^^^^^^^^^^^^^^^^^^^^^^^^^^^
  File "C:\Program Files\WindowsApps\PythonSoftwareFoundation.Python.3.13_3.13.3312.0_x64__qbz5n2kfra8p0\Lib\encodings\cp1252.py", line 19, in encode
    return codecs.charmap_encode(input,self.errors,encoding_table)[0]
           ~~~~~~~~~~~~~~~~~~~~~^^^^^^^^^^^^^^^^^^^^^^^^^^^^^^^^^^
UnicodeEncodeError: 'charmap' codec can't encode character '\u2713' in position 0: character maps to <undefined>

[2026-02-19 23:11:26] [INFO] [fetch.all] ============================================================
[2026-02-19 23:11:26] [INFO] [fetch.all] Fetch complete: 0 succeeded, 13 failed
[2026-02-19 23:11:26] [WARNING] [fetch.all] Failed scripts: fetch_zillow_zhvi_metro.py, fetch_zillow_zhvi_state.py, fetch_zillow_zhvf_growth.py, fetch_zillow_zori.py, fetch_zillow_zorf_growth.py, fetch_zillow_inventory.py, fetch_zillow_sales_count.py, fetch_zillow_days_on_market.py, fetch_zillow_market_temp.py, fetch_zillow_new_construction.py, fetch_zillow_income_needed.py, fetch_noaa_hurdat2.py, fetch_noaa_economic_impacts.py
[2026-02-19 23:11:26] [INFO] [fetch.all] ============================================================
[2026-02-19 23:21:14] [INFO] [fetch.all] ============================================================
[2026-02-19 23:21:14] [INFO] [fetch.all] FETCH ALL DATA SOURCES
[2026-02-19 23:21:14] [INFO] [fetch.all] ============================================================
[2026-02-19 23:21:14] [INFO] [fetch.all] Running fetch_zillow_zhvi_metro.py ...
[2026-02-19 23:21:14] [ERROR] [fetch.all]   FAILED: fetch_zillow_zhvi_metro.py
Traceback (most recent call last):
  File "D:\Users\Logan\Documents\GitHub\qm2023-capstone-1st-row-team\code\fetch\fetch_zillow_zhvi_metro.py", line 10, in <module>
    from fetch._fetch_utils import fetch_by_tag, logger
  File "D:\Users\Logan\Documents\GitHub\qm2023-capstone-1st-row-team\code\fetch\_fetch_utils.py", line 20, in <module>
    from config_paths import RAW_DATA_DIR, CONFIG_DIR
  File "D:\Users\Logan\Documents\GitHub\qm2023-capstone-1st-row-team\code\config_paths.py", line 106, in <module>
    ensure_directories()
    ~~~~~~~~~~~~~~~~~~^^
  File "D:\Users\Logan\Documents\GitHub\qm2023-capstone-1st-row-team\code\config_paths.py", line 103, in ensure_directories
    print(f"\u2713 Project structure verified at: {PROJECT_ROOT}")
    ~~~~~^^^^^^^^^^^^^^^^^^^^^^^^^^^^^^^^^^^^^^^^^^^^^^^^^^^^^^^^^
  File "C:\Program Files\WindowsApps\PythonSoftwareFoundation.Python.3.13_3.13.3312.0_x64__qbz5n2kfra8p0\Lib\encodings\cp1252.py", line 19, in encode
    return codecs.charmap_encode(input,self.errors,encoding_table)[0]
           ~~~~~~~~~~~~~~~~~~~~~^^^^^^^^^^^^^^^^^^^^^^^^^^^^^^^^^^
UnicodeEncodeError: 'charmap' codec can't encode character '\u2713' in position 0: character maps to <undefined>

[2026-02-19 23:21:14] [INFO] [fetch.all] Running fetch_zillow_zhvi_state.py ...
[2026-02-19 23:21:14] [ERROR] [fetch.all]   FAILED: fetch_zillow_zhvi_state.py
Traceback (most recent call last):
  File "D:\Users\Logan\Documents\GitHub\qm2023-capstone-1st-row-team\code\fetch\fetch_zillow_zhvi_state.py", line 10, in <module>
    from fetch._fetch_utils import fetch_by_tag, logger
  File "D:\Users\Logan\Documents\GitHub\qm2023-capstone-1st-row-team\code\fetch\_fetch_utils.py", line 20, in <module>
    from config_paths import RAW_DATA_DIR, CONFIG_DIR
  File "D:\Users\Logan\Documents\GitHub\qm2023-capstone-1st-row-team\code\config_paths.py", line 106, in <module>
    ensure_directories()
    ~~~~~~~~~~~~~~~~~~^^
  File "D:\Users\Logan\Documents\GitHub\qm2023-capstone-1st-row-team\code\config_paths.py", line 103, in ensure_directories
    print(f"\u2713 Project structure verified at: {PROJECT_ROOT}")
    ~~~~~^^^^^^^^^^^^^^^^^^^^^^^^^^^^^^^^^^^^^^^^^^^^^^^^^^^^^^^^^
  File "C:\Program Files\WindowsApps\PythonSoftwareFoundation.Python.3.13_3.13.3312.0_x64__qbz5n2kfra8p0\Lib\encodings\cp1252.py", line 19, in encode
    return codecs.charmap_encode(input,self.errors,encoding_table)[0]
           ~~~~~~~~~~~~~~~~~~~~~^^^^^^^^^^^^^^^^^^^^^^^^^^^^^^^^^^
UnicodeEncodeError: 'charmap' codec can't encode character '\u2713' in position 0: character maps to <undefined>

[2026-02-19 23:21:14] [INFO] [fetch.all] Running fetch_zillow_zhvf_growth.py ...
[2026-02-19 23:21:15] [ERROR] [fetch.all]   FAILED: fetch_zillow_zhvf_growth.py
Traceback (most recent call last):
  File "D:\Users\Logan\Documents\GitHub\qm2023-capstone-1st-row-team\code\fetch\fetch_zillow_zhvf_growth.py", line 10, in <module>
    from fetch._fetch_utils import fetch_by_tag, logger
  File "D:\Users\Logan\Documents\GitHub\qm2023-capstone-1st-row-team\code\fetch\_fetch_utils.py", line 20, in <module>
    from config_paths import RAW_DATA_DIR, CONFIG_DIR
  File "D:\Users\Logan\Documents\GitHub\qm2023-capstone-1st-row-team\code\config_paths.py", line 106, in <module>
    ensure_directories()
    ~~~~~~~~~~~~~~~~~~^^
  File "D:\Users\Logan\Documents\GitHub\qm2023-capstone-1st-row-team\code\config_paths.py", line 103, in ensure_directories
    print(f"\u2713 Project structure verified at: {PROJECT_ROOT}")
    ~~~~~^^^^^^^^^^^^^^^^^^^^^^^^^^^^^^^^^^^^^^^^^^^^^^^^^^^^^^^^^
  File "C:\Program Files\WindowsApps\PythonSoftwareFoundation.Python.3.13_3.13.3312.0_x64__qbz5n2kfra8p0\Lib\encodings\cp1252.py", line 19, in encode
    return codecs.charmap_encode(input,self.errors,encoding_table)[0]
           ~~~~~~~~~~~~~~~~~~~~~^^^^^^^^^^^^^^^^^^^^^^^^^^^^^^^^^^
UnicodeEncodeError: 'charmap' codec can't encode character '\u2713' in position 0: character maps to <undefined>

[2026-02-19 23:21:15] [INFO] [fetch.all] Running fetch_zillow_zori.py ...
[2026-02-19 23:21:15] [ERROR] [fetch.all]   FAILED: fetch_zillow_zori.py
Traceback (most recent call last):
  File "D:\Users\Logan\Documents\GitHub\qm2023-capstone-1st-row-team\code\fetch\fetch_zillow_zori.py", line 10, in <module>
    from fetch._fetch_utils import fetch_by_tag, logger
  File "D:\Users\Logan\Documents\GitHub\qm2023-capstone-1st-row-team\code\fetch\_fetch_utils.py", line 20, in <module>
    from config_paths import RAW_DATA_DIR, CONFIG_DIR
  File "D:\Users\Logan\Documents\GitHub\qm2023-capstone-1st-row-team\code\config_paths.py", line 106, in <module>
    ensure_directories()
    ~~~~~~~~~~~~~~~~~~^^
  File "D:\Users\Logan\Documents\GitHub\qm2023-capstone-1st-row-team\code\config_paths.py", line 103, in ensure_directories
    print(f"\u2713 Project structure verified at: {PROJECT_ROOT}")
    ~~~~~^^^^^^^^^^^^^^^^^^^^^^^^^^^^^^^^^^^^^^^^^^^^^^^^^^^^^^^^^
  File "C:\Program Files\WindowsApps\PythonSoftwareFoundation.Python.3.13_3.13.3312.0_x64__qbz5n2kfra8p0\Lib\encodings\cp1252.py", line 19, in encode
    return codecs.charmap_encode(input,self.errors,encoding_table)[0]
           ~~~~~~~~~~~~~~~~~~~~~^^^^^^^^^^^^^^^^^^^^^^^^^^^^^^^^^^
UnicodeEncodeError: 'charmap' codec can't encode character '\u2713' in position 0: character maps to <undefined>

[2026-02-19 23:21:15] [INFO] [fetch.all] Running fetch_zillow_zorf_growth.py ...
[2026-02-19 23:21:15] [ERROR] [fetch.all]   FAILED: fetch_zillow_zorf_growth.py
Traceback (most recent call last):
  File "D:\Users\Logan\Documents\GitHub\qm2023-capstone-1st-row-team\code\fetch\fetch_zillow_zorf_growth.py", line 10, in <module>
    from fetch._fetch_utils import fetch_by_tag, logger
  File "D:\Users\Logan\Documents\GitHub\qm2023-capstone-1st-row-team\code\fetch\_fetch_utils.py", line 20, in <module>
    from config_paths import RAW_DATA_DIR, CONFIG_DIR
  File "D:\Users\Logan\Documents\GitHub\qm2023-capstone-1st-row-team\code\config_paths.py", line 106, in <module>
    ensure_directories()
    ~~~~~~~~~~~~~~~~~~^^
  File "D:\Users\Logan\Documents\GitHub\qm2023-capstone-1st-row-team\code\config_paths.py", line 103, in ensure_directories
    print(f"\u2713 Project structure verified at: {PROJECT_ROOT}")
    ~~~~~^^^^^^^^^^^^^^^^^^^^^^^^^^^^^^^^^^^^^^^^^^^^^^^^^^^^^^^^^
  File "C:\Program Files\WindowsApps\PythonSoftwareFoundation.Python.3.13_3.13.3312.0_x64__qbz5n2kfra8p0\Lib\encodings\cp1252.py", line 19, in encode
    return codecs.charmap_encode(input,self.errors,encoding_table)[0]
           ~~~~~~~~~~~~~~~~~~~~~^^^^^^^^^^^^^^^^^^^^^^^^^^^^^^^^^^
UnicodeEncodeError: 'charmap' codec can't encode character '\u2713' in position 0: character maps to <undefined>

[2026-02-19 23:21:15] [INFO] [fetch.all] Running fetch_zillow_inventory.py ...
[2026-02-19 23:21:15] [ERROR] [fetch.all]   FAILED: fetch_zillow_inventory.py
Traceback (most recent call last):
  File "D:\Users\Logan\Documents\GitHub\qm2023-capstone-1st-row-team\code\fetch\fetch_zillow_inventory.py", line 10, in <module>
    from fetch._fetch_utils import fetch_by_tag, logger
  File "D:\Users\Logan\Documents\GitHub\qm2023-capstone-1st-row-team\code\fetch\_fetch_utils.py", line 20, in <module>
    from config_paths import RAW_DATA_DIR, CONFIG_DIR
  File "D:\Users\Logan\Documents\GitHub\qm2023-capstone-1st-row-team\code\config_paths.py", line 106, in <module>
    ensure_directories()
    ~~~~~~~~~~~~~~~~~~^^
  File "D:\Users\Logan\Documents\GitHub\qm2023-capstone-1st-row-team\code\config_paths.py", line 103, in ensure_directories
    print(f"\u2713 Project structure verified at: {PROJECT_ROOT}")
    ~~~~~^^^^^^^^^^^^^^^^^^^^^^^^^^^^^^^^^^^^^^^^^^^^^^^^^^^^^^^^^
  File "C:\Program Files\WindowsApps\PythonSoftwareFoundation.Python.3.13_3.13.3312.0_x64__qbz5n2kfra8p0\Lib\encodings\cp1252.py", line 19, in encode
    return codecs.charmap_encode(input,self.errors,encoding_table)[0]
           ~~~~~~~~~~~~~~~~~~~~~^^^^^^^^^^^^^^^^^^^^^^^^^^^^^^^^^^
UnicodeEncodeError: 'charmap' codec can't encode character '\u2713' in position 0: character maps to <undefined>

[2026-02-19 23:21:15] [INFO] [fetch.all] Running fetch_zillow_sales_count.py ...
[2026-02-19 23:21:15] [ERROR] [fetch.all]   FAILED: fetch_zillow_sales_count.py
Traceback (most recent call last):
  File "D:\Users\Logan\Documents\GitHub\qm2023-capstone-1st-row-team\code\fetch\fetch_zillow_sales_count.py", line 10, in <module>
    from fetch._fetch_utils import fetch_by_tag, logger
  File "D:\Users\Logan\Documents\GitHub\qm2023-capstone-1st-row-team\code\fetch\_fetch_utils.py", line 20, in <module>
    from config_paths import RAW_DATA_DIR, CONFIG_DIR
  File "D:\Users\Logan\Documents\GitHub\qm2023-capstone-1st-row-team\code\config_paths.py", line 106, in <module>
    ensure_directories()
    ~~~~~~~~~~~~~~~~~~^^
  File "D:\Users\Logan\Documents\GitHub\qm2023-capstone-1st-row-team\code\config_paths.py", line 103, in ensure_directories
    print(f"\u2713 Project structure verified at: {PROJECT_ROOT}")
    ~~~~~^^^^^^^^^^^^^^^^^^^^^^^^^^^^^^^^^^^^^^^^^^^^^^^^^^^^^^^^^
  File "C:\Program Files\WindowsApps\PythonSoftwareFoundation.Python.3.13_3.13.3312.0_x64__qbz5n2kfra8p0\Lib\encodings\cp1252.py", line 19, in encode
    return codecs.charmap_encode(input,self.errors,encoding_table)[0]
           ~~~~~~~~~~~~~~~~~~~~~^^^^^^^^^^^^^^^^^^^^^^^^^^^^^^^^^^
UnicodeEncodeError: 'charmap' codec can't encode character '\u2713' in position 0: character maps to <undefined>

[2026-02-19 23:21:15] [INFO] [fetch.all] Running fetch_zillow_days_on_market.py ...
[2026-02-19 23:21:15] [ERROR] [fetch.all]   FAILED: fetch_zillow_days_on_market.py
Traceback (most recent call last):
  File "D:\Users\Logan\Documents\GitHub\qm2023-capstone-1st-row-team\code\fetch\fetch_zillow_days_on_market.py", line 10, in <module>
    from fetch._fetch_utils import fetch_by_tag, logger
  File "D:\Users\Logan\Documents\GitHub\qm2023-capstone-1st-row-team\code\fetch\_fetch_utils.py", line 20, in <module>
    from config_paths import RAW_DATA_DIR, CONFIG_DIR
  File "D:\Users\Logan\Documents\GitHub\qm2023-capstone-1st-row-team\code\config_paths.py", line 106, in <module>
    ensure_directories()
    ~~~~~~~~~~~~~~~~~~^^
  File "D:\Users\Logan\Documents\GitHub\qm2023-capstone-1st-row-team\code\config_paths.py", line 103, in ensure_directories
    print(f"\u2713 Project structure verified at: {PROJECT_ROOT}")
    ~~~~~^^^^^^^^^^^^^^^^^^^^^^^^^^^^^^^^^^^^^^^^^^^^^^^^^^^^^^^^^
  File "C:\Program Files\WindowsApps\PythonSoftwareFoundation.Python.3.13_3.13.3312.0_x64__qbz5n2kfra8p0\Lib\encodings\cp1252.py", line 19, in encode
    return codecs.charmap_encode(input,self.errors,encoding_table)[0]
           ~~~~~~~~~~~~~~~~~~~~~^^^^^^^^^^^^^^^^^^^^^^^^^^^^^^^^^^
UnicodeEncodeError: 'charmap' codec can't encode character '\u2713' in position 0: character maps to <undefined>

[2026-02-19 23:21:15] [INFO] [fetch.all] Running fetch_zillow_market_temp.py ...
[2026-02-19 23:21:16] [ERROR] [fetch.all]   FAILED: fetch_zillow_market_temp.py
Traceback (most recent call last):
  File "D:\Users\Logan\Documents\GitHub\qm2023-capstone-1st-row-team\code\fetch\fetch_zillow_market_temp.py", line 10, in <module>
    from fetch._fetch_utils import fetch_by_tag, logger
  File "D:\Users\Logan\Documents\GitHub\qm2023-capstone-1st-row-team\code\fetch\_fetch_utils.py", line 20, in <module>
    from config_paths import RAW_DATA_DIR, CONFIG_DIR
  File "D:\Users\Logan\Documents\GitHub\qm2023-capstone-1st-row-team\code\config_paths.py", line 106, in <module>
    ensure_directories()
    ~~~~~~~~~~~~~~~~~~^^
  File "D:\Users\Logan\Documents\GitHub\qm2023-capstone-1st-row-team\code\config_paths.py", line 103, in ensure_directories
    print(f"\u2713 Project structure verified at: {PROJECT_ROOT}")
    ~~~~~^^^^^^^^^^^^^^^^^^^^^^^^^^^^^^^^^^^^^^^^^^^^^^^^^^^^^^^^^
  File "C:\Program Files\WindowsApps\PythonSoftwareFoundation.Python.3.13_3.13.3312.0_x64__qbz5n2kfra8p0\Lib\encodings\cp1252.py", line 19, in encode
    return codecs.charmap_encode(input,self.errors,encoding_table)[0]
           ~~~~~~~~~~~~~~~~~~~~~^^^^^^^^^^^^^^^^^^^^^^^^^^^^^^^^^^
UnicodeEncodeError: 'charmap' codec can't encode character '\u2713' in position 0: character maps to <undefined>

[2026-02-19 23:21:16] [INFO] [fetch.all] Running fetch_zillow_new_construction.py ...
[2026-02-19 23:21:16] [ERROR] [fetch.all]   FAILED: fetch_zillow_new_construction.py
Traceback (most recent call last):
  File "D:\Users\Logan\Documents\GitHub\qm2023-capstone-1st-row-team\code\fetch\fetch_zillow_new_construction.py", line 10, in <module>
    from fetch._fetch_utils import fetch_by_tag, logger
  File "D:\Users\Logan\Documents\GitHub\qm2023-capstone-1st-row-team\code\fetch\_fetch_utils.py", line 20, in <module>
    from config_paths import RAW_DATA_DIR, CONFIG_DIR
  File "D:\Users\Logan\Documents\GitHub\qm2023-capstone-1st-row-team\code\config_paths.py", line 106, in <module>
    ensure_directories()
    ~~~~~~~~~~~~~~~~~~^^
  File "D:\Users\Logan\Documents\GitHub\qm2023-capstone-1st-row-team\code\config_paths.py", line 103, in ensure_directories
    print(f"\u2713 Project structure verified at: {PROJECT_ROOT}")
    ~~~~~^^^^^^^^^^^^^^^^^^^^^^^^^^^^^^^^^^^^^^^^^^^^^^^^^^^^^^^^^
  File "C:\Program Files\WindowsApps\PythonSoftwareFoundation.Python.3.13_3.13.3312.0_x64__qbz5n2kfra8p0\Lib\encodings\cp1252.py", line 19, in encode
    return codecs.charmap_encode(input,self.errors,encoding_table)[0]
           ~~~~~~~~~~~~~~~~~~~~~^^^^^^^^^^^^^^^^^^^^^^^^^^^^^^^^^^
UnicodeEncodeError: 'charmap' codec can't encode character '\u2713' in position 0: character maps to <undefined>

[2026-02-19 23:21:16] [INFO] [fetch.all] Running fetch_zillow_income_needed.py ...
[2026-02-19 23:21:16] [ERROR] [fetch.all]   FAILED: fetch_zillow_income_needed.py
Traceback (most recent call last):
  File "D:\Users\Logan\Documents\GitHub\qm2023-capstone-1st-row-team\code\fetch\fetch_zillow_income_needed.py", line 10, in <module>
    from fetch._fetch_utils import fetch_by_tag, logger
  File "D:\Users\Logan\Documents\GitHub\qm2023-capstone-1st-row-team\code\fetch\_fetch_utils.py", line 20, in <module>
    from config_paths import RAW_DATA_DIR, CONFIG_DIR
  File "D:\Users\Logan\Documents\GitHub\qm2023-capstone-1st-row-team\code\config_paths.py", line 106, in <module>
    ensure_directories()
    ~~~~~~~~~~~~~~~~~~^^
  File "D:\Users\Logan\Documents\GitHub\qm2023-capstone-1st-row-team\code\config_paths.py", line 103, in ensure_directories
    print(f"\u2713 Project structure verified at: {PROJECT_ROOT}")
    ~~~~~^^^^^^^^^^^^^^^^^^^^^^^^^^^^^^^^^^^^^^^^^^^^^^^^^^^^^^^^^
  File "C:\Program Files\WindowsApps\PythonSoftwareFoundation.Python.3.13_3.13.3312.0_x64__qbz5n2kfra8p0\Lib\encodings\cp1252.py", line 19, in encode
    return codecs.charmap_encode(input,self.errors,encoding_table)[0]
           ~~~~~~~~~~~~~~~~~~~~~^^^^^^^^^^^^^^^^^^^^^^^^^^^^^^^^^^
UnicodeEncodeError: 'charmap' codec can't encode character '\u2713' in position 0: character maps to <undefined>

[2026-02-19 23:21:16] [INFO] [fetch.all] Running fetch_noaa_hurdat2.py ...
[2026-02-19 23:21:16] [ERROR] [fetch.all]   FAILED: fetch_noaa_hurdat2.py
Traceback (most recent call last):
  File "D:\Users\Logan\Documents\GitHub\qm2023-capstone-1st-row-team\code\fetch\fetch_noaa_hurdat2.py", line 11, in <module>
    from config_paths import RAW_DATA_DIR
  File "D:\Users\Logan\Documents\GitHub\qm2023-capstone-1st-row-team\code\config_paths.py", line 106, in <module>
    ensure_directories()
    ~~~~~~~~~~~~~~~~~~^^
  File "D:\Users\Logan\Documents\GitHub\qm2023-capstone-1st-row-team\code\config_paths.py", line 103, in ensure_directories
    print(f"\u2713 Project structure verified at: {PROJECT_ROOT}")
    ~~~~~^^^^^^^^^^^^^^^^^^^^^^^^^^^^^^^^^^^^^^^^^^^^^^^^^^^^^^^^^
  File "C:\Program Files\WindowsApps\PythonSoftwareFoundation.Python.3.13_3.13.3312.0_x64__qbz5n2kfra8p0\Lib\encodings\cp1252.py", line 19, in encode
    return codecs.charmap_encode(input,self.errors,encoding_table)[0]
           ~~~~~~~~~~~~~~~~~~~~~^^^^^^^^^^^^^^^^^^^^^^^^^^^^^^^^^^
UnicodeEncodeError: 'charmap' codec can't encode character '\u2713' in position 0: character maps to <undefined>

[2026-02-19 23:21:16] [INFO] [fetch.all] Running fetch_noaa_economic_impacts.py ...
[2026-02-19 23:21:16] [ERROR] [fetch.all]   FAILED: fetch_noaa_economic_impacts.py
Traceback (most recent call last):
  File "D:\Users\Logan\Documents\GitHub\qm2023-capstone-1st-row-team\code\fetch\fetch_noaa_economic_impacts.py", line 10, in <module>
    from fetch._fetch_utils import fetch_by_tag, logger
  File "D:\Users\Logan\Documents\GitHub\qm2023-capstone-1st-row-team\code\fetch\_fetch_utils.py", line 20, in <module>
    from config_paths import RAW_DATA_DIR, CONFIG_DIR
  File "D:\Users\Logan\Documents\GitHub\qm2023-capstone-1st-row-team\code\config_paths.py", line 106, in <module>
    ensure_directories()
    ~~~~~~~~~~~~~~~~~~^^
  File "D:\Users\Logan\Documents\GitHub\qm2023-capstone-1st-row-team\code\config_paths.py", line 103, in ensure_directories
    print(f"\u2713 Project structure verified at: {PROJECT_ROOT}")
    ~~~~~^^^^^^^^^^^^^^^^^^^^^^^^^^^^^^^^^^^^^^^^^^^^^^^^^^^^^^^^^
  File "C:\Program Files\WindowsApps\PythonSoftwareFoundation.Python.3.13_3.13.3312.0_x64__qbz5n2kfra8p0\Lib\encodings\cp1252.py", line 19, in encode
    return codecs.charmap_encode(input,self.errors,encoding_table)[0]
           ~~~~~~~~~~~~~~~~~~~~~^^^^^^^^^^^^^^^^^^^^^^^^^^^^^^^^^^
UnicodeEncodeError: 'charmap' codec can't encode character '\u2713' in position 0: character maps to <undefined>

[2026-02-19 23:21:16] [INFO] [fetch.all] ============================================================
[2026-02-19 23:21:16] [INFO] [fetch.all] Fetch complete: 0 succeeded, 13 failed
[2026-02-19 23:21:16] [WARNING] [fetch.all] Failed scripts: fetch_zillow_zhvi_metro.py, fetch_zillow_zhvi_state.py, fetch_zillow_zhvf_growth.py, fetch_zillow_zori.py, fetch_zillow_zorf_growth.py, fetch_zillow_inventory.py, fetch_zillow_sales_count.py, fetch_zillow_days_on_market.py, fetch_zillow_market_temp.py, fetch_zillow_new_construction.py, fetch_zillow_income_needed.py, fetch_noaa_hurdat2.py, fetch_noaa_economic_impacts.py
[2026-02-19 23:21:16] [INFO] [fetch.all] ============================================================
[2026-02-19 23:24:39] [INFO] [fetch.all] ============================================================
[2026-02-19 23:24:39] [INFO] [fetch.all] FETCH ALL DATA SOURCES
[2026-02-19 23:24:39] [INFO] [fetch.all] ============================================================
[2026-02-19 23:24:39] [INFO] [fetch.all] Running fetch_zillow_zhvi_metro.py ...
[2026-02-19 23:24:39] [INFO] [fetch.utils] Fetching Zillow Home Value Index (Metro)...
[2026-02-19 23:24:39] [INFO] [fetch.utils] Already cached: Metro_zhvi_uc_sfrcondo_tier_0.33_0.67_sm_sa_month.csv
[2026-02-19 23:24:39] [INFO] [fetch.utils] Success: D:\Users\Logan\Documents\GitHub\qm2023-capstone-1st-row-team\data\raw\Metro_zhvi_uc_sfrcondo_tier_0.33_0.67_sm_sa_month.csv
[2026-02-19 23:24:39] [INFO] [fetch.all]   OK: fetch_zillow_zhvi_metro.py
[2026-02-19 23:24:39] [INFO] [fetch.all] Running fetch_zillow_zhvi_state.py ...
[2026-02-19 23:24:39] [INFO] [fetch.utils] Fetching Zillow Home Value Index (State)...
[2026-02-19 23:24:39] [INFO] [fetch.utils] Downloading State_zhvi_uc_sfrcondo_tier_0.33_0.67_sm_sa_month.csv ...
[2026-02-19 23:24:40] [INFO] [fetch.utils] Saved: State_zhvi_uc_sfrcondo_tier_0.33_0.67_sm_sa_month.csv (297193 bytes)
[2026-02-19 23:24:40] [INFO] [fetch.utils] Success: D:\Users\Logan\Documents\GitHub\qm2023-capstone-1st-row-team\data\raw\State_zhvi_uc_sfrcondo_tier_0.33_0.67_sm_sa_month.csv
[2026-02-19 23:24:40] [INFO] [fetch.all]   OK: fetch_zillow_zhvi_state.py
[2026-02-19 23:24:40] [INFO] [fetch.all] Running fetch_zillow_zhvf_growth.py ...
[2026-02-19 23:24:40] [INFO] [fetch.utils] Fetching Zillow Home Value Forecast Growth...
[2026-02-19 23:24:40] [INFO] [fetch.utils] Downloading Metro_zhvf_growth_uc_sfrcondo_tier_0.33_0.67_sm_sa_month.csv ...
[2026-02-19 23:24:41] [INFO] [fetch.utils] Saved: Metro_zhvf_growth_uc_sfrcondo_tier_0.33_0.67_sm_sa_month.csv (51031 bytes)
[2026-02-19 23:24:41] [INFO] [fetch.utils] Success: D:\Users\Logan\Documents\GitHub\qm2023-capstone-1st-row-team\data\raw\Metro_zhvf_growth_uc_sfrcondo_tier_0.33_0.67_sm_sa_month.csv
[2026-02-19 23:24:41] [INFO] [fetch.all]   OK: fetch_zillow_zhvf_growth.py
[2026-02-19 23:24:41] [INFO] [fetch.all] Running fetch_zillow_zori.py ...
[2026-02-19 23:24:41] [INFO] [fetch.utils] Fetching Zillow Observed Rent Index...
[2026-02-19 23:24:41] [INFO] [fetch.utils] Downloading Metro_zori_uc_sfrcondomfr_sm_month.csv ...
[2026-02-19 23:24:43] [INFO] [fetch.utils] Saved: Metro_zori_uc_sfrcondomfr_sm_month.csv (973569 bytes)
[2026-02-19 23:24:43] [INFO] [fetch.utils] Success: D:\Users\Logan\Documents\GitHub\qm2023-capstone-1st-row-team\data\raw\Metro_zori_uc_sfrcondomfr_sm_month.csv
[2026-02-19 23:24:43] [INFO] [fetch.all]   OK: fetch_zillow_zori.py
[2026-02-19 23:24:43] [INFO] [fetch.all] Running fetch_zillow_zorf_growth.py ...
[2026-02-19 23:24:43] [INFO] [fetch.utils] Fetching Zillow Observed Rent Forecast Growth...
[2026-02-19 23:24:43] [INFO] [fetch.utils] Downloading National_zorf_growth_uc_sfr_sm_month.csv ...
[2026-02-19 23:24:44] [INFO] [fetch.utils] Saved: National_zorf_growth_uc_sfr_sm_month.csv (136 bytes)
[2026-02-19 23:24:44] [INFO] [fetch.utils] Success: D:\Users\Logan\Documents\GitHub\qm2023-capstone-1st-row-team\data\raw\National_zorf_growth_uc_sfr_sm_month.csv
[2026-02-19 23:24:44] [INFO] [fetch.all]   OK: fetch_zillow_zorf_growth.py
[2026-02-19 23:24:44] [INFO] [fetch.all] Running fetch_zillow_inventory.py ...
[2026-02-19 23:24:44] [INFO] [fetch.utils] Fetching Zillow For-Sale Inventory...
[2026-02-19 23:24:44] [INFO] [fetch.utils] Downloading Metro_invt_fs_uc_sfrcondo_sm_month.csv ...
[2026-02-19 23:24:45] [INFO] [fetch.utils] Saved: Metro_invt_fs_uc_sfrcondo_sm_month.csv (563618 bytes)
[2026-02-19 23:24:45] [INFO] [fetch.utils] Success: D:\Users\Logan\Documents\GitHub\qm2023-capstone-1st-row-team\data\raw\Metro_invt_fs_uc_sfrcondo_sm_month.csv
[2026-02-19 23:24:45] [INFO] [fetch.all]   OK: fetch_zillow_inventory.py
[2026-02-19 23:24:45] [INFO] [fetch.all] Running fetch_zillow_sales_count.py ...
[2026-02-19 23:24:45] [INFO] [fetch.utils] Fetching Zillow Sales Count...
[2026-02-19 23:24:45] [INFO] [fetch.utils] Downloading Metro_sales_count_now_uc_sfrcondo_month.csv ...
[2026-02-19 23:24:46] [INFO] [fetch.utils] Saved: Metro_sales_count_now_uc_sfrcondo_month.csv (141563 bytes)
[2026-02-19 23:24:46] [INFO] [fetch.utils] Success: D:\Users\Logan\Documents\GitHub\qm2023-capstone-1st-row-team\data\raw\Metro_sales_count_now_uc_sfrcondo_month.csv
[2026-02-19 23:24:46] [INFO] [fetch.all]   OK: fetch_zillow_sales_count.py
[2026-02-19 23:24:46] [INFO] [fetch.all] Running fetch_zillow_days_on_market.py ...
[2026-02-19 23:24:46] [INFO] [fetch.utils] Fetching Zillow Mean Days on Market...
[2026-02-19 23:24:46] [INFO] [fetch.utils] Downloading Metro_mean_doz_pending_uc_sfrcondo_sm_month.csv ...
[2026-02-19 23:24:47] [INFO] [fetch.utils] Saved: Metro_mean_doz_pending_uc_sfrcondo_sm_month.csv (273726 bytes)
[2026-02-19 23:24:47] [INFO] [fetch.utils] Success: D:\Users\Logan\Documents\GitHub\qm2023-capstone-1st-row-team\data\raw\Metro_mean_doz_pending_uc_sfrcondo_sm_month.csv
[2026-02-19 23:24:47] [INFO] [fetch.all]   OK: fetch_zillow_days_on_market.py
[2026-02-19 23:24:47] [INFO] [fetch.all] Running fetch_zillow_market_temp.py ...
[2026-02-19 23:24:48] [INFO] [fetch.utils] Fetching Zillow Market Temperature Index...
[2026-02-19 23:24:48] [INFO] [fetch.utils] Downloading Metro_market_temp_index_uc_sfrcondo_month.csv ...
[2026-02-19 23:24:49] [INFO] [fetch.utils] Saved: Metro_market_temp_index_uc_sfrcondo_month.csv (475160 bytes)
[2026-02-19 23:24:49] [INFO] [fetch.utils] Success: D:\Users\Logan\Documents\GitHub\qm2023-capstone-1st-row-team\data\raw\Metro_market_temp_index_uc_sfrcondo_month.csv
[2026-02-19 23:24:49] [INFO] [fetch.all]   OK: fetch_zillow_market_temp.py
[2026-02-19 23:24:49] [INFO] [fetch.all] Running fetch_zillow_new_construction.py ...
[2026-02-19 23:24:49] [INFO] [fetch.utils] Fetching Zillow New Construction Sales...
[2026-02-19 23:24:49] [INFO] [fetch.utils] Downloading Metro_new_con_sales_count_raw_uc_sfrcondo_month.csv ...
[2026-02-19 23:24:50] [INFO] [fetch.utils] Saved: Metro_new_con_sales_count_raw_uc_sfrcondo_month.csv (176371 bytes)
[2026-02-19 23:24:50] [INFO] [fetch.utils] Success: D:\Users\Logan\Documents\GitHub\qm2023-capstone-1st-row-team\data\raw\Metro_new_con_sales_count_raw_uc_sfrcondo_month.csv
[2026-02-19 23:24:50] [INFO] [fetch.all]   OK: fetch_zillow_new_construction.py
[2026-02-19 23:24:50] [INFO] [fetch.all] Running fetch_zillow_income_needed.py ...
[2026-02-19 23:24:50] [INFO] [fetch.utils] Fetching Zillow Income Needed for Homeownership...
[2026-02-19 23:24:50] [INFO] [fetch.utils] Downloading Metro_new_homeowner_income_needed_downpayment_0.20_uc_sfrcondo_tier_0.33_0.67_sm_sa_month.csv ...
[2026-02-19 23:24:51] [INFO] [fetch.utils] Saved: Metro_new_homeowner_income_needed_downpayment_0.20_uc_sfrcondo_tier_0.33_0.67_sm_sa_month.csv (1216458 bytes)
[2026-02-19 23:24:51] [INFO] [fetch.utils] Success: D:\Users\Logan\Documents\GitHub\qm2023-capstone-1st-row-team\data\raw\Metro_new_homeowner_income_needed_downpayment_0.20_uc_sfrcondo_tier_0.33_0.67_sm_sa_month.csv
[2026-02-19 23:24:51] [INFO] [fetch.all]   OK: fetch_zillow_income_needed.py
[2026-02-19 23:24:51] [INFO] [fetch.all] Running fetch_noaa_hurdat2.py ...
[2026-02-19 23:24:51] [INFO] [fetch.noaa_hurdat2] Downloading HURDAT2 from https://www.nhc.noaa.gov/data/hurdat2/hurdat2.txt ...
[2026-02-19 23:24:51] [ERROR] [fetch.noaa_hurdat2] Failed to download HURDAT2: HTTP Error 404: Not Found
Traceback (most recent call last):
  File "D:\Users\Logan\Documents\GitHub\qm2023-capstone-1st-row-team\code\fetch\fetch_noaa_hurdat2.py", line 26, in main
    urlretrieve(HURDAT2_URL, OUTPUT_FILE)
    ~~~~~~~~~~~^^^^^^^^^^^^^^^^^^^^^^^^^^
  File "C:\Program Files\WindowsApps\PythonSoftwareFoundation.Python.3.13_3.13.3312.0_x64__qbz5n2kfra8p0\Lib\urllib\request.py", line 214, in urlretrieve
    with contextlib.closing(urlopen(url, data)) as fp:
                            ~~~~~~~^^^^^^^^^^^
  File "C:\Program Files\WindowsApps\PythonSoftwareFoundation.Python.3.13_3.13.3312.0_x64__qbz5n2kfra8p0\Lib\urllib\request.py", line 189, in urlopen
    return opener.open(url, data, timeout)
           ~~~~~~~~~~~^^^^^^^^^^^^^^^^^^^^
  File "C:\Program Files\WindowsApps\PythonSoftwareFoundation.Python.3.13_3.13.3312.0_x64__qbz5n2kfra8p0\Lib\urllib\request.py", line 495, in open
    response = meth(req, response)
  File "C:\Program Files\WindowsApps\PythonSoftwareFoundation.Python.3.13_3.13.3312.0_x64__qbz5n2kfra8p0\Lib\urllib\request.py", line 604, in http_response
    response = self.parent.error(
        'http', request, response, code, msg, hdrs)
  File "C:\Program Files\WindowsApps\PythonSoftwareFoundation.Python.3.13_3.13.3312.0_x64__qbz5n2kfra8p0\Lib\urllib\request.py", line 533, in error
    return self._call_chain(*args)
           ~~~~~~~~~~~~~~~~^^^^^^^
  File "C:\Program Files\WindowsApps\PythonSoftwareFoundation.Python.3.13_3.13.3312.0_x64__qbz5n2kfra8p0\Lib\urllib\request.py", line 466, in _call_chain
    result = func(*args)
  File "C:\Program Files\WindowsApps\PythonSoftwareFoundation.Python.3.13_3.13.3312.0_x64__qbz5n2kfra8p0\Lib\urllib\request.py", line 613, in http_error_default
    raise HTTPError(req.full_url, code, msg, hdrs, fp)
urllib.error.HTTPError: HTTP Error 404: Not Found
[2026-02-19 23:24:51] [ERROR] [fetch.all]   FAILED: fetch_noaa_hurdat2.py

[2026-02-19 23:24:51] [INFO] [fetch.all] Running fetch_noaa_economic_impacts.py ...
[2026-02-19 23:24:52] [INFO] [fetch.utils] Fetching NOAA economic impact data...
[2026-02-19 23:24:52] [INFO] [fetch.utils] Downloading events ...
[2026-02-19 23:24:54] [INFO] [fetch.utils] Saved: events.html (1253105 bytes)
[2026-02-19 23:24:54] [INFO] [fetch.utils] Success: D:\Users\Logan\Documents\GitHub\qm2023-capstone-1st-row-team\data\raw\events.html
[2026-02-19 23:24:54] [INFO] [fetch.all]   OK: fetch_noaa_economic_impacts.py
[2026-02-19 23:24:54] [INFO] [fetch.all] ============================================================
[2026-02-19 23:24:54] [INFO] [fetch.all] Fetch complete: 12 succeeded, 1 failed
[2026-02-19 23:24:54] [WARNING] [fetch.all] Failed scripts: fetch_noaa_hurdat2.py
[2026-02-19 23:24:54] [INFO] [fetch.all] ============================================================
[2026-02-19 23:36:20] [INFO] [fetch.all] ============================================================
[2026-02-19 23:36:20] [INFO] [fetch.all] FETCH ALL DATA SOURCES
[2026-02-19 23:36:20] [INFO] [fetch.all] ============================================================
[2026-02-19 23:36:20] [INFO] [fetch.all] Running fetch_zillow_zhvi_metro.py ...
[2026-02-19 23:36:20] [INFO] [fetch.utils] Fetching Zillow Home Value Index (Metro)...
[2026-02-19 23:36:20] [INFO] [fetch.utils] Already cached: Metro_zhvi_uc_sfrcondo_tier_0.33_0.67_sm_sa_month.csv
[2026-02-19 23:36:20] [INFO] [fetch.utils] Success: D:\Users\Logan\Documents\GitHub\qm2023-capstone-1st-row-team\data\raw\Metro_zhvi_uc_sfrcondo_tier_0.33_0.67_sm_sa_month.csv
[2026-02-19 23:36:20] [INFO] [fetch.all]   OK: fetch_zillow_zhvi_metro.py
[2026-02-19 23:36:20] [INFO] [fetch.all] Running fetch_zillow_zhvi_state.py ...
[2026-02-19 23:36:20] [INFO] [fetch.utils] Fetching Zillow Home Value Index (State)...
[2026-02-19 23:36:20] [INFO] [fetch.utils] Already cached: State_zhvi_uc_sfrcondo_tier_0.33_0.67_sm_sa_month.csv
[2026-02-19 23:36:20] [INFO] [fetch.utils] Success: D:\Users\Logan\Documents\GitHub\qm2023-capstone-1st-row-team\data\raw\State_zhvi_uc_sfrcondo_tier_0.33_0.67_sm_sa_month.csv
[2026-02-19 23:36:20] [INFO] [fetch.all]   OK: fetch_zillow_zhvi_state.py
[2026-02-19 23:36:20] [INFO] [fetch.all] Running fetch_zillow_zhvf_growth.py ...
[2026-02-19 23:36:21] [INFO] [fetch.utils] Fetching Zillow Home Value Forecast Growth...
[2026-02-19 23:36:21] [INFO] [fetch.utils] Already cached: Metro_zhvf_growth_uc_sfrcondo_tier_0.33_0.67_sm_sa_month.csv
[2026-02-19 23:36:21] [INFO] [fetch.utils] Success: D:\Users\Logan\Documents\GitHub\qm2023-capstone-1st-row-team\data\raw\Metro_zhvf_growth_uc_sfrcondo_tier_0.33_0.67_sm_sa_month.csv
[2026-02-19 23:36:21] [INFO] [fetch.all]   OK: fetch_zillow_zhvf_growth.py
[2026-02-19 23:36:21] [INFO] [fetch.all] Running fetch_zillow_zori.py ...
[2026-02-19 23:36:21] [INFO] [fetch.utils] Fetching Zillow Observed Rent Index...
[2026-02-19 23:36:21] [INFO] [fetch.utils] Already cached: Metro_zori_uc_sfrcondomfr_sm_month.csv
[2026-02-19 23:36:21] [INFO] [fetch.utils] Success: D:\Users\Logan\Documents\GitHub\qm2023-capstone-1st-row-team\data\raw\Metro_zori_uc_sfrcondomfr_sm_month.csv
[2026-02-19 23:36:21] [INFO] [fetch.all]   OK: fetch_zillow_zori.py
[2026-02-19 23:36:21] [INFO] [fetch.all] Running fetch_zillow_zorf_growth.py ...
[2026-02-19 23:36:21] [INFO] [fetch.utils] Fetching Zillow Observed Rent Forecast Growth...
[2026-02-19 23:36:21] [INFO] [fetch.utils] Already cached: National_zorf_growth_uc_sfr_sm_month.csv
[2026-02-19 23:36:21] [INFO] [fetch.utils] Success: D:\Users\Logan\Documents\GitHub\qm2023-capstone-1st-row-team\data\raw\National_zorf_growth_uc_sfr_sm_month.csv
[2026-02-19 23:36:21] [INFO] [fetch.all]   OK: fetch_zillow_zorf_growth.py
[2026-02-19 23:36:21] [INFO] [fetch.all] Running fetch_zillow_inventory.py ...
[2026-02-19 23:36:21] [INFO] [fetch.utils] Fetching Zillow For-Sale Inventory...
[2026-02-19 23:36:21] [INFO] [fetch.utils] Already cached: Metro_invt_fs_uc_sfrcondo_sm_month.csv
[2026-02-19 23:36:21] [INFO] [fetch.utils] Success: D:\Users\Logan\Documents\GitHub\qm2023-capstone-1st-row-team\data\raw\Metro_invt_fs_uc_sfrcondo_sm_month.csv
[2026-02-19 23:36:21] [INFO] [fetch.all]   OK: fetch_zillow_inventory.py
[2026-02-19 23:36:21] [INFO] [fetch.all] Running fetch_zillow_sales_count.py ...
[2026-02-19 23:36:21] [INFO] [fetch.utils] Fetching Zillow Sales Count...
[2026-02-19 23:36:21] [INFO] [fetch.utils] Already cached: Metro_sales_count_now_uc_sfrcondo_month.csv
[2026-02-19 23:36:21] [INFO] [fetch.utils] Success: D:\Users\Logan\Documents\GitHub\qm2023-capstone-1st-row-team\data\raw\Metro_sales_count_now_uc_sfrcondo_month.csv
[2026-02-19 23:36:21] [INFO] [fetch.all]   OK: fetch_zillow_sales_count.py
[2026-02-19 23:36:21] [INFO] [fetch.all] Running fetch_zillow_days_on_market.py ...
[2026-02-19 23:36:22] [INFO] [fetch.utils] Fetching Zillow Mean Days on Market...
[2026-02-19 23:36:22] [INFO] [fetch.utils] Already cached: Metro_mean_doz_pending_uc_sfrcondo_sm_month.csv
[2026-02-19 23:36:22] [INFO] [fetch.utils] Success: D:\Users\Logan\Documents\GitHub\qm2023-capstone-1st-row-team\data\raw\Metro_mean_doz_pending_uc_sfrcondo_sm_month.csv
[2026-02-19 23:36:22] [INFO] [fetch.all]   OK: fetch_zillow_days_on_market.py
[2026-02-19 23:36:22] [INFO] [fetch.all] Running fetch_zillow_market_temp.py ...
[2026-02-19 23:36:22] [INFO] [fetch.utils] Fetching Zillow Market Temperature Index...
[2026-02-19 23:36:22] [INFO] [fetch.utils] Already cached: Metro_market_temp_index_uc_sfrcondo_month.csv
[2026-02-19 23:36:22] [INFO] [fetch.utils] Success: D:\Users\Logan\Documents\GitHub\qm2023-capstone-1st-row-team\data\raw\Metro_market_temp_index_uc_sfrcondo_month.csv
[2026-02-19 23:36:22] [INFO] [fetch.all]   OK: fetch_zillow_market_temp.py
[2026-02-19 23:36:22] [INFO] [fetch.all] Running fetch_zillow_new_construction.py ...
[2026-02-19 23:36:22] [INFO] [fetch.utils] Fetching Zillow New Construction Sales...
[2026-02-19 23:36:22] [INFO] [fetch.utils] Already cached: Metro_new_con_sales_count_raw_uc_sfrcondo_month.csv
[2026-02-19 23:36:22] [INFO] [fetch.utils] Success: D:\Users\Logan\Documents\GitHub\qm2023-capstone-1st-row-team\data\raw\Metro_new_con_sales_count_raw_uc_sfrcondo_month.csv
[2026-02-19 23:36:22] [INFO] [fetch.all]   OK: fetch_zillow_new_construction.py
[2026-02-19 23:36:22] [INFO] [fetch.all] Running fetch_zillow_income_needed.py ...
[2026-02-19 23:36:22] [INFO] [fetch.utils] Fetching Zillow Income Needed for Homeownership...
[2026-02-19 23:36:22] [INFO] [fetch.utils] Already cached: Metro_new_homeowner_income_needed_downpayment_0.20_uc_sfrcondo_tier_0.33_0.67_sm_sa_month.csv
[2026-02-19 23:36:22] [INFO] [fetch.utils] Success: D:\Users\Logan\Documents\GitHub\qm2023-capstone-1st-row-team\data\raw\Metro_new_homeowner_income_needed_downpayment_0.20_uc_sfrcondo_tier_0.33_0.67_sm_sa_month.csv
[2026-02-19 23:36:22] [INFO] [fetch.all]   OK: fetch_zillow_income_needed.py
[2026-02-19 23:36:22] [INFO] [fetch.all] Running fetch_noaa_hurdat2.py ...
[2026-02-19 23:36:22] [INFO] [fetch.noaa_hurdat2] Downloading HURDAT2 from https://www.nhc.noaa.gov/data/hurdat2/hurdat2.txt ...
[2026-02-19 23:36:23] [ERROR] [fetch.noaa_hurdat2] Failed to download HURDAT2: HTTP Error 404: Not Found
Traceback (most recent call last):
  File "D:\Users\Logan\Documents\GitHub\qm2023-capstone-1st-row-team\code\fetch\fetch_noaa_hurdat2.py", line 26, in main
    urlretrieve(HURDAT2_URL, OUTPUT_FILE)
    ~~~~~~~~~~~^^^^^^^^^^^^^^^^^^^^^^^^^^
  File "C:\Program Files\WindowsApps\PythonSoftwareFoundation.Python.3.13_3.13.3312.0_x64__qbz5n2kfra8p0\Lib\urllib\request.py", line 214, in urlretrieve
    with contextlib.closing(urlopen(url, data)) as fp:
                            ~~~~~~~^^^^^^^^^^^
  File "C:\Program Files\WindowsApps\PythonSoftwareFoundation.Python.3.13_3.13.3312.0_x64__qbz5n2kfra8p0\Lib\urllib\request.py", line 189, in urlopen
    return opener.open(url, data, timeout)
           ~~~~~~~~~~~^^^^^^^^^^^^^^^^^^^^
  File "C:\Program Files\WindowsApps\PythonSoftwareFoundation.Python.3.13_3.13.3312.0_x64__qbz5n2kfra8p0\Lib\urllib\request.py", line 495, in open
    response = meth(req, response)
  File "C:\Program Files\WindowsApps\PythonSoftwareFoundation.Python.3.13_3.13.3312.0_x64__qbz5n2kfra8p0\Lib\urllib\request.py", line 604, in http_response
    response = self.parent.error(
        'http', request, response, code, msg, hdrs)
  File "C:\Program Files\WindowsApps\PythonSoftwareFoundation.Python.3.13_3.13.3312.0_x64__qbz5n2kfra8p0\Lib\urllib\request.py", line 533, in error
    return self._call_chain(*args)
           ~~~~~~~~~~~~~~~~^^^^^^^
  File "C:\Program Files\WindowsApps\PythonSoftwareFoundation.Python.3.13_3.13.3312.0_x64__qbz5n2kfra8p0\Lib\urllib\request.py", line 466, in _call_chain
    result = func(*args)
  File "C:\Program Files\WindowsApps\PythonSoftwareFoundation.Python.3.13_3.13.3312.0_x64__qbz5n2kfra8p0\Lib\urllib\request.py", line 613, in http_error_default
    raise HTTPError(req.full_url, code, msg, hdrs, fp)
urllib.error.HTTPError: HTTP Error 404: Not Found
[2026-02-19 23:36:23] [ERROR] [fetch.all]   FAILED: fetch_noaa_hurdat2.py

[2026-02-19 23:36:23] [INFO] [fetch.all] Running fetch_noaa_economic_impacts.py ...
[2026-02-19 23:36:23] [INFO] [fetch.utils] Fetching NOAA economic impact data...
[2026-02-19 23:36:23] [INFO] [fetch.utils] Downloading events ...
[2026-02-19 23:36:25] [INFO] [fetch.utils] Saved: events.html (1253105 bytes)
[2026-02-19 23:36:25] [INFO] [fetch.utils] Success: D:\Users\Logan\Documents\GitHub\qm2023-capstone-1st-row-team\data\raw\events.html
[2026-02-19 23:36:25] [INFO] [fetch.all]   OK: fetch_noaa_economic_impacts.py
[2026-02-19 23:36:25] [INFO] [fetch.all] ============================================================
[2026-02-19 23:36:25] [INFO] [fetch.all] Fetch complete: 12 succeeded, 1 failed
[2026-02-19 23:36:25] [WARNING] [fetch.all] Failed scripts: fetch_noaa_hurdat2.py
[2026-02-19 23:36:25] [INFO] [fetch.all] ============================================================
[2026-02-20 00:11:45] [INFO] [fetch.all] ============================================================
[2026-02-20 00:11:45] [INFO] [fetch.all] FETCH ALL DATA SOURCES
[2026-02-20 00:11:45] [INFO] [fetch.all] ============================================================
[2026-02-20 00:11:45] [INFO] [fetch.all] Running fetch_zillow_zhvi_metro.py ...
[2026-02-20 00:11:45] [INFO] [fetch.utils] Fetching Zillow Home Value Index (Metro)...
[2026-02-20 00:11:45] [INFO] [fetch.utils] Already cached: Metro_zhvi_uc_sfrcondo_tier_0.33_0.67_sm_sa_month.csv
[2026-02-20 00:11:45] [INFO] [fetch.utils] Success: D:\Users\Logan\Documents\GitHub\qm2023-capstone-1st-row-team\data\raw\Metro_zhvi_uc_sfrcondo_tier_0.33_0.67_sm_sa_month.csv
[2026-02-20 00:11:45] [INFO] [fetch.all]   OK: fetch_zillow_zhvi_metro.py
[2026-02-20 00:11:45] [INFO] [fetch.all] Running fetch_zillow_zhvi_state.py ...
[2026-02-20 00:11:45] [INFO] [fetch.utils] Fetching Zillow Home Value Index (State)...
[2026-02-20 00:11:45] [INFO] [fetch.utils] Already cached: State_zhvi_uc_sfrcondo_tier_0.33_0.67_sm_sa_month.csv
[2026-02-20 00:11:45] [INFO] [fetch.utils] Success: D:\Users\Logan\Documents\GitHub\qm2023-capstone-1st-row-team\data\raw\State_zhvi_uc_sfrcondo_tier_0.33_0.67_sm_sa_month.csv
[2026-02-20 00:11:45] [INFO] [fetch.all]   OK: fetch_zillow_zhvi_state.py
[2026-02-20 00:11:45] [INFO] [fetch.all] Running fetch_zillow_zhvf_growth.py ...
[2026-02-20 00:11:45] [INFO] [fetch.utils] Fetching Zillow Home Value Forecast Growth...
[2026-02-20 00:11:45] [INFO] [fetch.utils] Already cached: Metro_zhvf_growth_uc_sfrcondo_tier_0.33_0.67_sm_sa_month.csv
[2026-02-20 00:11:45] [INFO] [fetch.utils] Success: D:\Users\Logan\Documents\GitHub\qm2023-capstone-1st-row-team\data\raw\Metro_zhvf_growth_uc_sfrcondo_tier_0.33_0.67_sm_sa_month.csv
[2026-02-20 00:11:45] [INFO] [fetch.all]   OK: fetch_zillow_zhvf_growth.py
[2026-02-20 00:11:45] [INFO] [fetch.all] Running fetch_zillow_zori.py ...
[2026-02-20 00:11:45] [INFO] [fetch.utils] Fetching Zillow Observed Rent Index...
[2026-02-20 00:11:45] [INFO] [fetch.utils] Already cached: Metro_zori_uc_sfrcondomfr_sm_month.csv
[2026-02-20 00:11:45] [INFO] [fetch.utils] Success: D:\Users\Logan\Documents\GitHub\qm2023-capstone-1st-row-team\data\raw\Metro_zori_uc_sfrcondomfr_sm_month.csv
[2026-02-20 00:11:45] [INFO] [fetch.all]   OK: fetch_zillow_zori.py
[2026-02-20 00:11:45] [INFO] [fetch.all] Running fetch_zillow_zorf_growth.py ...
[2026-02-20 00:11:46] [INFO] [fetch.utils] Fetching Zillow Observed Rent Forecast Growth...
[2026-02-20 00:11:46] [INFO] [fetch.utils] Already cached: National_zorf_growth_uc_sfr_sm_month.csv
[2026-02-20 00:11:46] [INFO] [fetch.utils] Success: D:\Users\Logan\Documents\GitHub\qm2023-capstone-1st-row-team\data\raw\National_zorf_growth_uc_sfr_sm_month.csv
[2026-02-20 00:11:46] [INFO] [fetch.all]   OK: fetch_zillow_zorf_growth.py
[2026-02-20 00:11:46] [INFO] [fetch.all] Running fetch_zillow_inventory.py ...
[2026-02-20 00:11:46] [INFO] [fetch.utils] Fetching Zillow For-Sale Inventory...
[2026-02-20 00:11:46] [INFO] [fetch.utils] Already cached: Metro_invt_fs_uc_sfrcondo_sm_month.csv
[2026-02-20 00:11:46] [INFO] [fetch.utils] Success: D:\Users\Logan\Documents\GitHub\qm2023-capstone-1st-row-team\data\raw\Metro_invt_fs_uc_sfrcondo_sm_month.csv
[2026-02-20 00:11:46] [INFO] [fetch.all]   OK: fetch_zillow_inventory.py
[2026-02-20 00:11:46] [INFO] [fetch.all] Running fetch_zillow_sales_count.py ...
[2026-02-20 00:11:46] [INFO] [fetch.utils] Fetching Zillow Sales Count...
[2026-02-20 00:11:46] [INFO] [fetch.utils] Already cached: Metro_sales_count_now_uc_sfrcondo_month.csv
[2026-02-20 00:11:46] [INFO] [fetch.utils] Success: D:\Users\Logan\Documents\GitHub\qm2023-capstone-1st-row-team\data\raw\Metro_sales_count_now_uc_sfrcondo_month.csv
[2026-02-20 00:11:46] [INFO] [fetch.all]   OK: fetch_zillow_sales_count.py
[2026-02-20 00:11:46] [INFO] [fetch.all] Running fetch_zillow_days_on_market.py ...
[2026-02-20 00:11:46] [INFO] [fetch.utils] Fetching Zillow Mean Days on Market...
[2026-02-20 00:11:46] [INFO] [fetch.utils] Already cached: Metro_mean_doz_pending_uc_sfrcondo_sm_month.csv
[2026-02-20 00:11:46] [INFO] [fetch.utils] Success: D:\Users\Logan\Documents\GitHub\qm2023-capstone-1st-row-team\data\raw\Metro_mean_doz_pending_uc_sfrcondo_sm_month.csv
[2026-02-20 00:11:46] [INFO] [fetch.all]   OK: fetch_zillow_days_on_market.py
[2026-02-20 00:11:46] [INFO] [fetch.all] Running fetch_zillow_market_temp.py ...
[2026-02-20 00:11:46] [INFO] [fetch.utils] Fetching Zillow Market Temperature Index...
[2026-02-20 00:11:46] [INFO] [fetch.utils] Already cached: Metro_market_temp_index_uc_sfrcondo_month.csv
[2026-02-20 00:11:46] [INFO] [fetch.utils] Success: D:\Users\Logan\Documents\GitHub\qm2023-capstone-1st-row-team\data\raw\Metro_market_temp_index_uc_sfrcondo_month.csv
[2026-02-20 00:11:46] [INFO] [fetch.all]   OK: fetch_zillow_market_temp.py
[2026-02-20 00:11:46] [INFO] [fetch.all] Running fetch_zillow_new_construction.py ...
[2026-02-20 00:11:46] [INFO] [fetch.utils] Fetching Zillow New Construction Sales...
[2026-02-20 00:11:46] [INFO] [fetch.utils] Already cached: Metro_new_con_sales_count_raw_uc_sfrcondo_month.csv
[2026-02-20 00:11:46] [INFO] [fetch.utils] Success: D:\Users\Logan\Documents\GitHub\qm2023-capstone-1st-row-team\data\raw\Metro_new_con_sales_count_raw_uc_sfrcondo_month.csv
[2026-02-20 00:11:46] [INFO] [fetch.all]   OK: fetch_zillow_new_construction.py
[2026-02-20 00:11:46] [INFO] [fetch.all] Running fetch_zillow_income_needed.py ...
[2026-02-20 00:11:47] [INFO] [fetch.utils] Fetching Zillow Income Needed for Homeownership...
[2026-02-20 00:11:47] [INFO] [fetch.utils] Already cached: Metro_new_homeowner_income_needed_downpayment_0.20_uc_sfrcondo_tier_0.33_0.67_sm_sa_month.csv
[2026-02-20 00:11:47] [INFO] [fetch.utils] Success: D:\Users\Logan\Documents\GitHub\qm2023-capstone-1st-row-team\data\raw\Metro_new_homeowner_income_needed_downpayment_0.20_uc_sfrcondo_tier_0.33_0.67_sm_sa_month.csv
[2026-02-20 00:11:47] [INFO] [fetch.all]   OK: fetch_zillow_income_needed.py
[2026-02-20 00:11:47] [INFO] [fetch.all] Running fetch_noaa_hurdat2.py ...
[2026-02-20 00:11:47] [INFO] [fetch.noaa_hurdat2] Downloading HURDAT2 from https://www.nhc.noaa.gov/data/hurdat2/hurdat2.txt ...
[2026-02-20 00:11:47] [ERROR] [fetch.noaa_hurdat2] Failed to download HURDAT2: HTTP Error 404: Not Found
Traceback (most recent call last):
  File "D:\Users\Logan\Documents\GitHub\qm2023-capstone-1st-row-team\code\fetch\fetch_noaa_hurdat2.py", line 26, in main
    urlretrieve(HURDAT2_URL, OUTPUT_FILE)
    ~~~~~~~~~~~^^^^^^^^^^^^^^^^^^^^^^^^^^
  File "C:\Program Files\WindowsApps\PythonSoftwareFoundation.Python.3.13_3.13.3312.0_x64__qbz5n2kfra8p0\Lib\urllib\request.py", line 214, in urlretrieve
    with contextlib.closing(urlopen(url, data)) as fp:
                            ~~~~~~~^^^^^^^^^^^
  File "C:\Program Files\WindowsApps\PythonSoftwareFoundation.Python.3.13_3.13.3312.0_x64__qbz5n2kfra8p0\Lib\urllib\request.py", line 189, in urlopen
    return opener.open(url, data, timeout)
           ~~~~~~~~~~~^^^^^^^^^^^^^^^^^^^^
  File "C:\Program Files\WindowsApps\PythonSoftwareFoundation.Python.3.13_3.13.3312.0_x64__qbz5n2kfra8p0\Lib\urllib\request.py", line 495, in open
    response = meth(req, response)
  File "C:\Program Files\WindowsApps\PythonSoftwareFoundation.Python.3.13_3.13.3312.0_x64__qbz5n2kfra8p0\Lib\urllib\request.py", line 604, in http_response
    response = self.parent.error(
        'http', request, response, code, msg, hdrs)
  File "C:\Program Files\WindowsApps\PythonSoftwareFoundation.Python.3.13_3.13.3312.0_x64__qbz5n2kfra8p0\Lib\urllib\request.py", line 533, in error
    return self._call_chain(*args)
           ~~~~~~~~~~~~~~~~^^^^^^^
  File "C:\Program Files\WindowsApps\PythonSoftwareFoundation.Python.3.13_3.13.3312.0_x64__qbz5n2kfra8p0\Lib\urllib\request.py", line 466, in _call_chain
    result = func(*args)
  File "C:\Program Files\WindowsApps\PythonSoftwareFoundation.Python.3.13_3.13.3312.0_x64__qbz5n2kfra8p0\Lib\urllib\request.py", line 613, in http_error_default
    raise HTTPError(req.full_url, code, msg, hdrs, fp)
urllib.error.HTTPError: HTTP Error 404: Not Found
[2026-02-20 00:11:47] [ERROR] [fetch.all]   FAILED: fetch_noaa_hurdat2.py

[2026-02-20 00:11:47] [INFO] [fetch.all] Running fetch_noaa_economic_impacts.py ...
[2026-02-20 00:11:47] [INFO] [fetch.utils] Fetching NOAA economic impact data...
[2026-02-20 00:11:47] [INFO] [fetch.utils] Downloading events ...
[2026-02-20 00:16:47] [ERROR] [fetch.all]   TIMEOUT: fetch_noaa_economic_impacts.py
[2026-02-20 00:16:47] [INFO] [fetch.all] ============================================================
[2026-02-20 00:16:47] [INFO] [fetch.all] Fetch complete: 11 succeeded, 2 failed
[2026-02-20 00:16:47] [WARNING] [fetch.all] Failed scripts: fetch_noaa_hurdat2.py, fetch_noaa_economic_impacts.py
[2026-02-20 00:16:47] [INFO] [fetch.all] ============================================================
[2026-02-20 00:47:27] [INFO] [fetch.all] ============================================================
[2026-02-20 00:47:27] [INFO] [fetch.all] FETCH ALL DATA SOURCES
[2026-02-20 00:47:27] [INFO] [fetch.all] ============================================================
[2026-02-20 00:47:27] [INFO] [fetch.all] Running fetch_zillow_zhvi_metro.py ...
[2026-02-20 00:47:27] [INFO] [fetch.utils] Fetching Zillow Home Value Index (Metro)...
[2026-02-20 00:47:27] [INFO] [fetch.utils] Already cached: Metro_zhvi_uc_sfrcondo_tier_0.33_0.67_sm_sa_month.csv
[2026-02-20 00:47:27] [INFO] [fetch.utils] Success: D:\Users\Logan\Documents\GitHub\qm2023-capstone-1st-row-team\data\raw\Metro_zhvi_uc_sfrcondo_tier_0.33_0.67_sm_sa_month.csv
[2026-02-20 00:47:27] [INFO] [fetch.all]   OK: fetch_zillow_zhvi_metro.py
[2026-02-20 00:47:27] [INFO] [fetch.all] Running fetch_zillow_zhvi_state.py ...
[2026-02-20 00:47:27] [INFO] [fetch.utils] Fetching Zillow Home Value Index (State)...
[2026-02-20 00:47:27] [INFO] [fetch.utils] Already cached: State_zhvi_uc_sfrcondo_tier_0.33_0.67_sm_sa_month.csv
[2026-02-20 00:47:27] [INFO] [fetch.utils] Success: D:\Users\Logan\Documents\GitHub\qm2023-capstone-1st-row-team\data\raw\State_zhvi_uc_sfrcondo_tier_0.33_0.67_sm_sa_month.csv
[2026-02-20 00:47:27] [INFO] [fetch.all]   OK: fetch_zillow_zhvi_state.py
[2026-02-20 00:47:27] [INFO] [fetch.all] Running fetch_zillow_zhvf_growth.py ...
[2026-02-20 00:47:27] [INFO] [fetch.utils] Fetching Zillow Home Value Forecast Growth...
[2026-02-20 00:47:27] [INFO] [fetch.utils] Already cached: Metro_zhvf_growth_uc_sfrcondo_tier_0.33_0.67_sm_sa_month.csv
[2026-02-20 00:47:27] [INFO] [fetch.utils] Success: D:\Users\Logan\Documents\GitHub\qm2023-capstone-1st-row-team\data\raw\Metro_zhvf_growth_uc_sfrcondo_tier_0.33_0.67_sm_sa_month.csv
[2026-02-20 00:47:27] [INFO] [fetch.all]   OK: fetch_zillow_zhvf_growth.py
[2026-02-20 00:47:27] [INFO] [fetch.all] Running fetch_zillow_zori.py ...
[2026-02-20 00:47:27] [INFO] [fetch.utils] Fetching Zillow Observed Rent Index...
[2026-02-20 00:47:27] [INFO] [fetch.utils] Already cached: Metro_zori_uc_sfrcondomfr_sm_month.csv
[2026-02-20 00:47:27] [INFO] [fetch.utils] Success: D:\Users\Logan\Documents\GitHub\qm2023-capstone-1st-row-team\data\raw\Metro_zori_uc_sfrcondomfr_sm_month.csv
[2026-02-20 00:47:27] [INFO] [fetch.all]   OK: fetch_zillow_zori.py
[2026-02-20 00:47:27] [INFO] [fetch.all] Running fetch_zillow_zorf_growth.py ...
[2026-02-20 00:47:28] [INFO] [fetch.utils] Fetching Zillow Observed Rent Forecast Growth...
[2026-02-20 00:47:28] [INFO] [fetch.utils] Already cached: National_zorf_growth_uc_sfr_sm_month.csv
[2026-02-20 00:47:28] [INFO] [fetch.utils] Success: D:\Users\Logan\Documents\GitHub\qm2023-capstone-1st-row-team\data\raw\National_zorf_growth_uc_sfr_sm_month.csv
[2026-02-20 00:47:28] [INFO] [fetch.all]   OK: fetch_zillow_zorf_growth.py
[2026-02-20 00:47:28] [INFO] [fetch.all] Running fetch_zillow_inventory.py ...
[2026-02-20 00:47:28] [INFO] [fetch.utils] Fetching Zillow For-Sale Inventory...
[2026-02-20 00:47:28] [INFO] [fetch.utils] Already cached: Metro_invt_fs_uc_sfrcondo_sm_month.csv
[2026-02-20 00:47:28] [INFO] [fetch.utils] Success: D:\Users\Logan\Documents\GitHub\qm2023-capstone-1st-row-team\data\raw\Metro_invt_fs_uc_sfrcondo_sm_month.csv
[2026-02-20 00:47:28] [INFO] [fetch.all]   OK: fetch_zillow_inventory.py
[2026-02-20 00:47:28] [INFO] [fetch.all] Running fetch_zillow_sales_count.py ...
[2026-02-20 00:47:28] [INFO] [fetch.utils] Fetching Zillow Sales Count...
[2026-02-20 00:47:28] [INFO] [fetch.utils] Already cached: Metro_sales_count_now_uc_sfrcondo_month.csv
[2026-02-20 00:47:28] [INFO] [fetch.utils] Success: D:\Users\Logan\Documents\GitHub\qm2023-capstone-1st-row-team\data\raw\Metro_sales_count_now_uc_sfrcondo_month.csv
[2026-02-20 00:47:28] [INFO] [fetch.all]   OK: fetch_zillow_sales_count.py
[2026-02-20 00:47:28] [INFO] [fetch.all] Running fetch_zillow_days_on_market.py ...
[2026-02-20 00:47:28] [INFO] [fetch.utils] Fetching Zillow Mean Days on Market...
[2026-02-20 00:47:28] [INFO] [fetch.utils] Already cached: Metro_mean_doz_pending_uc_sfrcondo_sm_month.csv
[2026-02-20 00:47:28] [INFO] [fetch.utils] Success: D:\Users\Logan\Documents\GitHub\qm2023-capstone-1st-row-team\data\raw\Metro_mean_doz_pending_uc_sfrcondo_sm_month.csv
[2026-02-20 00:47:28] [INFO] [fetch.all]   OK: fetch_zillow_days_on_market.py
[2026-02-20 00:47:28] [INFO] [fetch.all] Running fetch_zillow_market_temp.py ...
[2026-02-20 00:47:28] [INFO] [fetch.utils] Fetching Zillow Market Temperature Index...
[2026-02-20 00:47:28] [INFO] [fetch.utils] Already cached: Metro_market_temp_index_uc_sfrcondo_month.csv
[2026-02-20 00:47:28] [INFO] [fetch.utils] Success: D:\Users\Logan\Documents\GitHub\qm2023-capstone-1st-row-team\data\raw\Metro_market_temp_index_uc_sfrcondo_month.csv
[2026-02-20 00:47:28] [INFO] [fetch.all]   OK: fetch_zillow_market_temp.py
[2026-02-20 00:47:28] [INFO] [fetch.all] Running fetch_zillow_new_construction.py ...
[2026-02-20 00:47:28] [INFO] [fetch.utils] Fetching Zillow New Construction Sales...
[2026-02-20 00:47:28] [INFO] [fetch.utils] Already cached: Metro_new_con_sales_count_raw_uc_sfrcondo_month.csv
[2026-02-20 00:47:28] [INFO] [fetch.utils] Success: D:\Users\Logan\Documents\GitHub\qm2023-capstone-1st-row-team\data\raw\Metro_new_con_sales_count_raw_uc_sfrcondo_month.csv
[2026-02-20 00:47:28] [INFO] [fetch.all]   OK: fetch_zillow_new_construction.py
[2026-02-20 00:47:28] [INFO] [fetch.all] Running fetch_zillow_income_needed.py ...
[2026-02-20 00:47:29] [INFO] [fetch.utils] Fetching Zillow Income Needed for Homeownership...
[2026-02-20 00:47:29] [INFO] [fetch.utils] Already cached: Metro_new_homeowner_income_needed_downpayment_0.20_uc_sfrcondo_tier_0.33_0.67_sm_sa_month.csv
[2026-02-20 00:47:29] [INFO] [fetch.utils] Success: D:\Users\Logan\Documents\GitHub\qm2023-capstone-1st-row-team\data\raw\Metro_new_homeowner_income_needed_downpayment_0.20_uc_sfrcondo_tier_0.33_0.67_sm_sa_month.csv
[2026-02-20 00:47:29] [INFO] [fetch.all]   OK: fetch_zillow_income_needed.py
[2026-02-20 00:47:29] [INFO] [fetch.all] Running fetch_noaa_hurdat2.py ...
[2026-02-20 00:47:29] [INFO] [fetch.noaa_hurdat2] Downloading HURDAT2 from https://www.nhc.noaa.gov/data/hurdat2/hurdat2.txt ...
[2026-02-20 00:47:29] [ERROR] [fetch.noaa_hurdat2] Failed to download HURDAT2: HTTP Error 404: Not Found
Traceback (most recent call last):
  File "D:\Users\Logan\Documents\GitHub\qm2023-capstone-1st-row-team\code\fetch\fetch_noaa_hurdat2.py", line 26, in main
    urlretrieve(HURDAT2_URL, OUTPUT_FILE)
    ~~~~~~~~~~~^^^^^^^^^^^^^^^^^^^^^^^^^^
  File "C:\Program Files\WindowsApps\PythonSoftwareFoundation.Python.3.13_3.13.3312.0_x64__qbz5n2kfra8p0\Lib\urllib\request.py", line 214, in urlretrieve
    with contextlib.closing(urlopen(url, data)) as fp:
                            ~~~~~~~^^^^^^^^^^^
  File "C:\Program Files\WindowsApps\PythonSoftwareFoundation.Python.3.13_3.13.3312.0_x64__qbz5n2kfra8p0\Lib\urllib\request.py", line 189, in urlopen
    return opener.open(url, data, timeout)
           ~~~~~~~~~~~^^^^^^^^^^^^^^^^^^^^
  File "C:\Program Files\WindowsApps\PythonSoftwareFoundation.Python.3.13_3.13.3312.0_x64__qbz5n2kfra8p0\Lib\urllib\request.py", line 495, in open
    response = meth(req, response)
  File "C:\Program Files\WindowsApps\PythonSoftwareFoundation.Python.3.13_3.13.3312.0_x64__qbz5n2kfra8p0\Lib\urllib\request.py", line 604, in http_response
    response = self.parent.error(
        'http', request, response, code, msg, hdrs)
  File "C:\Program Files\WindowsApps\PythonSoftwareFoundation.Python.3.13_3.13.3312.0_x64__qbz5n2kfra8p0\Lib\urllib\request.py", line 533, in error
    return self._call_chain(*args)
           ~~~~~~~~~~~~~~~~^^^^^^^
  File "C:\Program Files\WindowsApps\PythonSoftwareFoundation.Python.3.13_3.13.3312.0_x64__qbz5n2kfra8p0\Lib\urllib\request.py", line 466, in _call_chain
    result = func(*args)
  File "C:\Program Files\WindowsApps\PythonSoftwareFoundation.Python.3.13_3.13.3312.0_x64__qbz5n2kfra8p0\Lib\urllib\request.py", line 613, in http_error_default
    raise HTTPError(req.full_url, code, msg, hdrs, fp)
urllib.error.HTTPError: HTTP Error 404: Not Found
[2026-02-20 00:47:29] [ERROR] [fetch.all]   FAILED: fetch_noaa_hurdat2.py

[2026-02-20 00:47:29] [INFO] [fetch.all] Running fetch_noaa_economic_impacts.py ...
[2026-02-20 00:47:29] [INFO] [fetch.utils] Fetching NOAA economic impact data...
[2026-02-20 00:47:29] [INFO] [fetch.utils] Downloading events ...
[2026-02-20 00:47:31] [INFO] [fetch.utils] Saved: events.html (1253105 bytes)
[2026-02-20 00:47:31] [INFO] [fetch.utils] Success: D:\Users\Logan\Documents\GitHub\qm2023-capstone-1st-row-team\data\raw\events.html
[2026-02-20 00:47:31] [INFO] [fetch.all]   OK: fetch_noaa_economic_impacts.py
[2026-02-20 00:47:31] [INFO] [fetch.all] ============================================================
[2026-02-20 00:47:31] [INFO] [fetch.all] Fetch complete: 12 succeeded, 1 failed
[2026-02-20 00:47:31] [WARNING] [fetch.all] Failed scripts: fetch_noaa_hurdat2.py
[2026-02-20 00:47:31] [INFO] [fetch.all] ============================================================
[2026-02-20 02:19:13] [INFO] [fetch.all] ============================================================
[2026-02-20 02:19:13] [INFO] [fetch.all] FETCH ALL DATA SOURCES
[2026-02-20 02:19:13] [INFO] [fetch.all] ============================================================
[2026-02-20 02:19:13] [INFO] [fetch.all] Running fetch_zillow_zhvi_metro.py ...
[2026-02-20 02:19:13] [INFO] [fetch.utils] Fetching Zillow Home Value Index (Metro)...
[2026-02-20 02:19:13] [INFO] [fetch.utils] Already cached: Metro_zhvi_uc_sfrcondo_tier_0.33_0.67_sm_sa_month.csv
[2026-02-20 02:19:13] [INFO] [fetch.utils] Success: D:\Users\Logan\Documents\GitHub\qm2023-capstone-1st-row-team\data\raw\Metro_zhvi_uc_sfrcondo_tier_0.33_0.67_sm_sa_month.csv
[2026-02-20 02:19:13] [INFO] [fetch.all]   OK: fetch_zillow_zhvi_metro.py
[2026-02-20 02:19:13] [INFO] [fetch.all] Running fetch_zillow_zhvi_state.py ...
[2026-02-20 02:19:13] [INFO] [fetch.utils] Fetching Zillow Home Value Index (State)...
[2026-02-20 02:19:13] [INFO] [fetch.utils] Already cached: State_zhvi_uc_sfrcondo_tier_0.33_0.67_sm_sa_month.csv
[2026-02-20 02:19:13] [INFO] [fetch.utils] Success: D:\Users\Logan\Documents\GitHub\qm2023-capstone-1st-row-team\data\raw\State_zhvi_uc_sfrcondo_tier_0.33_0.67_sm_sa_month.csv
[2026-02-20 02:19:13] [INFO] [fetch.all]   OK: fetch_zillow_zhvi_state.py
[2026-02-20 02:19:13] [INFO] [fetch.all] Running fetch_zillow_zhvf_growth.py ...
[2026-02-20 02:19:13] [INFO] [fetch.utils] Fetching Zillow Home Value Forecast Growth...
[2026-02-20 02:19:13] [INFO] [fetch.utils] Already cached: Metro_zhvf_growth_uc_sfrcondo_tier_0.33_0.67_sm_sa_month.csv
[2026-02-20 02:19:13] [INFO] [fetch.utils] Success: D:\Users\Logan\Documents\GitHub\qm2023-capstone-1st-row-team\data\raw\Metro_zhvf_growth_uc_sfrcondo_tier_0.33_0.67_sm_sa_month.csv
[2026-02-20 02:19:13] [INFO] [fetch.all]   OK: fetch_zillow_zhvf_growth.py
[2026-02-20 02:19:13] [INFO] [fetch.all] Running fetch_zillow_zori.py ...
[2026-02-20 02:19:14] [INFO] [fetch.utils] Fetching Zillow Observed Rent Index...
[2026-02-20 02:19:14] [INFO] [fetch.utils] Already cached: Metro_zori_uc_sfrcondomfr_sm_month.csv
[2026-02-20 02:19:14] [INFO] [fetch.utils] Success: D:\Users\Logan\Documents\GitHub\qm2023-capstone-1st-row-team\data\raw\Metro_zori_uc_sfrcondomfr_sm_month.csv
[2026-02-20 02:19:14] [INFO] [fetch.all]   OK: fetch_zillow_zori.py
[2026-02-20 02:19:14] [INFO] [fetch.all] Running fetch_zillow_zorf_growth.py ...
[2026-02-20 02:19:14] [INFO] [fetch.utils] Fetching Zillow Observed Rent Forecast Growth...
[2026-02-20 02:19:14] [INFO] [fetch.utils] Already cached: National_zorf_growth_uc_sfr_sm_month.csv
[2026-02-20 02:19:14] [INFO] [fetch.utils] Success: D:\Users\Logan\Documents\GitHub\qm2023-capstone-1st-row-team\data\raw\National_zorf_growth_uc_sfr_sm_month.csv
[2026-02-20 02:19:14] [INFO] [fetch.all]   OK: fetch_zillow_zorf_growth.py
[2026-02-20 02:19:14] [INFO] [fetch.all] Running fetch_zillow_inventory.py ...
[2026-02-20 02:19:14] [INFO] [fetch.utils] Fetching Zillow For-Sale Inventory...
[2026-02-20 02:19:14] [INFO] [fetch.utils] Already cached: Metro_invt_fs_uc_sfrcondo_sm_month.csv
[2026-02-20 02:19:14] [INFO] [fetch.utils] Success: D:\Users\Logan\Documents\GitHub\qm2023-capstone-1st-row-team\data\raw\Metro_invt_fs_uc_sfrcondo_sm_month.csv
[2026-02-20 02:19:14] [INFO] [fetch.all]   OK: fetch_zillow_inventory.py
[2026-02-20 02:19:14] [INFO] [fetch.all] Running fetch_zillow_sales_count.py ...
[2026-02-20 02:19:14] [INFO] [fetch.utils] Fetching Zillow Sales Count...
[2026-02-20 02:19:14] [INFO] [fetch.utils] Already cached: Metro_sales_count_now_uc_sfrcondo_month.csv
[2026-02-20 02:19:14] [INFO] [fetch.utils] Success: D:\Users\Logan\Documents\GitHub\qm2023-capstone-1st-row-team\data\raw\Metro_sales_count_now_uc_sfrcondo_month.csv
[2026-02-20 02:19:14] [INFO] [fetch.all]   OK: fetch_zillow_sales_count.py
[2026-02-20 02:19:14] [INFO] [fetch.all] Running fetch_zillow_days_on_market.py ...
[2026-02-20 02:19:15] [INFO] [fetch.utils] Fetching Zillow Mean Days on Market...
[2026-02-20 02:19:15] [INFO] [fetch.utils] Already cached: Metro_mean_doz_pending_uc_sfrcondo_sm_month.csv
[2026-02-20 02:19:15] [INFO] [fetch.utils] Success: D:\Users\Logan\Documents\GitHub\qm2023-capstone-1st-row-team\data\raw\Metro_mean_doz_pending_uc_sfrcondo_sm_month.csv
[2026-02-20 02:19:15] [INFO] [fetch.all]   OK: fetch_zillow_days_on_market.py
[2026-02-20 02:19:15] [INFO] [fetch.all] Running fetch_zillow_market_temp.py ...
[2026-02-20 02:19:15] [INFO] [fetch.utils] Fetching Zillow Market Temperature Index...
[2026-02-20 02:19:15] [INFO] [fetch.utils] Already cached: Metro_market_temp_index_uc_sfrcondo_month.csv
[2026-02-20 02:19:15] [INFO] [fetch.utils] Success: D:\Users\Logan\Documents\GitHub\qm2023-capstone-1st-row-team\data\raw\Metro_market_temp_index_uc_sfrcondo_month.csv
[2026-02-20 02:19:15] [INFO] [fetch.all]   OK: fetch_zillow_market_temp.py
[2026-02-20 02:19:15] [INFO] [fetch.all] Running fetch_zillow_new_construction.py ...
[2026-02-20 02:19:15] [INFO] [fetch.utils] Fetching Zillow New Construction Sales...
[2026-02-20 02:19:15] [WARNING] [fetch.utils] No URL matched tag 'zillow_new_construction' (pattern: 'new_con_sales_count_raw/Metro_new_con')
[2026-02-20 02:19:15] [ERROR] [fetch.utils] Failed to fetch Zillow New Construction Sales
[2026-02-20 02:19:15] [ERROR] [fetch.all]   FAILED: fetch_zillow_new_construction.py

[2026-02-20 02:19:15] [INFO] [fetch.all] Running fetch_zillow_income_needed.py ...
[2026-02-20 02:19:15] [INFO] [fetch.utils] Fetching Zillow Income Needed for Homeownership...
[2026-02-20 02:19:15] [INFO] [fetch.utils] Already cached: Metro_new_homeowner_income_needed_downpayment_0.20_uc_sfrcondo_tier_0.33_0.67_sm_sa_month.csv
[2026-02-20 02:19:15] [INFO] [fetch.utils] Success: D:\Users\Logan\Documents\GitHub\qm2023-capstone-1st-row-team\data\raw\Metro_new_homeowner_income_needed_downpayment_0.20_uc_sfrcondo_tier_0.33_0.67_sm_sa_month.csv
[2026-02-20 02:19:15] [INFO] [fetch.all]   OK: fetch_zillow_income_needed.py
[2026-02-20 02:19:15] [INFO] [fetch.all] Running fetch_noaa_hurdat2.py ...
[2026-02-20 02:19:16] [INFO] [fetch.noaa_hurdat2] Downloading HURDAT2 from https://www.nhc.noaa.gov/data/hurdat2/hurdat2.txt ...
[2026-02-20 02:19:16] [ERROR] [fetch.noaa_hurdat2] Failed to download HURDAT2: HTTP Error 404: Not Found
Traceback (most recent call last):
  File "D:\Users\Logan\Documents\GitHub\qm2023-capstone-1st-row-team\code\fetch\fetch_noaa_hurdat2.py", line 26, in main
    urlretrieve(HURDAT2_URL, OUTPUT_FILE)
    ~~~~~~~~~~~^^^^^^^^^^^^^^^^^^^^^^^^^^
  File "C:\Program Files\WindowsApps\PythonSoftwareFoundation.Python.3.13_3.13.3312.0_x64__qbz5n2kfra8p0\Lib\urllib\request.py", line 214, in urlretrieve
    with contextlib.closing(urlopen(url, data)) as fp:
                            ~~~~~~~^^^^^^^^^^^
  File "C:\Program Files\WindowsApps\PythonSoftwareFoundation.Python.3.13_3.13.3312.0_x64__qbz5n2kfra8p0\Lib\urllib\request.py", line 189, in urlopen
    return opener.open(url, data, timeout)
           ~~~~~~~~~~~^^^^^^^^^^^^^^^^^^^^
  File "C:\Program Files\WindowsApps\PythonSoftwareFoundation.Python.3.13_3.13.3312.0_x64__qbz5n2kfra8p0\Lib\urllib\request.py", line 495, in open
    response = meth(req, response)
  File "C:\Program Files\WindowsApps\PythonSoftwareFoundation.Python.3.13_3.13.3312.0_x64__qbz5n2kfra8p0\Lib\urllib\request.py", line 604, in http_response
    response = self.parent.error(
        'http', request, response, code, msg, hdrs)
  File "C:\Program Files\WindowsApps\PythonSoftwareFoundation.Python.3.13_3.13.3312.0_x64__qbz5n2kfra8p0\Lib\urllib\request.py", line 533, in error
    return self._call_chain(*args)
           ~~~~~~~~~~~~~~~~^^^^^^^
  File "C:\Program Files\WindowsApps\PythonSoftwareFoundation.Python.3.13_3.13.3312.0_x64__qbz5n2kfra8p0\Lib\urllib\request.py", line 466, in _call_chain
    result = func(*args)
  File "C:\Program Files\WindowsApps\PythonSoftwareFoundation.Python.3.13_3.13.3312.0_x64__qbz5n2kfra8p0\Lib\urllib\request.py", line 613, in http_error_default
    raise HTTPError(req.full_url, code, msg, hdrs, fp)
urllib.error.HTTPError: HTTP Error 404: Not Found
[2026-02-20 02:19:16] [ERROR] [fetch.all]   FAILED: fetch_noaa_hurdat2.py

[2026-02-20 02:19:16] [INFO] [fetch.all] Running fetch_noaa_economic_impacts.py ...
[2026-02-20 02:19:16] [INFO] [fetch.utils] Fetching NOAA economic impact data...
[2026-02-20 02:19:16] [INFO] [fetch.utils] Downloading events ...
[2026-02-20 02:19:21] [INFO] [fetch.utils] Saved: events.html (1253105 bytes)
[2026-02-20 02:19:21] [INFO] [fetch.utils] Success: D:\Users\Logan\Documents\GitHub\qm2023-capstone-1st-row-team\data\raw\events.html
[2026-02-20 02:19:21] [INFO] [fetch.all]   OK: fetch_noaa_economic_impacts.py
[2026-02-20 02:19:21] [INFO] [fetch.all] ============================================================
[2026-02-20 02:19:21] [INFO] [fetch.all] Fetch complete: 11 succeeded, 2 failed
[2026-02-20 02:19:21] [WARNING] [fetch.all] Failed scripts: fetch_zillow_new_construction.py, fetch_noaa_hurdat2.py
[2026-02-20 02:19:21] [INFO] [fetch.all] ============================================================
