[2026-02-19 18:32:40] [INFO] [filter.all] ============================================================
[2026-02-19 18:32:40] [INFO] [filter.all] FILTER ALL DATA
[2026-02-19 18:32:40] [INFO] [filter.all] ============================================================
[2026-02-19 18:32:40] [INFO] [filter.all] Running filter_florida_storms_60nm.py ...
[2026-02-19 18:32:40] [ERROR] [filter.all]   FAILED: filter_florida_storms_60nm.py
Traceback (most recent call last):
  File "D:\Users\Logan\Documents\GitHub\qm2023-capstone-1st-row-team\code\filter\filter_florida_storms_60nm.py", line 17, in <module>
    from config_paths import RAW_DATA_DIR, PROCESSED_DATA_DIR
  File "D:\Users\Logan\Documents\GitHub\qm2023-capstone-1st-row-team\code\config_paths.py", line 104, in <module>
    ensure_directories()
    ~~~~~~~~~~~~~~~~~~^^
  File "D:\Users\Logan\Documents\GitHub\qm2023-capstone-1st-row-team\code\config_paths.py", line 101, in ensure_directories
    print(f"\u2713 Project structure verified at: {PROJECT_ROOT}")
    ~~~~~^^^^^^^^^^^^^^^^^^^^^^^^^^^^^^^^^^^^^^^^^^^^^^^^^^^^^^^^^
  File "C:\Program Files\WindowsApps\PythonSoftwareFoundation.Python.3.13_3.13.3312.0_x64__qbz5n2kfra8p0\Lib\encodings\cp1252.py", line 19, in encode
    return codecs.charmap_encode(input,self.errors,encoding_table)[0]
           ~~~~~~~~~~~~~~~~~~~~~^^^^^^^^^^^^^^^^^^^^^^^^^^^^^^^^^^
UnicodeEncodeError: 'charmap' codec can't encode character '\u2713' in position 0: character maps to <undefined>

[2026-02-19 18:32:40] [INFO] [filter.all] Running filter_florida_landfall_hurricanes.py ...
[2026-02-19 18:32:40] [ERROR] [filter.all]   FAILED: filter_florida_landfall_hurricanes.py
Traceback (most recent call last):
  File "D:\Users\Logan\Documents\GitHub\qm2023-capstone-1st-row-team\code\filter\filter_florida_landfall_hurricanes.py", line 23, in <module>
    from config_paths import PROCESSED_DATA_DIR
  File "D:\Users\Logan\Documents\GitHub\qm2023-capstone-1st-row-team\code\config_paths.py", line 104, in <module>
    ensure_directories()
    ~~~~~~~~~~~~~~~~~~^^
  File "D:\Users\Logan\Documents\GitHub\qm2023-capstone-1st-row-team\code\config_paths.py", line 101, in ensure_directories
    print(f"\u2713 Project structure verified at: {PROJECT_ROOT}")
    ~~~~~^^^^^^^^^^^^^^^^^^^^^^^^^^^^^^^^^^^^^^^^^^^^^^^^^^^^^^^^^
  File "C:\Program Files\WindowsApps\PythonSoftwareFoundation.Python.3.13_3.13.3312.0_x64__qbz5n2kfra8p0\Lib\encodings\cp1252.py", line 19, in encode
    return codecs.charmap_encode(input,self.errors,encoding_table)[0]
           ~~~~~~~~~~~~~~~~~~~~~^^^^^^^^^^^^^^^^^^^^^^^^^^^^^^^^^^
UnicodeEncodeError: 'charmap' codec can't encode character '\u2713' in position 0: character maps to <undefined>

[2026-02-19 18:32:40] [INFO] [filter.all] Running filter_zillow_florida_msa.py ...
[2026-02-19 18:32:40] [ERROR] [filter.all]   FAILED: filter_zillow_florida_msa.py
Traceback (most recent call last):
  File "D:\Users\Logan\Documents\GitHub\qm2023-capstone-1st-row-team\code\filter\filter_zillow_florida_msa.py", line 15, in <module>
    from config_paths import RAW_DATA_DIR, PROCESSED_DATA_DIR
  File "D:\Users\Logan\Documents\GitHub\qm2023-capstone-1st-row-team\code\config_paths.py", line 104, in <module>
    ensure_directories()
    ~~~~~~~~~~~~~~~~~~^^
  File "D:\Users\Logan\Documents\GitHub\qm2023-capstone-1st-row-team\code\config_paths.py", line 101, in ensure_directories
    print(f"\u2713 Project structure verified at: {PROJECT_ROOT}")
    ~~~~~^^^^^^^^^^^^^^^^^^^^^^^^^^^^^^^^^^^^^^^^^^^^^^^^^^^^^^^^^
  File "C:\Program Files\WindowsApps\PythonSoftwareFoundation.Python.3.13_3.13.3312.0_x64__qbz5n2kfra8p0\Lib\encodings\cp1252.py", line 19, in encode
    return codecs.charmap_encode(input,self.errors,encoding_table)[0]
           ~~~~~~~~~~~~~~~~~~~~~^^^^^^^^^^^^^^^^^^^^^^^^^^^^^^^^^^
UnicodeEncodeError: 'charmap' codec can't encode character '\u2713' in position 0: character maps to <undefined>

[2026-02-19 18:32:40] [INFO] [filter.all] Filter complete: 0 succeeded, 3 failed
[2026-02-19 23:10:39] [INFO] [filter.all] ============================================================
[2026-02-19 23:10:39] [INFO] [filter.all] FILTER ALL DATA
[2026-02-19 23:10:39] [INFO] [filter.all] ============================================================
[2026-02-19 23:10:39] [INFO] [filter.all] Running filter_florida_storms_60nm.py ...
[2026-02-19 23:10:39] [ERROR] [filter.all]   FAILED: filter_florida_storms_60nm.py
Traceback (most recent call last):
  File "D:\Users\Logan\Documents\GitHub\qm2023-capstone-1st-row-team\code\filter\filter_florida_storms_60nm.py", line 17, in <module>
    from config_paths import RAW_DATA_DIR, PROCESSED_DATA_DIR
  File "D:\Users\Logan\Documents\GitHub\qm2023-capstone-1st-row-team\code\config_paths.py", line 106, in <module>
    ensure_directories()
    ~~~~~~~~~~~~~~~~~~^^
  File "D:\Users\Logan\Documents\GitHub\qm2023-capstone-1st-row-team\code\config_paths.py", line 103, in ensure_directories
    print(f"\u2713 Project structure verified at: {PROJECT_ROOT}")
    ~~~~~^^^^^^^^^^^^^^^^^^^^^^^^^^^^^^^^^^^^^^^^^^^^^^^^^^^^^^^^^
  File "C:\Program Files\WindowsApps\PythonSoftwareFoundation.Python.3.13_3.13.3312.0_x64__qbz5n2kfra8p0\Lib\encodings\cp1252.py", line 19, in encode
    return codecs.charmap_encode(input,self.errors,encoding_table)[0]
           ~~~~~~~~~~~~~~~~~~~~~^^^^^^^^^^^^^^^^^^^^^^^^^^^^^^^^^^
UnicodeEncodeError: 'charmap' codec can't encode character '\u2713' in position 0: character maps to <undefined>

[2026-02-19 23:10:39] [INFO] [filter.all] Running filter_florida_landfall_hurricanes.py ...
[2026-02-19 23:10:39] [ERROR] [filter.all]   FAILED: filter_florida_landfall_hurricanes.py
Traceback (most recent call last):
  File "D:\Users\Logan\Documents\GitHub\qm2023-capstone-1st-row-team\code\filter\filter_florida_landfall_hurricanes.py", line 23, in <module>
    from config_paths import PROCESSED_DATA_DIR
  File "D:\Users\Logan\Documents\GitHub\qm2023-capstone-1st-row-team\code\config_paths.py", line 106, in <module>
    ensure_directories()
    ~~~~~~~~~~~~~~~~~~^^
  File "D:\Users\Logan\Documents\GitHub\qm2023-capstone-1st-row-team\code\config_paths.py", line 103, in ensure_directories
    print(f"\u2713 Project structure verified at: {PROJECT_ROOT}")
    ~~~~~^^^^^^^^^^^^^^^^^^^^^^^^^^^^^^^^^^^^^^^^^^^^^^^^^^^^^^^^^
  File "C:\Program Files\WindowsApps\PythonSoftwareFoundation.Python.3.13_3.13.3312.0_x64__qbz5n2kfra8p0\Lib\encodings\cp1252.py", line 19, in encode
    return codecs.charmap_encode(input,self.errors,encoding_table)[0]
           ~~~~~~~~~~~~~~~~~~~~~^^^^^^^^^^^^^^^^^^^^^^^^^^^^^^^^^^
UnicodeEncodeError: 'charmap' codec can't encode character '\u2713' in position 0: character maps to <undefined>

[2026-02-19 23:10:39] [INFO] [filter.all] Running filter_zillow_florida_msa.py ...
[2026-02-19 23:10:39] [ERROR] [filter.all]   FAILED: filter_zillow_florida_msa.py
Traceback (most recent call last):
  File "D:\Users\Logan\Documents\GitHub\qm2023-capstone-1st-row-team\code\filter\filter_zillow_florida_msa.py", line 15, in <module>
    from config_paths import RAW_DATA_DIR, PROCESSED_DATA_DIR
  File "D:\Users\Logan\Documents\GitHub\qm2023-capstone-1st-row-team\code\config_paths.py", line 106, in <module>
    ensure_directories()
    ~~~~~~~~~~~~~~~~~~^^
  File "D:\Users\Logan\Documents\GitHub\qm2023-capstone-1st-row-team\code\config_paths.py", line 103, in ensure_directories
    print(f"\u2713 Project structure verified at: {PROJECT_ROOT}")
    ~~~~~^^^^^^^^^^^^^^^^^^^^^^^^^^^^^^^^^^^^^^^^^^^^^^^^^^^^^^^^^
  File "C:\Program Files\WindowsApps\PythonSoftwareFoundation.Python.3.13_3.13.3312.0_x64__qbz5n2kfra8p0\Lib\encodings\cp1252.py", line 19, in encode
    return codecs.charmap_encode(input,self.errors,encoding_table)[0]
           ~~~~~~~~~~~~~~~~~~~~~^^^^^^^^^^^^^^^^^^^^^^^^^^^^^^^^^^
UnicodeEncodeError: 'charmap' codec can't encode character '\u2713' in position 0: character maps to <undefined>

[2026-02-19 23:10:39] [INFO] [filter.all] Filter complete: 0 succeeded, 3 failed
[2026-02-19 23:11:27] [INFO] [filter.all] ============================================================
[2026-02-19 23:11:27] [INFO] [filter.all] FILTER ALL DATA
[2026-02-19 23:11:27] [INFO] [filter.all] ============================================================
[2026-02-19 23:11:27] [INFO] [filter.all] Running filter_florida_storms_60nm.py ...
[2026-02-19 23:11:27] [ERROR] [filter.all]   FAILED: filter_florida_storms_60nm.py
Traceback (most recent call last):
  File "D:\Users\Logan\Documents\GitHub\qm2023-capstone-1st-row-team\code\filter\filter_florida_storms_60nm.py", line 17, in <module>
    from config_paths import RAW_DATA_DIR, PROCESSED_DATA_DIR
  File "D:\Users\Logan\Documents\GitHub\qm2023-capstone-1st-row-team\code\config_paths.py", line 106, in <module>
    ensure_directories()
    ~~~~~~~~~~~~~~~~~~^^
  File "D:\Users\Logan\Documents\GitHub\qm2023-capstone-1st-row-team\code\config_paths.py", line 103, in ensure_directories
    print(f"\u2713 Project structure verified at: {PROJECT_ROOT}")
    ~~~~~^^^^^^^^^^^^^^^^^^^^^^^^^^^^^^^^^^^^^^^^^^^^^^^^^^^^^^^^^
  File "C:\Program Files\WindowsApps\PythonSoftwareFoundation.Python.3.13_3.13.3312.0_x64__qbz5n2kfra8p0\Lib\encodings\cp1252.py", line 19, in encode
    return codecs.charmap_encode(input,self.errors,encoding_table)[0]
           ~~~~~~~~~~~~~~~~~~~~~^^^^^^^^^^^^^^^^^^^^^^^^^^^^^^^^^^
UnicodeEncodeError: 'charmap' codec can't encode character '\u2713' in position 0: character maps to <undefined>

[2026-02-19 23:11:27] [INFO] [filter.all] Running filter_florida_landfall_hurricanes.py ...
[2026-02-19 23:11:28] [ERROR] [filter.all]   FAILED: filter_florida_landfall_hurricanes.py
Traceback (most recent call last):
  File "D:\Users\Logan\Documents\GitHub\qm2023-capstone-1st-row-team\code\filter\filter_florida_landfall_hurricanes.py", line 23, in <module>
    from config_paths import PROCESSED_DATA_DIR
  File "D:\Users\Logan\Documents\GitHub\qm2023-capstone-1st-row-team\code\config_paths.py", line 106, in <module>
    ensure_directories()
    ~~~~~~~~~~~~~~~~~~^^
  File "D:\Users\Logan\Documents\GitHub\qm2023-capstone-1st-row-team\code\config_paths.py", line 103, in ensure_directories
    print(f"\u2713 Project structure verified at: {PROJECT_ROOT}")
    ~~~~~^^^^^^^^^^^^^^^^^^^^^^^^^^^^^^^^^^^^^^^^^^^^^^^^^^^^^^^^^
  File "C:\Program Files\WindowsApps\PythonSoftwareFoundation.Python.3.13_3.13.3312.0_x64__qbz5n2kfra8p0\Lib\encodings\cp1252.py", line 19, in encode
    return codecs.charmap_encode(input,self.errors,encoding_table)[0]
           ~~~~~~~~~~~~~~~~~~~~~^^^^^^^^^^^^^^^^^^^^^^^^^^^^^^^^^^
UnicodeEncodeError: 'charmap' codec can't encode character '\u2713' in position 0: character maps to <undefined>

[2026-02-19 23:11:28] [INFO] [filter.all] Running filter_zillow_florida_msa.py ...
[2026-02-19 23:11:28] [ERROR] [filter.all]   FAILED: filter_zillow_florida_msa.py
Traceback (most recent call last):
  File "D:\Users\Logan\Documents\GitHub\qm2023-capstone-1st-row-team\code\filter\filter_zillow_florida_msa.py", line 15, in <module>
    from config_paths import RAW_DATA_DIR, PROCESSED_DATA_DIR
  File "D:\Users\Logan\Documents\GitHub\qm2023-capstone-1st-row-team\code\config_paths.py", line 106, in <module>
    ensure_directories()
    ~~~~~~~~~~~~~~~~~~^^
  File "D:\Users\Logan\Documents\GitHub\qm2023-capstone-1st-row-team\code\config_paths.py", line 103, in ensure_directories
    print(f"\u2713 Project structure verified at: {PROJECT_ROOT}")
    ~~~~~^^^^^^^^^^^^^^^^^^^^^^^^^^^^^^^^^^^^^^^^^^^^^^^^^^^^^^^^^
  File "C:\Program Files\WindowsApps\PythonSoftwareFoundation.Python.3.13_3.13.3312.0_x64__qbz5n2kfra8p0\Lib\encodings\cp1252.py", line 19, in encode
    return codecs.charmap_encode(input,self.errors,encoding_table)[0]
           ~~~~~~~~~~~~~~~~~~~~~^^^^^^^^^^^^^^^^^^^^^^^^^^^^^^^^^^
UnicodeEncodeError: 'charmap' codec can't encode character '\u2713' in position 0: character maps to <undefined>

[2026-02-19 23:11:28] [INFO] [filter.all] Filter complete: 0 succeeded, 3 failed
[2026-02-19 23:21:16] [INFO] [filter.all] ============================================================
[2026-02-19 23:21:16] [INFO] [filter.all] FILTER ALL DATA
[2026-02-19 23:21:16] [INFO] [filter.all] ============================================================
[2026-02-19 23:21:16] [INFO] [filter.all] Running filter_florida_storms_60nm.py ...
[2026-02-19 23:21:16] [ERROR] [filter.all]   FAILED: filter_florida_storms_60nm.py
Traceback (most recent call last):
  File "D:\Users\Logan\Documents\GitHub\qm2023-capstone-1st-row-team\code\filter\filter_florida_storms_60nm.py", line 17, in <module>
    from config_paths import RAW_DATA_DIR, PROCESSED_DATA_DIR
  File "D:\Users\Logan\Documents\GitHub\qm2023-capstone-1st-row-team\code\config_paths.py", line 106, in <module>
    ensure_directories()
    ~~~~~~~~~~~~~~~~~~^^
  File "D:\Users\Logan\Documents\GitHub\qm2023-capstone-1st-row-team\code\config_paths.py", line 103, in ensure_directories
    print(f"\u2713 Project structure verified at: {PROJECT_ROOT}")
    ~~~~~^^^^^^^^^^^^^^^^^^^^^^^^^^^^^^^^^^^^^^^^^^^^^^^^^^^^^^^^^
  File "C:\Program Files\WindowsApps\PythonSoftwareFoundation.Python.3.13_3.13.3312.0_x64__qbz5n2kfra8p0\Lib\encodings\cp1252.py", line 19, in encode
    return codecs.charmap_encode(input,self.errors,encoding_table)[0]
           ~~~~~~~~~~~~~~~~~~~~~^^^^^^^^^^^^^^^^^^^^^^^^^^^^^^^^^^
UnicodeEncodeError: 'charmap' codec can't encode character '\u2713' in position 0: character maps to <undefined>

[2026-02-19 23:21:16] [INFO] [filter.all] Running filter_florida_landfall_hurricanes.py ...
[2026-02-19 23:21:17] [ERROR] [filter.all]   FAILED: filter_florida_landfall_hurricanes.py
Traceback (most recent call last):
  File "D:\Users\Logan\Documents\GitHub\qm2023-capstone-1st-row-team\code\filter\filter_florida_landfall_hurricanes.py", line 23, in <module>
    from config_paths import PROCESSED_DATA_DIR
  File "D:\Users\Logan\Documents\GitHub\qm2023-capstone-1st-row-team\code\config_paths.py", line 106, in <module>
    ensure_directories()
    ~~~~~~~~~~~~~~~~~~^^
  File "D:\Users\Logan\Documents\GitHub\qm2023-capstone-1st-row-team\code\config_paths.py", line 103, in ensure_directories
    print(f"\u2713 Project structure verified at: {PROJECT_ROOT}")
    ~~~~~^^^^^^^^^^^^^^^^^^^^^^^^^^^^^^^^^^^^^^^^^^^^^^^^^^^^^^^^^
  File "C:\Program Files\WindowsApps\PythonSoftwareFoundation.Python.3.13_3.13.3312.0_x64__qbz5n2kfra8p0\Lib\encodings\cp1252.py", line 19, in encode
    return codecs.charmap_encode(input,self.errors,encoding_table)[0]
           ~~~~~~~~~~~~~~~~~~~~~^^^^^^^^^^^^^^^^^^^^^^^^^^^^^^^^^^
UnicodeEncodeError: 'charmap' codec can't encode character '\u2713' in position 0: character maps to <undefined>

[2026-02-19 23:21:17] [INFO] [filter.all] Running filter_zillow_florida_msa.py ...
[2026-02-19 23:21:17] [ERROR] [filter.all]   FAILED: filter_zillow_florida_msa.py
Traceback (most recent call last):
  File "D:\Users\Logan\Documents\GitHub\qm2023-capstone-1st-row-team\code\filter\filter_zillow_florida_msa.py", line 15, in <module>
    from config_paths import RAW_DATA_DIR, PROCESSED_DATA_DIR
  File "D:\Users\Logan\Documents\GitHub\qm2023-capstone-1st-row-team\code\config_paths.py", line 106, in <module>
    ensure_directories()
    ~~~~~~~~~~~~~~~~~~^^
  File "D:\Users\Logan\Documents\GitHub\qm2023-capstone-1st-row-team\code\config_paths.py", line 103, in ensure_directories
    print(f"\u2713 Project structure verified at: {PROJECT_ROOT}")
    ~~~~~^^^^^^^^^^^^^^^^^^^^^^^^^^^^^^^^^^^^^^^^^^^^^^^^^^^^^^^^^
  File "C:\Program Files\WindowsApps\PythonSoftwareFoundation.Python.3.13_3.13.3312.0_x64__qbz5n2kfra8p0\Lib\encodings\cp1252.py", line 19, in encode
    return codecs.charmap_encode(input,self.errors,encoding_table)[0]
           ~~~~~~~~~~~~~~~~~~~~~^^^^^^^^^^^^^^^^^^^^^^^^^^^^^^^^^^
UnicodeEncodeError: 'charmap' codec can't encode character '\u2713' in position 0: character maps to <undefined>

[2026-02-19 23:21:17] [INFO] [filter.all] Filter complete: 0 succeeded, 3 failed
[2026-02-19 23:24:54] [INFO] [filter.all] ============================================================
[2026-02-19 23:24:54] [INFO] [filter.all] FILTER ALL DATA
[2026-02-19 23:24:54] [INFO] [filter.all] ============================================================
[2026-02-19 23:24:54] [INFO] [filter.all] Running filter_florida_storms_60nm.py ...
[2026-02-19 23:24:54] [ERROR] [filter.florida_storms_60nm] Input file not found: D:\Users\Logan\Documents\GitHub\qm2023-capstone-1st-row-team\data\raw\hurdat2_raw.txt. Run fetch_noaa_hurdat2.py first.
[2026-02-19 23:24:54] [ERROR] [filter.all]   FAILED: filter_florida_storms_60nm.py

[2026-02-19 23:24:54] [INFO] [filter.all] Running filter_florida_landfall_hurricanes.py ...
[2026-02-19 23:24:55] [INFO] [filter.florida_landfall] Using HURDAT2 file: https://www.nhc.noaa.gov/data/hurdat/hurdat2-1851-2024-040425.txt
[2026-02-19 23:24:56] [INFO] [filter.florida_landfall] Found 158 Florida landfall storm/year combinations
[2026-02-19 23:24:56] [INFO] [filter.florida_landfall] Wrote 22 Florida-landfall rows to D:\Users\Logan\Documents\GitHub\qm2023-capstone-1st-row-team\data\processed\hurricane_economic_impacts_1980_2024_florida_landfall.csv
[2026-02-19 23:24:56] [INFO] [filter.all]   OK: filter_florida_landfall_hurricanes.py
[2026-02-19 23:24:56] [INFO] [filter.all] Running filter_zillow_florida_msa.py ...
[2026-02-19 23:24:57] [INFO] [filter.zillow_florida_msa] Filtering Zillow CSVs to Florida MSAs...
[2026-02-19 23:24:57] [INFO] [filter.zillow_florida_msa]   Processing Metro_invt_fs_uc_sfrcondo_sm_month.csv ...
[2026-02-19 23:24:57] [INFO] [filter.zillow_florida_msa]     -> 29 Florida MSA rows -> florida_Metro_invt_fs_uc_sfrcondo_sm_month.csv
[2026-02-19 23:24:57] [INFO] [filter.zillow_florida_msa]   Processing Metro_market_temp_index_uc_sfrcondo_month.csv ...
[2026-02-19 23:24:57] [INFO] [filter.zillow_florida_msa]     -> 29 Florida MSA rows -> florida_Metro_market_temp_index_uc_sfrcondo_month.csv
[2026-02-19 23:24:57] [INFO] [filter.zillow_florida_msa]   Processing Metro_mean_doz_pending_uc_sfrcondo_sm_month.csv ...
[2026-02-19 23:24:57] [INFO] [filter.zillow_florida_msa]     -> 25 Florida MSA rows -> florida_Metro_mean_doz_pending_uc_sfrcondo_sm_month.csv
[2026-02-19 23:24:57] [INFO] [filter.zillow_florida_msa]   Processing Metro_new_con_sales_count_raw_uc_sfrcondo_month.csv ...
[2026-02-19 23:24:57] [INFO] [filter.zillow_florida_msa]     -> 26 Florida MSA rows -> florida_Metro_new_con_sales_count_raw_uc_sfrcondo_month.csv
[2026-02-19 23:24:57] [INFO] [filter.zillow_florida_msa]   Processing Metro_new_homeowner_income_needed_downpayment_0.20_uc_sfrcondo_tier_0.33_0.67_sm_sa_month.csv ...
[2026-02-19 23:24:57] [INFO] [filter.zillow_florida_msa]     -> 22 Florida MSA rows -> florida_Metro_new_homeowner_income_needed_downpayment_0.20_uc_sfrcondo_tier_0.33_0.67_sm_sa_month.csv
[2026-02-19 23:24:57] [INFO] [filter.zillow_florida_msa]   Processing Metro_sales_count_now_uc_sfrcondo_month.csv ...
[2026-02-19 23:24:57] [INFO] [filter.zillow_florida_msa]     -> 8 Florida MSA rows -> florida_Metro_sales_count_now_uc_sfrcondo_month.csv
[2026-02-19 23:24:57] [INFO] [filter.zillow_florida_msa]   Processing Metro_zhvf_growth_uc_sfrcondo_tier_0.33_0.67_sm_sa_month.csv ...
[2026-02-19 23:24:57] [INFO] [filter.zillow_florida_msa]     -> 29 Florida MSA rows -> florida_Metro_zhvf_growth_uc_sfrcondo_tier_0.33_0.67_sm_sa_month.csv
[2026-02-19 23:24:57] [INFO] [filter.zillow_florida_msa]   Processing Metro_zhvi_uc_sfrcondo_tier_0.33_0.67_sm_sa_month.csv ...
[2026-02-19 23:24:57] [INFO] [filter.zillow_florida_msa]     -> 29 Florida MSA rows -> florida_Metro_zhvi_uc_sfrcondo_tier_0.33_0.67_sm_sa_month.csv
[2026-02-19 23:24:57] [INFO] [filter.zillow_florida_msa]   Processing Metro_zori_uc_sfrcondomfr_sm_month.csv ...
[2026-02-19 23:24:57] [INFO] [filter.zillow_florida_msa]     -> 26 Florida MSA rows -> florida_Metro_zori_uc_sfrcondomfr_sm_month.csv
[2026-02-19 23:24:57] [INFO] [filter.zillow_florida_msa]   Processing National_zorf_growth_uc_sfr_sm_month.csv ...
[2026-02-19 23:24:57] [INFO] [filter.zillow_florida_msa]     -> No Florida MSA rows (file may be State/National level)
[2026-02-19 23:24:57] [INFO] [filter.zillow_florida_msa]   Processing State_zhvi_uc_sfrcondo_tier_0.33_0.67_sm_sa_month.csv ...
[2026-02-19 23:24:57] [INFO] [filter.zillow_florida_msa]     -> No Florida MSA rows (file may be State/National level)
[2026-02-19 23:24:57] [INFO] [filter.zillow_florida_msa] Done: 9 files with 223 total Florida rows
[2026-02-19 23:24:57] [INFO] [filter.all]   OK: filter_zillow_florida_msa.py
[2026-02-19 23:24:57] [INFO] [filter.all] Filter complete: 2 succeeded, 1 failed
[2026-02-19 23:36:25] [INFO] [filter.all] ============================================================
[2026-02-19 23:36:25] [INFO] [filter.all] FILTER ALL DATA
[2026-02-19 23:36:25] [INFO] [filter.all] ============================================================
[2026-02-19 23:36:25] [INFO] [filter.all] Running filter_florida_storms_60nm.py ...
[2026-02-19 23:36:25] [ERROR] [filter.florida_storms_60nm] Input file not found: D:\Users\Logan\Documents\GitHub\qm2023-capstone-1st-row-team\data\raw\hurdat2_raw.txt. Run fetch_noaa_hurdat2.py first.
[2026-02-19 23:36:25] [ERROR] [filter.all]   FAILED: filter_florida_storms_60nm.py

[2026-02-19 23:36:25] [INFO] [filter.all] Running filter_florida_landfall_hurricanes.py ...
[2026-02-19 23:36:26] [INFO] [filter.florida_landfall] Using HURDAT2 file: https://www.nhc.noaa.gov/data/hurdat/hurdat2-1851-2024-040425.txt
[2026-02-19 23:36:27] [INFO] [filter.florida_landfall] Found 158 Florida landfall storm/year combinations
[2026-02-19 23:36:27] [INFO] [filter.florida_landfall] Wrote 22 Florida-landfall rows to D:\Users\Logan\Documents\GitHub\qm2023-capstone-1st-row-team\data\processed\hurricane_economic_impacts_1980_2024_florida_landfall.csv
[2026-02-19 23:36:27] [INFO] [filter.all]   OK: filter_florida_landfall_hurricanes.py
[2026-02-19 23:36:27] [INFO] [filter.all] Running filter_zillow_florida_msa.py ...
[2026-02-19 23:36:27] [INFO] [filter.zillow_florida_msa] Filtering Zillow CSVs to Florida MSAs...
[2026-02-19 23:36:27] [INFO] [filter.zillow_florida_msa]   Processing Metro_invt_fs_uc_sfrcondo_sm_month.csv ...
[2026-02-19 23:36:27] [INFO] [filter.zillow_florida_msa]     -> 29 Florida MSA rows -> florida_Metro_invt_fs_uc_sfrcondo_sm_month.csv
[2026-02-19 23:36:27] [INFO] [filter.zillow_florida_msa]   Processing Metro_market_temp_index_uc_sfrcondo_month.csv ...
[2026-02-19 23:36:27] [INFO] [filter.zillow_florida_msa]     -> 29 Florida MSA rows -> florida_Metro_market_temp_index_uc_sfrcondo_month.csv
[2026-02-19 23:36:27] [INFO] [filter.zillow_florida_msa]   Processing Metro_mean_doz_pending_uc_sfrcondo_sm_month.csv ...
[2026-02-19 23:36:27] [INFO] [filter.zillow_florida_msa]     -> 25 Florida MSA rows -> florida_Metro_mean_doz_pending_uc_sfrcondo_sm_month.csv
[2026-02-19 23:36:27] [INFO] [filter.zillow_florida_msa]   Processing Metro_new_con_sales_count_raw_uc_sfrcondo_month.csv ...
[2026-02-19 23:36:27] [INFO] [filter.zillow_florida_msa]     -> 26 Florida MSA rows -> florida_Metro_new_con_sales_count_raw_uc_sfrcondo_month.csv
[2026-02-19 23:36:27] [INFO] [filter.zillow_florida_msa]   Processing Metro_new_homeowner_income_needed_downpayment_0.20_uc_sfrcondo_tier_0.33_0.67_sm_sa_month.csv ...
[2026-02-19 23:36:27] [INFO] [filter.zillow_florida_msa]     -> 22 Florida MSA rows -> florida_Metro_new_homeowner_income_needed_downpayment_0.20_uc_sfrcondo_tier_0.33_0.67_sm_sa_month.csv
[2026-02-19 23:36:27] [INFO] [filter.zillow_florida_msa]   Processing Metro_sales_count_now_uc_sfrcondo_month.csv ...
[2026-02-19 23:36:27] [INFO] [filter.zillow_florida_msa]     -> 8 Florida MSA rows -> florida_Metro_sales_count_now_uc_sfrcondo_month.csv
[2026-02-19 23:36:27] [INFO] [filter.zillow_florida_msa]   Processing Metro_zhvf_growth_uc_sfrcondo_tier_0.33_0.67_sm_sa_month.csv ...
[2026-02-19 23:36:27] [INFO] [filter.zillow_florida_msa]     -> 29 Florida MSA rows -> florida_Metro_zhvf_growth_uc_sfrcondo_tier_0.33_0.67_sm_sa_month.csv
[2026-02-19 23:36:27] [INFO] [filter.zillow_florida_msa]   Processing Metro_zhvi_uc_sfrcondo_tier_0.33_0.67_sm_sa_month.csv ...
[2026-02-19 23:36:27] [INFO] [filter.zillow_florida_msa]     -> 29 Florida MSA rows -> florida_Metro_zhvi_uc_sfrcondo_tier_0.33_0.67_sm_sa_month.csv
[2026-02-19 23:36:27] [INFO] [filter.zillow_florida_msa]   Processing Metro_zori_uc_sfrcondomfr_sm_month.csv ...
[2026-02-19 23:36:27] [INFO] [filter.zillow_florida_msa]     -> 26 Florida MSA rows -> florida_Metro_zori_uc_sfrcondomfr_sm_month.csv
[2026-02-19 23:36:27] [INFO] [filter.zillow_florida_msa]   Processing National_zorf_growth_uc_sfr_sm_month.csv ...
[2026-02-19 23:36:27] [INFO] [filter.zillow_florida_msa]     -> No Florida MSA rows (file may be State/National level)
[2026-02-19 23:36:27] [INFO] [filter.zillow_florida_msa]   Processing State_zhvi_uc_sfrcondo_tier_0.33_0.67_sm_sa_month.csv ...
[2026-02-19 23:36:27] [INFO] [filter.zillow_florida_msa]     -> No Florida MSA rows (file may be State/National level)
[2026-02-19 23:36:27] [INFO] [filter.zillow_florida_msa] Done: 9 files with 223 total Florida rows
[2026-02-19 23:36:27] [INFO] [filter.all]   OK: filter_zillow_florida_msa.py
[2026-02-19 23:36:27] [INFO] [filter.all] Filter complete: 2 succeeded, 1 failed
[2026-02-20 00:16:47] [INFO] [filter.all] ============================================================
[2026-02-20 00:16:47] [INFO] [filter.all] FILTER ALL DATA
[2026-02-20 00:16:47] [INFO] [filter.all] ============================================================
[2026-02-20 00:16:47] [INFO] [filter.all] Running filter_florida_storms_60nm.py ...
[2026-02-20 00:16:48] [ERROR] [filter.florida_storms_60nm] Input file not found: D:\Users\Logan\Documents\GitHub\qm2023-capstone-1st-row-team\data\raw\hurdat2_raw.txt. Run fetch_noaa_hurdat2.py first.
[2026-02-20 00:16:48] [ERROR] [filter.all]   FAILED: filter_florida_storms_60nm.py

[2026-02-20 00:16:48] [INFO] [filter.all] Running filter_florida_landfall_hurricanes.py ...
[2026-02-20 00:16:48] [INFO] [filter.florida_landfall] Using HURDAT2 file: https://www.nhc.noaa.gov/data/hurdat/hurdat2-1851-2024-040425.txt
[2026-02-20 00:16:49] [INFO] [filter.florida_landfall] Found 158 Florida landfall storm/year combinations
[2026-02-20 00:16:49] [INFO] [filter.florida_landfall] Wrote 22 Florida-landfall rows to D:\Users\Logan\Documents\GitHub\qm2023-capstone-1st-row-team\data\processed\hurricane_economic_impacts_1980_2024_florida_landfall.csv
[2026-02-20 00:16:49] [INFO] [filter.all]   OK: filter_florida_landfall_hurricanes.py
[2026-02-20 00:16:49] [INFO] [filter.all] Running filter_zillow_florida_msa.py ...
[2026-02-20 00:16:49] [INFO] [filter.zillow_florida_msa] Filtering Zillow CSVs to Florida MSAs...
[2026-02-20 00:16:49] [INFO] [filter.zillow_florida_msa]   Processing Metro_invt_fs_uc_sfrcondo_sm_month.csv ...
[2026-02-20 00:16:49] [INFO] [filter.zillow_florida_msa]     -> 29 Florida MSA rows -> florida_Metro_invt_fs_uc_sfrcondo_sm_month.csv
[2026-02-20 00:16:49] [INFO] [filter.zillow_florida_msa]   Processing Metro_market_temp_index_uc_sfrcondo_month.csv ...
[2026-02-20 00:16:49] [INFO] [filter.zillow_florida_msa]     -> 29 Florida MSA rows -> florida_Metro_market_temp_index_uc_sfrcondo_month.csv
[2026-02-20 00:16:49] [INFO] [filter.zillow_florida_msa]   Processing Metro_mean_doz_pending_uc_sfrcondo_sm_month.csv ...
[2026-02-20 00:16:49] [INFO] [filter.zillow_florida_msa]     -> 25 Florida MSA rows -> florida_Metro_mean_doz_pending_uc_sfrcondo_sm_month.csv
[2026-02-20 00:16:49] [INFO] [filter.zillow_florida_msa]   Processing Metro_new_con_sales_count_raw_uc_sfrcondo_month.csv ...
[2026-02-20 00:16:49] [INFO] [filter.zillow_florida_msa]     -> 26 Florida MSA rows -> florida_Metro_new_con_sales_count_raw_uc_sfrcondo_month.csv
[2026-02-20 00:16:49] [INFO] [filter.zillow_florida_msa]   Processing Metro_new_homeowner_income_needed_downpayment_0.20_uc_sfrcondo_tier_0.33_0.67_sm_sa_month.csv ...
[2026-02-20 00:16:49] [INFO] [filter.zillow_florida_msa]     -> 22 Florida MSA rows -> florida_Metro_new_homeowner_income_needed_downpayment_0.20_uc_sfrcondo_tier_0.33_0.67_sm_sa_month.csv
[2026-02-20 00:16:49] [INFO] [filter.zillow_florida_msa]   Processing Metro_sales_count_now_uc_sfrcondo_month.csv ...
[2026-02-20 00:16:49] [INFO] [filter.zillow_florida_msa]     -> 8 Florida MSA rows -> florida_Metro_sales_count_now_uc_sfrcondo_month.csv
[2026-02-20 00:16:49] [INFO] [filter.zillow_florida_msa]   Processing Metro_zhvf_growth_uc_sfrcondo_tier_0.33_0.67_sm_sa_month.csv ...
[2026-02-20 00:16:49] [INFO] [filter.zillow_florida_msa]     -> 29 Florida MSA rows -> florida_Metro_zhvf_growth_uc_sfrcondo_tier_0.33_0.67_sm_sa_month.csv
[2026-02-20 00:16:49] [INFO] [filter.zillow_florida_msa]   Processing Metro_zhvi_uc_sfrcondo_tier_0.33_0.67_sm_sa_month.csv ...
[2026-02-20 00:16:49] [INFO] [filter.zillow_florida_msa]     -> 29 Florida MSA rows -> florida_Metro_zhvi_uc_sfrcondo_tier_0.33_0.67_sm_sa_month.csv
[2026-02-20 00:16:49] [INFO] [filter.zillow_florida_msa]   Processing Metro_zori_uc_sfrcondomfr_sm_month.csv ...
[2026-02-20 00:16:49] [INFO] [filter.zillow_florida_msa]     -> 26 Florida MSA rows -> florida_Metro_zori_uc_sfrcondomfr_sm_month.csv
[2026-02-20 00:16:49] [INFO] [filter.zillow_florida_msa]   Processing National_zorf_growth_uc_sfr_sm_month.csv ...
[2026-02-20 00:16:49] [INFO] [filter.zillow_florida_msa]     -> No Florida MSA rows (file may be State/National level)
[2026-02-20 00:16:50] [INFO] [filter.zillow_florida_msa]   Processing State_zhvi_uc_sfrcondo_tier_0.33_0.67_sm_sa_month.csv ...
[2026-02-20 00:16:50] [INFO] [filter.zillow_florida_msa]     -> No Florida MSA rows (file may be State/National level)
[2026-02-20 00:16:50] [INFO] [filter.zillow_florida_msa] Done: 9 files with 223 total Florida rows
[2026-02-20 00:16:50] [INFO] [filter.all]   OK: filter_zillow_florida_msa.py
[2026-02-20 00:16:50] [INFO] [filter.all] Filter complete: 2 succeeded, 1 failed
[2026-02-20 00:31:35] [ERROR] [filter.florida_storms_60nm] Input file not found: D:\Users\Logan\Documents\GitHub\qm2023-capstone-1st-row-team\data\raw\hurdat2_raw.txt. Run fetch_noaa_hurdat2.py first.
[2026-02-20 00:31:36] [INFO] [filter.florida_landfall] Using HURDAT2 file: https://www.nhc.noaa.gov/data/hurdat/hurdat2-1851-2024-040425.txt
[2026-02-20 00:31:37] [INFO] [filter.florida_landfall] Found 158 Florida landfall storm/year combinations
[2026-02-20 00:31:37] [INFO] [filter.florida_landfall] Wrote 22 Florida-landfall rows to D:\Users\Logan\Documents\GitHub\qm2023-capstone-1st-row-team\data\processed\hurricane_economic_impacts_1980_2024_florida_landfall.csv
[2026-02-20 00:47:37] [ERROR] [filter.florida_storms_60nm] Input file not found: D:\Users\Logan\Documents\GitHub\qm2023-capstone-1st-row-team\data\raw\hurdat2_raw.txt. Run fetch_noaa_hurdat2.py first.
[2026-02-20 00:47:38] [INFO] [filter.florida_landfall] Using HURDAT2 file: https://www.nhc.noaa.gov/data/hurdat/hurdat2-1851-2024-040425.txt
[2026-02-20 00:47:39] [INFO] [filter.florida_landfall] Found 158 Florida landfall storm/year combinations
[2026-02-20 00:47:39] [INFO] [filter.florida_landfall] Wrote 22 Florida-landfall rows to D:\Users\Logan\Documents\GitHub\qm2023-capstone-1st-row-team\data\processed\hurricane_economic_impacts_1980_2024_florida_landfall.csv
[2026-02-20 02:19:29] [ERROR] [filter.florida_storms_60nm] Input file not found: D:\Users\Logan\Documents\GitHub\qm2023-capstone-1st-row-team\data\raw\hurdat2_raw.txt. Run fetch_noaa_hurdat2.py first.
[2026-02-20 02:19:29] [INFO] [filter.florida_landfall] Using HURDAT2 file: https://www.nhc.noaa.gov/data/hurdat/hurdat2-1851-2024-040425.txt
[2026-02-20 02:19:31] [INFO] [filter.florida_landfall] Found 158 Florida landfall storm/year combinations
[2026-02-20 02:19:31] [INFO] [filter.florida_landfall] Wrote 22 Florida-landfall rows to D:\Users\Logan\Documents\GitHub\qm2023-capstone-1st-row-team\data\processed\hurricane_economic_impacts_1980_2024_florida_landfall.csv
[2026-02-25 20:04:54] [ERROR] [filter.florida_storms_60nm] Input file not found: /workspaces/qm2023-capstone-1st-row-team/data/raw/hurdat2_raw.txt. Run fetch_noaa_hurdat2.py first.
[2026-02-25 20:04:54] [INFO] [filter.florida_landfall] Using HURDAT2 file: https://www.nhc.noaa.gov/data/hurdat/hurdat2-1851-2024-040425.txt
[2026-02-25 20:04:55] [INFO] [filter.florida_landfall] Found 158 Florida landfall storm/year combinations
[2026-02-25 20:04:55] [INFO] [filter.florida_landfall] Wrote 22 Florida-landfall rows to /workspaces/qm2023-capstone-1st-row-team/data/processed/hurricane_economic_impacts_1980_2024_florida_landfall.csv
[2026-02-25 20:39:37] [ERROR] [filter.florida_storms_60nm] Input file not found: /workspaces/qm2023-capstone-1st-row-team/data/raw/hurdat2_raw.txt. Run fetch_noaa_hurdat2.py first.
[2026-02-25 20:39:37] [INFO] [filter.florida_landfall] Using HURDAT2 file: https://www.nhc.noaa.gov/data/hurdat/hurdat2-1851-2024-040425.txt
[2026-02-25 20:39:38] [INFO] [filter.florida_landfall] Found 158 Florida landfall storm/year combinations
[2026-02-25 20:39:38] [INFO] [filter.florida_landfall] Wrote 22 Florida-landfall rows to /workspaces/qm2023-capstone-1st-row-team/data/processed/hurricane_economic_impacts_1980_2024_florida_landfall.csv
[2026-02-25 20:40:34] [ERROR] [filter.florida_storms_60nm] Input file not found: /workspaces/qm2023-capstone-1st-row-team/data/raw/hurdat2_raw.txt. Run fetch_noaa_hurdat2.py first.
[2026-02-25 20:40:34] [INFO] [filter.florida_landfall] Using HURDAT2 file: https://www.nhc.noaa.gov/data/hurdat/hurdat2-1851-2024-040425.txt
[2026-02-25 20:40:35] [INFO] [filter.florida_landfall] Found 158 Florida landfall storm/year combinations
[2026-02-25 20:40:35] [INFO] [filter.florida_landfall] Wrote 22 Florida-landfall rows to /workspaces/qm2023-capstone-1st-row-team/data/processed/hurricane_economic_impacts_1980_2024_florida_landfall.csv
